{"/workspaces/vamos/backend/src/controllers/AdminController.js": {"path":"/workspaces/vamos/backend/src/controllers/AdminController.js","statementMap":{"0":{"start":{"line":6,"column":16},"end":{"line":6,"column":44}},"1":{"start":{"line":7,"column":13},"end":{"line":7,"column":28}},"2":{"start":{"line":9,"column":16},"end":{"line":9,"column":69}},"3":{"start":{"line":11,"column":14},"end":{"line":11,"column":49}},"4":{"start":{"line":11,"column":20},"end":{"line":11,"column":49}},"5":{"start":{"line":12,"column":17},"end":{"line":19,"column":1}},"6":{"start":{"line":13,"column":2},"end":{"line":18,"column":5}},"7":{"start":{"line":14,"column":4},"end":{"line":17,"column":7}},"8":{"start":{"line":15,"column":6},"end":{"line":16,"column":24}},"9":{"start":{"line":15,"column":15},"end":{"line":15,"column":27}},"10":{"start":{"line":16,"column":11},"end":{"line":16,"column":24}},"11":{"start":{"line":21,"column":17},"end":{"line":28,"column":1}},"12":{"start":{"line":22,"column":2},"end":{"line":27,"column":5}},"13":{"start":{"line":23,"column":4},"end":{"line":26,"column":7}},"14":{"start":{"line":24,"column":6},"end":{"line":25,"column":31}},"15":{"start":{"line":24,"column":15},"end":{"line":24,"column":27}},"16":{"start":{"line":25,"column":11},"end":{"line":25,"column":31}},"17":{"start":{"line":35,"column":15},"end":{"line":35,"column":22}},"18":{"start":{"line":36,"column":4},"end":{"line":96,"column":5}},"19":{"start":{"line":37,"column":28},"end":{"line":37,"column":30}},"20":{"start":{"line":40,"column":28},"end":{"line":48,"column":8}},"21":{"start":{"line":49,"column":6},"end":{"line":49,"column":51}},"22":{"start":{"line":52,"column":28},"end":{"line":59,"column":8}},"23":{"start":{"line":60,"column":6},"end":{"line":60,"column":53}},"24":{"start":{"line":63,"column":25},"end":{"line":76,"column":8}},"25":{"start":{"line":77,"column":6},"end":{"line":77,"column":44}},"26":{"start":{"line":80,"column":32},"end":{"line":87,"column":8}},"27":{"start":{"line":88,"column":6},"end":{"line":88,"column":58}},"28":{"start":{"line":90,"column":6},"end":{"line":90,"column":17}},"29":{"start":{"line":91,"column":6},"end":{"line":91,"column":52}},"30":{"start":{"line":93,"column":6},"end":{"line":93,"column":56}},"31":{"start":{"line":94,"column":6},"end":{"line":94,"column":17}},"32":{"start":{"line":95,"column":6},"end":{"line":95,"column":53}},"33":{"start":{"line":103,"column":15},"end":{"line":103,"column":22}},"34":{"start":{"line":104,"column":4},"end":{"line":138,"column":5}},"35":{"start":{"line":105,"column":35},"end":{"line":105,"column":44}},"36":{"start":{"line":108,"column":6},"end":{"line":117,"column":7}},"37":{"start":{"line":109,"column":8},"end":{"line":109,"column":31}},"38":{"start":{"line":110,"column":8},"end":{"line":110,"column":47}},"39":{"start":{"line":111,"column":13},"end":{"line":117,"column":7}},"40":{"start":{"line":112,"column":8},"end":{"line":112,"column":45}},"41":{"start":{"line":113,"column":8},"end":{"line":113,"column":47}},"42":{"start":{"line":115,"column":8},"end":{"line":115,"column":44}},"43":{"start":{"line":116,"column":8},"end":{"line":116,"column":47}},"44":{"start":{"line":119,"column":20},"end":{"line":129,"column":7}},"45":{"start":{"line":131,"column":21},"end":{"line":131,"column":46}},"46":{"start":{"line":132,"column":6},"end":{"line":132,"column":17}},"47":{"start":{"line":133,"column":6},"end":{"line":133,"column":48}},"48":{"start":{"line":135,"column":6},"end":{"line":135,"column":65}},"49":{"start":{"line":136,"column":6},"end":{"line":136,"column":17}},"50":{"start":{"line":137,"column":6},"end":{"line":137,"column":53}},"51":{"start":{"line":145,"column":15},"end":{"line":145,"column":22}},"52":{"start":{"line":146,"column":4},"end":{"line":194,"column":5}},"53":{"start":{"line":147,"column":69},"end":{"line":147,"column":78}},"54":{"start":{"line":149,"column":18},"end":{"line":165,"column":7}},"55":{"start":{"line":167,"column":21},"end":{"line":167,"column":23}},"56":{"start":{"line":169,"column":6},"end":{"line":172,"column":7}},"57":{"start":{"line":170,"column":8},"end":{"line":170,"column":37}},"58":{"start":{"line":171,"column":8},"end":{"line":171,"column":28}},"59":{"start":{"line":174,"column":6},"end":{"line":177,"column":7}},"60":{"start":{"line":175,"column":8},"end":{"line":175,"column":36}},"61":{"start":{"line":176,"column":8},"end":{"line":176,"column":31}},"62":{"start":{"line":179,"column":6},"end":{"line":182,"column":7}},"63":{"start":{"line":180,"column":8},"end":{"line":180,"column":36}},"64":{"start":{"line":181,"column":8},"end":{"line":181,"column":29}},"65":{"start":{"line":184,"column":6},"end":{"line":184,"column":56}},"66":{"start":{"line":185,"column":6},"end":{"line":185,"column":33}},"67":{"start":{"line":187,"column":21},"end":{"line":187,"column":54}},"68":{"start":{"line":188,"column":6},"end":{"line":188,"column":17}},"69":{"start":{"line":189,"column":6},"end":{"line":189,"column":52}},"70":{"start":{"line":191,"column":6},"end":{"line":191,"column":68}},"71":{"start":{"line":192,"column":6},"end":{"line":192,"column":17}},"72":{"start":{"line":193,"column":6},"end":{"line":193,"column":53}},"73":{"start":{"line":201,"column":15},"end":{"line":201,"column":22}},"74":{"start":{"line":202,"column":4},"end":{"line":218,"column":5}},"75":{"start":{"line":203,"column":21},"end":{"line":210,"column":8}},"76":{"start":{"line":212,"column":6},"end":{"line":212,"column":17}},"77":{"start":{"line":213,"column":6},"end":{"line":213,"column":49}},"78":{"start":{"line":215,"column":6},"end":{"line":215,"column":71}},"79":{"start":{"line":216,"column":6},"end":{"line":216,"column":17}},"80":{"start":{"line":217,"column":6},"end":{"line":217,"column":53}},"81":{"start":{"line":225,"column":15},"end":{"line":225,"column":22}},"82":{"start":{"line":226,"column":4},"end":{"line":246,"column":5}},"83":{"start":{"line":227,"column":21},"end":{"line":238,"column":8}},"84":{"start":{"line":240,"column":6},"end":{"line":240,"column":17}},"85":{"start":{"line":241,"column":6},"end":{"line":241,"column":45}},"86":{"start":{"line":243,"column":6},"end":{"line":243,"column":70}},"87":{"start":{"line":244,"column":6},"end":{"line":244,"column":17}},"88":{"start":{"line":245,"column":6},"end":{"line":245,"column":53}},"89":{"start":{"line":253,"column":15},"end":{"line":253,"column":22}},"90":{"start":{"line":254,"column":4},"end":{"line":281,"column":5}},"91":{"start":{"line":255,"column":21},"end":{"line":273,"column":8}},"92":{"start":{"line":275,"column":6},"end":{"line":275,"column":17}},"93":{"start":{"line":276,"column":6},"end":{"line":276,"column":52}},"94":{"start":{"line":278,"column":6},"end":{"line":278,"column":68}},"95":{"start":{"line":279,"column":6},"end":{"line":279,"column":17}},"96":{"start":{"line":280,"column":6},"end":{"line":280,"column":53}},"97":{"start":{"line":288,"column":15},"end":{"line":288,"column":22}},"98":{"start":{"line":289,"column":4},"end":{"line":323,"column":5}},"99":{"start":{"line":290,"column":26},"end":{"line":290,"column":36}},"100":{"start":{"line":292,"column":18},"end":{"line":306,"column":7}},"101":{"start":{"line":308,"column":19},"end":{"line":308,"column":21}},"102":{"start":{"line":309,"column":6},"end":{"line":312,"column":7}},"103":{"start":{"line":310,"column":8},"end":{"line":310,"column":39}},"104":{"start":{"line":311,"column":8},"end":{"line":311,"column":29}},"105":{"start":{"line":314,"column":6},"end":{"line":314,"column":39}},"106":{"start":{"line":316,"column":21},"end":{"line":316,"column":54}},"107":{"start":{"line":317,"column":6},"end":{"line":317,"column":17}},"108":{"start":{"line":318,"column":6},"end":{"line":318,"column":52}},"109":{"start":{"line":320,"column":6},"end":{"line":320,"column":68}},"110":{"start":{"line":321,"column":6},"end":{"line":321,"column":17}},"111":{"start":{"line":322,"column":6},"end":{"line":322,"column":53}},"112":{"start":{"line":327,"column":0},"end":{"line":327,"column":39}}},"fnMap":{"0":{"name":"(anonymous_0)","decl":{"start":{"line":11,"column":14},"end":{"line":11,"column":15}},"loc":{"start":{"line":11,"column":20},"end":{"line":11,"column":49}},"line":11},"1":{"name":"(anonymous_1)","decl":{"start":{"line":12,"column":17},"end":{"line":12,"column":18}},"loc":{"start":{"line":12,"column":43},"end":{"line":19,"column":1}},"line":12},"2":{"name":"(anonymous_2)","decl":{"start":{"line":13,"column":21},"end":{"line":13,"column":22}},"loc":{"start":{"line":13,"column":42},"end":{"line":18,"column":3}},"line":13},"3":{"name":"(anonymous_3)","decl":{"start":{"line":14,"column":24},"end":{"line":14,"column":25}},"loc":{"start":{"line":14,"column":38},"end":{"line":17,"column":5}},"line":14},"4":{"name":"(anonymous_4)","decl":{"start":{"line":21,"column":17},"end":{"line":21,"column":18}},"loc":{"start":{"line":21,"column":43},"end":{"line":28,"column":1}},"line":21},"5":{"name":"(anonymous_5)","decl":{"start":{"line":22,"column":21},"end":{"line":22,"column":22}},"loc":{"start":{"line":22,"column":42},"end":{"line":27,"column":3}},"line":22},"6":{"name":"(anonymous_6)","decl":{"start":{"line":23,"column":24},"end":{"line":23,"column":25}},"loc":{"start":{"line":23,"column":39},"end":{"line":26,"column":5}},"line":23},"7":{"name":"(anonymous_7)","decl":{"start":{"line":34,"column":2},"end":{"line":34,"column":3}},"loc":{"start":{"line":34,"column":31},"end":{"line":97,"column":3}},"line":34},"8":{"name":"(anonymous_8)","decl":{"start":{"line":102,"column":2},"end":{"line":102,"column":3}},"loc":{"start":{"line":102,"column":34},"end":{"line":139,"column":3}},"line":102},"9":{"name":"(anonymous_9)","decl":{"start":{"line":144,"column":2},"end":{"line":144,"column":3}},"loc":{"start":{"line":144,"column":34},"end":{"line":195,"column":3}},"line":144},"10":{"name":"(anonymous_10)","decl":{"start":{"line":200,"column":2},"end":{"line":200,"column":3}},"loc":{"start":{"line":200,"column":32},"end":{"line":219,"column":3}},"line":200},"11":{"name":"(anonymous_11)","decl":{"start":{"line":224,"column":2},"end":{"line":224,"column":3}},"loc":{"start":{"line":224,"column":34},"end":{"line":247,"column":3}},"line":224},"12":{"name":"(anonymous_12)","decl":{"start":{"line":252,"column":2},"end":{"line":252,"column":3}},"loc":{"start":{"line":252,"column":38},"end":{"line":282,"column":3}},"line":252},"13":{"name":"(anonymous_13)","decl":{"start":{"line":287,"column":2},"end":{"line":287,"column":3}},"loc":{"start":{"line":287,"column":35},"end":{"line":324,"column":3}},"line":287}},"branchMap":{"0":{"loc":{"start":{"line":12,"column":27},"end":{"line":12,"column":38}},"type":"default-arg","locations":[{"start":{"line":12,"column":36},"end":{"line":12,"column":38}}],"line":12},"1":{"loc":{"start":{"line":15,"column":6},"end":{"line":16,"column":24}},"type":"if","locations":[{"start":{"line":15,"column":6},"end":{"line":16,"column":24}},{"start":{"line":16,"column":11},"end":{"line":16,"column":24}}],"line":15},"2":{"loc":{"start":{"line":21,"column":27},"end":{"line":21,"column":38}},"type":"default-arg","locations":[{"start":{"line":21,"column":36},"end":{"line":21,"column":38}}],"line":21},"3":{"loc":{"start":{"line":24,"column":6},"end":{"line":25,"column":31}},"type":"if","locations":[{"start":{"line":24,"column":6},"end":{"line":25,"column":31}},{"start":{"line":25,"column":11},"end":{"line":25,"column":31}}],"line":24},"4":{"loc":{"start":{"line":25,"column":19},"end":{"line":25,"column":29}},"type":"binary-expr","locations":[{"start":{"line":25,"column":19},"end":{"line":25,"column":23}},{"start":{"line":25,"column":27},"end":{"line":25,"column":29}}],"line":25},"5":{"loc":{"start":{"line":105,"column":14},"end":{"line":105,"column":30}},"type":"default-arg","locations":[{"start":{"line":105,"column":23},"end":{"line":105,"column":30}}],"line":105},"6":{"loc":{"start":{"line":108,"column":6},"end":{"line":117,"column":7}},"type":"if","locations":[{"start":{"line":108,"column":6},"end":{"line":117,"column":7}},{"start":{"line":111,"column":13},"end":{"line":117,"column":7}}],"line":108},"7":{"loc":{"start":{"line":111,"column":13},"end":{"line":117,"column":7}},"type":"if","locations":[{"start":{"line":111,"column":13},"end":{"line":117,"column":7}},{"start":{"line":114,"column":13},"end":{"line":117,"column":7}}],"line":111},"8":{"loc":{"start":{"line":147,"column":42},"end":{"line":147,"column":52}},"type":"default-arg","locations":[{"start":{"line":147,"column":50},"end":{"line":147,"column":52}}],"line":147},"9":{"loc":{"start":{"line":147,"column":54},"end":{"line":147,"column":64}},"type":"default-arg","locations":[{"start":{"line":147,"column":63},"end":{"line":147,"column":64}}],"line":147},"10":{"loc":{"start":{"line":169,"column":6},"end":{"line":172,"column":7}},"type":"if","locations":[{"start":{"line":169,"column":6},"end":{"line":172,"column":7}},{"start":{},"end":{}}],"line":169},"11":{"loc":{"start":{"line":174,"column":6},"end":{"line":177,"column":7}},"type":"if","locations":[{"start":{"line":174,"column":6},"end":{"line":177,"column":7}},{"start":{},"end":{}}],"line":174},"12":{"loc":{"start":{"line":179,"column":6},"end":{"line":182,"column":7}},"type":"if","locations":[{"start":{"line":179,"column":6},"end":{"line":182,"column":7}},{"start":{},"end":{}}],"line":179},"13":{"loc":{"start":{"line":309,"column":6},"end":{"line":312,"column":7}},"type":"if","locations":[{"start":{"line":309,"column":6},"end":{"line":312,"column":7}},{"start":{},"end":{}}],"line":309}},"s":{"0":1,"1":1,"2":1,"3":1,"4":0,"5":1,"6":0,"7":0,"8":0,"9":0,"10":0,"11":1,"12":0,"13":0,"14":0,"15":0,"16":0,"17":0,"18":0,"19":0,"20":0,"21":0,"22":0,"23":0,"24":0,"25":0,"26":0,"27":0,"28":0,"29":0,"30":0,"31":0,"32":0,"33":0,"34":0,"35":0,"36":0,"37":0,"38":0,"39":0,"40":0,"41":0,"42":0,"43":0,"44":0,"45":0,"46":0,"47":0,"48":0,"49":0,"50":0,"51":0,"52":0,"53":0,"54":0,"55":0,"56":0,"57":0,"58":0,"59":0,"60":0,"61":0,"62":0,"63":0,"64":0,"65":0,"66":0,"67":0,"68":0,"69":0,"70":0,"71":0,"72":0,"73":0,"74":0,"75":0,"76":0,"77":0,"78":0,"79":0,"80":0,"81":0,"82":0,"83":0,"84":0,"85":0,"86":0,"87":0,"88":0,"89":0,"90":0,"91":0,"92":0,"93":0,"94":0,"95":0,"96":0,"97":0,"98":0,"99":0,"100":0,"101":0,"102":0,"103":0,"104":0,"105":0,"106":0,"107":0,"108":0,"109":0,"110":0,"111":0,"112":1},"f":{"0":0,"1":0,"2":0,"3":0,"4":0,"5":0,"6":0,"7":0,"8":0,"9":0,"10":0,"11":0,"12":0,"13":0},"b":{"0":[0],"1":[0,0],"2":[0],"3":[0,0],"4":[0,0],"5":[0],"6":[0,0],"7":[0,0],"8":[0],"9":[0],"10":[0,0],"11":[0,0],"12":[0,0],"13":[0,0]},"_coverageSchema":"1a1c01bbd47fc00a2c39e90264f33305004495a9","hash":"4811e04090175efda643d58ced3cde814e4dc211"}
,"/workspaces/vamos/backend/src/controllers/AuthController.js": {"path":"/workspaces/vamos/backend/src/controllers/AuthController.js","statementMap":{"0":{"start":{"line":5,"column":12},"end":{"line":5,"column":35}},"1":{"start":{"line":6,"column":15},"end":{"line":6,"column":32}},"2":{"start":{"line":7,"column":11},"end":{"line":7,"column":27}},"3":{"start":{"line":8,"column":15},"end":{"line":8,"column":41}},"4":{"start":{"line":11,"column":19},"end":{"line":11,"column":94}},"5":{"start":{"line":12,"column":27},"end":{"line":12,"column":111}},"6":{"start":{"line":14,"column":0},"end":{"line":17,"column":1}},"7":{"start":{"line":15,"column":2},"end":{"line":15,"column":58}},"8":{"start":{"line":16,"column":2},"end":{"line":16,"column":18}},"9":{"start":{"line":24,"column":4},"end":{"line":163,"column":5}},"10":{"start":{"line":46,"column":10},"end":{"line":46,"column":18}},"11":{"start":{"line":49,"column":6},"end":{"line":53,"column":7}},"12":{"start":{"line":50,"column":8},"end":{"line":52,"column":11}},"13":{"start":{"line":56,"column":25},"end":{"line":56,"column":53}},"14":{"start":{"line":57,"column":6},"end":{"line":61,"column":7}},"15":{"start":{"line":58,"column":8},"end":{"line":60,"column":11}},"16":{"start":{"line":64,"column":25},"end":{"line":64,"column":43}},"17":{"start":{"line":65,"column":6},"end":{"line":69,"column":7}},"18":{"start":{"line":66,"column":8},"end":{"line":68,"column":11}},"19":{"start":{"line":72,"column":6},"end":{"line":76,"column":7}},"20":{"start":{"line":73,"column":8},"end":{"line":75,"column":11}},"21":{"start":{"line":79,"column":27},"end":{"line":82,"column":7}},"22":{"start":{"line":84,"column":6},"end":{"line":88,"column":7}},"23":{"start":{"line":85,"column":8},"end":{"line":87,"column":11}},"24":{"start":{"line":91,"column":29},"end":{"line":91,"column":60}},"25":{"start":{"line":94,"column":6},"end":{"line":106,"column":7}},"26":{"start":{"line":95,"column":8},"end":{"line":99,"column":9}},"27":{"start":{"line":96,"column":10},"end":{"line":98,"column":13}},"28":{"start":{"line":101,"column":8},"end":{"line":105,"column":9}},"29":{"start":{"line":102,"column":10},"end":{"line":104,"column":13}},"30":{"start":{"line":109,"column":21},"end":{"line":120,"column":7}},"31":{"start":{"line":122,"column":21},"end":{"line":122,"column":34}},"32":{"start":{"line":125,"column":26},"end":{"line":134,"column":7}},"33":{"start":{"line":136,"column":27},"end":{"line":140,"column":7}},"34":{"start":{"line":142,"column":6},"end":{"line":156,"column":9}},"35":{"start":{"line":159,"column":6},"end":{"line":159,"column":48}},"36":{"start":{"line":160,"column":6},"end":{"line":162,"column":9}},"37":{"start":{"line":170,"column":4},"end":{"line":244,"column":5}},"38":{"start":{"line":171,"column":34},"end":{"line":171,"column":42}},"39":{"start":{"line":173,"column":6},"end":{"line":177,"column":7}},"40":{"start":{"line":174,"column":8},"end":{"line":176,"column":11}},"41":{"start":{"line":180,"column":19},"end":{"line":183,"column":7}},"42":{"start":{"line":185,"column":6},"end":{"line":189,"column":7}},"43":{"start":{"line":186,"column":8},"end":{"line":188,"column":11}},"44":{"start":{"line":191,"column":6},"end":{"line":195,"column":7}},"45":{"start":{"line":192,"column":8},"end":{"line":194,"column":11}},"46":{"start":{"line":198,"column":28},"end":{"line":198,"column":73}},"47":{"start":{"line":199,"column":6},"end":{"line":203,"column":7}},"48":{"start":{"line":200,"column":8},"end":{"line":202,"column":11}},"49":{"start":{"line":206,"column":26},"end":{"line":215,"column":7}},"50":{"start":{"line":217,"column":27},"end":{"line":221,"column":7}},"51":{"start":{"line":223,"column":6},"end":{"line":237,"column":9}},"52":{"start":{"line":240,"column":6},"end":{"line":240,"column":45}},"53":{"start":{"line":241,"column":6},"end":{"line":243,"column":9}},"54":{"start":{"line":251,"column":4},"end":{"line":307,"column":5}},"55":{"start":{"line":252,"column":21},"end":{"line":252,"column":32}},"56":{"start":{"line":253,"column":22},"end":{"line":253,"column":30}},"57":{"start":{"line":256,"column":28},"end":{"line":261,"column":7}},"58":{"start":{"line":264,"column":24},"end":{"line":267,"column":19}},"59":{"start":{"line":265,"column":23},"end":{"line":265,"column":50}},"60":{"start":{"line":266,"column":20},"end":{"line":266,"column":32}},"61":{"start":{"line":269,"column":6},"end":{"line":273,"column":7}},"62":{"start":{"line":270,"column":8},"end":{"line":272,"column":11}},"63":{"start":{"line":275,"column":21},"end":{"line":277,"column":33}},"64":{"start":{"line":276,"column":23},"end":{"line":276,"column":50}},"65":{"start":{"line":277,"column":20},"end":{"line":277,"column":32}},"66":{"start":{"line":279,"column":6},"end":{"line":283,"column":8}},"67":{"start":{"line":285,"column":19},"end":{"line":285,"column":75}},"68":{"start":{"line":287,"column":6},"end":{"line":300,"column":9}},"69":{"start":{"line":303,"column":6},"end":{"line":303,"column":56}},"70":{"start":{"line":304,"column":6},"end":{"line":306,"column":9}},"71":{"start":{"line":316,"column":4},"end":{"line":319,"column":7}},"72":{"start":{"line":326,"column":4},"end":{"line":369,"column":5}},"73":{"start":{"line":327,"column":31},"end":{"line":327,"column":39}},"74":{"start":{"line":329,"column":6},"end":{"line":333,"column":7}},"75":{"start":{"line":330,"column":8},"end":{"line":332,"column":11}},"76":{"start":{"line":335,"column":22},"end":{"line":338,"column":7}},"77":{"start":{"line":340,"column":19},"end":{"line":340,"column":79}},"78":{"start":{"line":342,"column":6},"end":{"line":346,"column":7}},"79":{"start":{"line":343,"column":8},"end":{"line":345,"column":11}},"80":{"start":{"line":348,"column":29},"end":{"line":357,"column":7}},"81":{"start":{"line":359,"column":6},"end":{"line":362,"column":9}},"82":{"start":{"line":365,"column":6},"end":{"line":365,"column":53}},"83":{"start":{"line":366,"column":6},"end":{"line":368,"column":9}},"84":{"start":{"line":373,"column":0},"end":{"line":373,"column":32}}},"fnMap":{"0":{"name":"(anonymous_0)","decl":{"start":{"line":23,"column":2},"end":{"line":23,"column":3}},"loc":{"start":{"line":23,"column":34},"end":{"line":164,"column":3}},"line":23},"1":{"name":"(anonymous_1)","decl":{"start":{"line":169,"column":2},"end":{"line":169,"column":3}},"loc":{"start":{"line":169,"column":31},"end":{"line":245,"column":3}},"line":169},"2":{"name":"(anonymous_2)","decl":{"start":{"line":250,"column":2},"end":{"line":250,"column":3}},"loc":{"start":{"line":250,"column":39},"end":{"line":308,"column":3}},"line":250},"3":{"name":"(anonymous_3)","decl":{"start":{"line":265,"column":16},"end":{"line":265,"column":17}},"loc":{"start":{"line":265,"column":23},"end":{"line":265,"column":50}},"line":265},"4":{"name":"(anonymous_4)","decl":{"start":{"line":266,"column":13},"end":{"line":266,"column":14}},"loc":{"start":{"line":266,"column":20},"end":{"line":266,"column":32}},"line":266},"5":{"name":"(anonymous_5)","decl":{"start":{"line":276,"column":16},"end":{"line":276,"column":17}},"loc":{"start":{"line":276,"column":23},"end":{"line":276,"column":50}},"line":276},"6":{"name":"(anonymous_6)","decl":{"start":{"line":277,"column":13},"end":{"line":277,"column":14}},"loc":{"start":{"line":277,"column":20},"end":{"line":277,"column":32}},"line":277},"7":{"name":"(anonymous_7)","decl":{"start":{"line":313,"column":2},"end":{"line":313,"column":3}},"loc":{"start":{"line":313,"column":32},"end":{"line":320,"column":3}},"line":313},"8":{"name":"(anonymous_8)","decl":{"start":{"line":325,"column":2},"end":{"line":325,"column":3}},"loc":{"start":{"line":325,"column":38},"end":{"line":370,"column":3}},"line":325}},"branchMap":{"0":{"loc":{"start":{"line":11,"column":19},"end":{"line":11,"column":94}},"type":"binary-expr","locations":[{"start":{"line":11,"column":19},"end":{"line":11,"column":41}},{"start":{"line":11,"column":45},"end":{"line":11,"column":94}}],"line":11},"1":{"loc":{"start":{"line":12,"column":27},"end":{"line":12,"column":111}},"type":"binary-expr","locations":[{"start":{"line":12,"column":27},"end":{"line":12,"column":57}},{"start":{"line":12,"column":61},"end":{"line":12,"column":111}}],"line":12},"2":{"loc":{"start":{"line":14,"column":0},"end":{"line":17,"column":1}},"type":"if","locations":[{"start":{"line":14,"column":0},"end":{"line":17,"column":1}},{"start":{},"end":{}}],"line":14},"3":{"loc":{"start":{"line":14,"column":4},"end":{"line":14,"column":105}},"type":"binary-expr","locations":[{"start":{"line":14,"column":4},"end":{"line":14,"column":41}},{"start":{"line":14,"column":46},"end":{"line":14,"column":69}},{"start":{"line":14,"column":73},"end":{"line":14,"column":104}}],"line":14},"4":{"loc":{"start":{"line":31,"column":8},"end":{"line":31,"column":23}},"type":"default-arg","locations":[{"start":{"line":31,"column":15},"end":{"line":31,"column":23}}],"line":31},"5":{"loc":{"start":{"line":49,"column":6},"end":{"line":53,"column":7}},"type":"if","locations":[{"start":{"line":49,"column":6},"end":{"line":53,"column":7}},{"start":{},"end":{}}],"line":49},"6":{"loc":{"start":{"line":49,"column":10},"end":{"line":49,"column":48}},"type":"binary-expr","locations":[{"start":{"line":49,"column":10},"end":{"line":49,"column":16}},{"start":{"line":49,"column":20},"end":{"line":49,"column":29}},{"start":{"line":49,"column":33},"end":{"line":49,"column":38}},{"start":{"line":49,"column":42},"end":{"line":49,"column":48}}],"line":49},"7":{"loc":{"start":{"line":57,"column":6},"end":{"line":61,"column":7}},"type":"if","locations":[{"start":{"line":57,"column":6},"end":{"line":61,"column":7}},{"start":{},"end":{}}],"line":57},"8":{"loc":{"start":{"line":65,"column":6},"end":{"line":69,"column":7}},"type":"if","locations":[{"start":{"line":65,"column":6},"end":{"line":69,"column":7}},{"start":{},"end":{}}],"line":65},"9":{"loc":{"start":{"line":72,"column":6},"end":{"line":76,"column":7}},"type":"if","locations":[{"start":{"line":72,"column":6},"end":{"line":76,"column":7}},{"start":{},"end":{}}],"line":72},"10":{"loc":{"start":{"line":72,"column":10},"end":{"line":72,"column":61}},"type":"binary-expr","locations":[{"start":{"line":72,"column":10},"end":{"line":72,"column":18}},{"start":{"line":72,"column":22},"end":{"line":72,"column":61}}],"line":72},"11":{"loc":{"start":{"line":84,"column":6},"end":{"line":88,"column":7}},"type":"if","locations":[{"start":{"line":84,"column":6},"end":{"line":88,"column":7}},{"start":{},"end":{}}],"line":84},"12":{"loc":{"start":{"line":94,"column":6},"end":{"line":106,"column":7}},"type":"if","locations":[{"start":{"line":94,"column":6},"end":{"line":106,"column":7}},{"start":{},"end":{}}],"line":94},"13":{"loc":{"start":{"line":95,"column":8},"end":{"line":99,"column":9}},"type":"if","locations":[{"start":{"line":95,"column":8},"end":{"line":99,"column":9}},{"start":{},"end":{}}],"line":95},"14":{"loc":{"start":{"line":95,"column":12},"end":{"line":95,"column":42}},"type":"binary-expr","locations":[{"start":{"line":95,"column":12},"end":{"line":95,"column":25}},{"start":{"line":95,"column":29},"end":{"line":95,"column":42}}],"line":95},"15":{"loc":{"start":{"line":101,"column":8},"end":{"line":105,"column":9}},"type":"if","locations":[{"start":{"line":101,"column":8},"end":{"line":105,"column":9}},{"start":{},"end":{}}],"line":101},"16":{"loc":{"start":{"line":101,"column":12},"end":{"line":101,"column":42}},"type":"binary-expr","locations":[{"start":{"line":101,"column":12},"end":{"line":101,"column":25}},{"start":{"line":101,"column":29},"end":{"line":101,"column":42}}],"line":101},"17":{"loc":{"start":{"line":173,"column":6},"end":{"line":177,"column":7}},"type":"if","locations":[{"start":{"line":173,"column":6},"end":{"line":177,"column":7}},{"start":{},"end":{}}],"line":173},"18":{"loc":{"start":{"line":173,"column":10},"end":{"line":173,"column":29}},"type":"binary-expr","locations":[{"start":{"line":173,"column":10},"end":{"line":173,"column":16}},{"start":{"line":173,"column":20},"end":{"line":173,"column":29}}],"line":173},"19":{"loc":{"start":{"line":185,"column":6},"end":{"line":189,"column":7}},"type":"if","locations":[{"start":{"line":185,"column":6},"end":{"line":189,"column":7}},{"start":{},"end":{}}],"line":185},"20":{"loc":{"start":{"line":191,"column":6},"end":{"line":195,"column":7}},"type":"if","locations":[{"start":{"line":191,"column":6},"end":{"line":195,"column":7}},{"start":{},"end":{}}],"line":191},"21":{"loc":{"start":{"line":199,"column":6},"end":{"line":203,"column":7}},"type":"if","locations":[{"start":{"line":199,"column":6},"end":{"line":203,"column":7}},{"start":{},"end":{}}],"line":199},"22":{"loc":{"start":{"line":269,"column":6},"end":{"line":273,"column":7}},"type":"if","locations":[{"start":{"line":269,"column":6},"end":{"line":273,"column":7}},{"start":{},"end":{}}],"line":269},"23":{"loc":{"start":{"line":329,"column":6},"end":{"line":333,"column":7}},"type":"if","locations":[{"start":{"line":329,"column":6},"end":{"line":333,"column":7}},{"start":{},"end":{}}],"line":329},"24":{"loc":{"start":{"line":342,"column":6},"end":{"line":346,"column":7}},"type":"if","locations":[{"start":{"line":342,"column":6},"end":{"line":346,"column":7}},{"start":{},"end":{}}],"line":342}},"s":{"0":0,"1":0,"2":0,"3":0,"4":0,"5":0,"6":0,"7":0,"8":0,"9":0,"10":0,"11":0,"12":0,"13":0,"14":0,"15":0,"16":0,"17":0,"18":0,"19":0,"20":0,"21":0,"22":0,"23":0,"24":0,"25":0,"26":0,"27":0,"28":0,"29":0,"30":0,"31":0,"32":0,"33":0,"34":0,"35":0,"36":0,"37":0,"38":0,"39":0,"40":0,"41":0,"42":0,"43":0,"44":0,"45":0,"46":0,"47":0,"48":0,"49":0,"50":0,"51":0,"52":0,"53":0,"54":0,"55":0,"56":0,"57":0,"58":0,"59":0,"60":0,"61":0,"62":0,"63":0,"64":0,"65":0,"66":0,"67":0,"68":0,"69":0,"70":0,"71":0,"72":0,"73":0,"74":0,"75":0,"76":0,"77":0,"78":0,"79":0,"80":0,"81":0,"82":0,"83":0,"84":0},"f":{"0":0,"1":0,"2":0,"3":0,"4":0,"5":0,"6":0,"7":0,"8":0},"b":{"0":[0,0],"1":[0,0],"2":[0,0],"3":[0,0,0],"4":[0],"5":[0,0],"6":[0,0,0,0],"7":[0,0],"8":[0,0],"9":[0,0],"10":[0,0],"11":[0,0],"12":[0,0],"13":[0,0],"14":[0,0],"15":[0,0],"16":[0,0],"17":[0,0],"18":[0,0],"19":[0,0],"20":[0,0],"21":[0,0],"22":[0,0],"23":[0,0],"24":[0,0]}}
,"/workspaces/vamos/backend/src/controllers/BookingController.js": {"path":"/workspaces/vamos/backend/src/controllers/BookingController.js","statementMap":{"0":{"start":{"line":6,"column":16},"end":{"line":6,"column":44}},"1":{"start":{"line":7,"column":13},"end":{"line":7,"column":28}},"2":{"start":{"line":8,"column":57},"end":{"line":8,"column":92}},"3":{"start":{"line":10,"column":16},"end":{"line":10,"column":69}},"4":{"start":{"line":13,"column":14},"end":{"line":13,"column":49}},"5":{"start":{"line":13,"column":20},"end":{"line":13,"column":49}},"6":{"start":{"line":14,"column":17},"end":{"line":21,"column":1}},"7":{"start":{"line":15,"column":2},"end":{"line":20,"column":5}},"8":{"start":{"line":16,"column":4},"end":{"line":19,"column":7}},"9":{"start":{"line":17,"column":6},"end":{"line":18,"column":67}},"10":{"start":{"line":17,"column":15},"end":{"line":17,"column":27}},"11":{"start":{"line":18,"column":11},"end":{"line":18,"column":67}},"12":{"start":{"line":23,"column":17},"end":{"line":30,"column":1}},"13":{"start":{"line":24,"column":2},"end":{"line":29,"column":5}},"14":{"start":{"line":25,"column":4},"end":{"line":28,"column":7}},"15":{"start":{"line":26,"column":6},"end":{"line":27,"column":24}},"16":{"start":{"line":26,"column":15},"end":{"line":26,"column":27}},"17":{"start":{"line":27,"column":11},"end":{"line":27,"column":24}},"18":{"start":{"line":32,"column":17},"end":{"line":39,"column":1}},"19":{"start":{"line":33,"column":2},"end":{"line":38,"column":5}},"20":{"start":{"line":34,"column":4},"end":{"line":37,"column":7}},"21":{"start":{"line":35,"column":6},"end":{"line":36,"column":31}},"22":{"start":{"line":35,"column":15},"end":{"line":35,"column":27}},"23":{"start":{"line":36,"column":11},"end":{"line":36,"column":31}},"24":{"start":{"line":46,"column":15},"end":{"line":46,"column":22}},"25":{"start":{"line":47,"column":4},"end":{"line":145,"column":5}},"26":{"start":{"line":60,"column":10},"end":{"line":60,"column":18}},"27":{"start":{"line":62,"column":6},"end":{"line":66,"column":7}},"28":{"start":{"line":63,"column":8},"end":{"line":65,"column":11}},"29":{"start":{"line":69,"column":22},"end":{"line":69,"column":92}},"30":{"start":{"line":70,"column":6},"end":{"line":72,"column":7}},"31":{"start":{"line":71,"column":8},"end":{"line":71,"column":73}},"32":{"start":{"line":75,"column":19},"end":{"line":75,"column":83}},"33":{"start":{"line":76,"column":6},"end":{"line":78,"column":7}},"34":{"start":{"line":77,"column":8},"end":{"line":77,"column":73}},"35":{"start":{"line":81,"column":22},"end":{"line":94,"column":7}},"36":{"start":{"line":97,"column":24},"end":{"line":97,"column":63}},"37":{"start":{"line":99,"column":6},"end":{"line":99,"column":47}},"38":{"start":{"line":100,"column":6},"end":{"line":100,"column":59}},"39":{"start":{"line":101,"column":6},"end":{"line":101,"column":45}},"40":{"start":{"line":102,"column":6},"end":{"line":102,"column":66}},"41":{"start":{"line":103,"column":6},"end":{"line":103,"column":49}},"42":{"start":{"line":106,"column":6},"end":{"line":114,"column":7}},"43":{"start":{"line":107,"column":8},"end":{"line":107,"column":84}},"44":{"start":{"line":110,"column":8},"end":{"line":113,"column":10}},"45":{"start":{"line":117,"column":21},"end":{"line":128,"column":7}},"46":{"start":{"line":130,"column":24},"end":{"line":130,"column":37}},"47":{"start":{"line":131,"column":25},"end":{"line":131,"column":95}},"48":{"start":{"line":133,"column":6},"end":{"line":133,"column":17}},"49":{"start":{"line":134,"column":6},"end":{"line":139,"column":9}},"50":{"start":{"line":142,"column":6},"end":{"line":142,"column":57}},"51":{"start":{"line":143,"column":6},"end":{"line":143,"column":17}},"52":{"start":{"line":144,"column":6},"end":{"line":144,"column":53}},"53":{"start":{"line":152,"column":15},"end":{"line":152,"column":22}},"54":{"start":{"line":153,"column":4},"end":{"line":171,"column":5}},"55":{"start":{"line":154,"column":25},"end":{"line":154,"column":35}},"56":{"start":{"line":156,"column":23},"end":{"line":163,"column":7}},"57":{"start":{"line":165,"column":6},"end":{"line":165,"column":17}},"58":{"start":{"line":166,"column":6},"end":{"line":166,"column":44}},"59":{"start":{"line":168,"column":6},"end":{"line":168,"column":59}},"60":{"start":{"line":169,"column":6},"end":{"line":169,"column":17}},"61":{"start":{"line":170,"column":6},"end":{"line":170,"column":53}},"62":{"start":{"line":178,"column":15},"end":{"line":178,"column":22}},"63":{"start":{"line":179,"column":4},"end":{"line":247,"column":5}},"64":{"start":{"line":180,"column":28},"end":{"line":180,"column":38}},"65":{"start":{"line":181,"column":33},"end":{"line":181,"column":41}},"66":{"start":{"line":183,"column":6},"end":{"line":188,"column":7}},"67":{"start":{"line":184,"column":8},"end":{"line":184,"column":19}},"68":{"start":{"line":185,"column":8},"end":{"line":187,"column":11}},"69":{"start":{"line":191,"column":6},"end":{"line":194,"column":8}},"70":{"start":{"line":197,"column":6},"end":{"line":235,"column":7}},"71":{"start":{"line":198,"column":24},"end":{"line":198,"column":100}},"72":{"start":{"line":199,"column":21},"end":{"line":199,"column":94}},"73":{"start":{"line":202,"column":24},"end":{"line":202,"column":56}},"74":{"start":{"line":203,"column":27},"end":{"line":203,"column":28}},"75":{"start":{"line":204,"column":27},"end":{"line":204,"column":32}},"76":{"start":{"line":207,"column":8},"end":{"line":210,"column":9}},"77":{"start":{"line":208,"column":10},"end":{"line":208,"column":32}},"78":{"start":{"line":209,"column":10},"end":{"line":209,"column":30}},"79":{"start":{"line":213,"column":8},"end":{"line":220,"column":10}},"80":{"start":{"line":222,"column":8},"end":{"line":222,"column":19}},"81":{"start":{"line":223,"column":8},"end":{"line":234,"column":11}},"82":{"start":{"line":237,"column":6},"end":{"line":237,"column":17}},"83":{"start":{"line":238,"column":6},"end":{"line":241,"column":9}},"84":{"start":{"line":244,"column":6},"end":{"line":244,"column":59}},"85":{"start":{"line":245,"column":6},"end":{"line":245,"column":17}},"86":{"start":{"line":246,"column":6},"end":{"line":246,"column":53}},"87":{"start":{"line":254,"column":15},"end":{"line":254,"column":22}},"88":{"start":{"line":255,"column":4},"end":{"line":303,"column":5}},"89":{"start":{"line":256,"column":28},"end":{"line":256,"column":38}},"90":{"start":{"line":257,"column":38},"end":{"line":257,"column":46}},"91":{"start":{"line":259,"column":28},"end":{"line":259,"column":78}},"92":{"start":{"line":260,"column":6},"end":{"line":265,"column":7}},"93":{"start":{"line":261,"column":8},"end":{"line":261,"column":19}},"94":{"start":{"line":262,"column":8},"end":{"line":264,"column":11}},"95":{"start":{"line":267,"column":18},"end":{"line":267,"column":40}},"96":{"start":{"line":268,"column":19},"end":{"line":268,"column":21}},"97":{"start":{"line":270,"column":6},"end":{"line":273,"column":7}},"98":{"start":{"line":271,"column":8},"end":{"line":271,"column":32}},"99":{"start":{"line":272,"column":8},"end":{"line":272,"column":28}},"100":{"start":{"line":275,"column":6},"end":{"line":278,"column":7}},"101":{"start":{"line":276,"column":8},"end":{"line":276,"column":30}},"102":{"start":{"line":277,"column":8},"end":{"line":277,"column":26}},"103":{"start":{"line":280,"column":6},"end":{"line":283,"column":7}},"104":{"start":{"line":281,"column":8},"end":{"line":281,"column":31}},"105":{"start":{"line":282,"column":8},"end":{"line":282,"column":27}},"106":{"start":{"line":285,"column":6},"end":{"line":285,"column":61}},"107":{"start":{"line":286,"column":6},"end":{"line":286,"column":29}},"108":{"start":{"line":288,"column":6},"end":{"line":288,"column":40}},"109":{"start":{"line":290,"column":22},"end":{"line":290,"column":92}},"110":{"start":{"line":292,"column":6},"end":{"line":292,"column":17}},"111":{"start":{"line":293,"column":6},"end":{"line":297,"column":9}},"112":{"start":{"line":300,"column":6},"end":{"line":300,"column":61}},"113":{"start":{"line":301,"column":6},"end":{"line":301,"column":17}},"114":{"start":{"line":302,"column":6},"end":{"line":302,"column":53}},"115":{"start":{"line":310,"column":15},"end":{"line":310,"column":22}},"116":{"start":{"line":311,"column":4},"end":{"line":334,"column":5}},"117":{"start":{"line":312,"column":28},"end":{"line":312,"column":38}},"118":{"start":{"line":313,"column":25},"end":{"line":313,"column":33}},"119":{"start":{"line":315,"column":20},"end":{"line":315,"column":72}},"120":{"start":{"line":316,"column":6},"end":{"line":319,"column":8}},"121":{"start":{"line":321,"column":22},"end":{"line":321,"column":92}},"122":{"start":{"line":323,"column":6},"end":{"line":323,"column":17}},"123":{"start":{"line":324,"column":6},"end":{"line":328,"column":9}},"124":{"start":{"line":331,"column":6},"end":{"line":331,"column":60}},"125":{"start":{"line":332,"column":6},"end":{"line":332,"column":17}},"126":{"start":{"line":333,"column":6},"end":{"line":333,"column":53}},"127":{"start":{"line":341,"column":15},"end":{"line":341,"column":22}},"128":{"start":{"line":342,"column":4},"end":{"line":373,"column":5}},"129":{"start":{"line":343,"column":25},"end":{"line":343,"column":35}},"130":{"start":{"line":345,"column":19},"end":{"line":348,"column":7}},"131":{"start":{"line":350,"column":6},"end":{"line":353,"column":7}},"132":{"start":{"line":351,"column":8},"end":{"line":351,"column":19}},"133":{"start":{"line":352,"column":8},"end":{"line":352,"column":73}},"134":{"start":{"line":355,"column":26},"end":{"line":355,"column":53}},"135":{"start":{"line":357,"column":6},"end":{"line":357,"column":17}},"136":{"start":{"line":358,"column":6},"end":{"line":367,"column":9}},"137":{"start":{"line":370,"column":6},"end":{"line":370,"column":67}},"138":{"start":{"line":371,"column":6},"end":{"line":371,"column":17}},"139":{"start":{"line":372,"column":6},"end":{"line":372,"column":53}},"140":{"start":{"line":380,"column":15},"end":{"line":380,"column":22}},"141":{"start":{"line":381,"column":4},"end":{"line":413,"column":5}},"142":{"start":{"line":382,"column":25},"end":{"line":382,"column":33}},"143":{"start":{"line":383,"column":72},"end":{"line":383,"column":80}},"144":{"start":{"line":385,"column":31},"end":{"line":385,"column":64}},"145":{"start":{"line":386,"column":6},"end":{"line":391,"column":7}},"146":{"start":{"line":387,"column":8},"end":{"line":387,"column":19}},"147":{"start":{"line":388,"column":8},"end":{"line":390,"column":11}},"148":{"start":{"line":393,"column":21},"end":{"line":397,"column":7}},"149":{"start":{"line":399,"column":26},"end":{"line":399,"column":39}},"150":{"start":{"line":400,"column":24},"end":{"line":400,"column":106}},"151":{"start":{"line":402,"column":6},"end":{"line":402,"column":17}},"152":{"start":{"line":403,"column":6},"end":{"line":407,"column":9}},"153":{"start":{"line":410,"column":6},"end":{"line":410,"column":68}},"154":{"start":{"line":411,"column":6},"end":{"line":411,"column":17}},"155":{"start":{"line":412,"column":6},"end":{"line":412,"column":53}},"156":{"start":{"line":417,"column":0},"end":{"line":417,"column":41}}},"fnMap":{"0":{"name":"(anonymous_0)","decl":{"start":{"line":13,"column":14},"end":{"line":13,"column":15}},"loc":{"start":{"line":13,"column":20},"end":{"line":13,"column":49}},"line":13},"1":{"name":"(anonymous_1)","decl":{"start":{"line":14,"column":17},"end":{"line":14,"column":18}},"loc":{"start":{"line":14,"column":43},"end":{"line":21,"column":1}},"line":14},"2":{"name":"(anonymous_2)","decl":{"start":{"line":15,"column":21},"end":{"line":15,"column":22}},"loc":{"start":{"line":15,"column":42},"end":{"line":20,"column":3}},"line":15},"3":{"name":"(anonymous_3)","decl":{"start":{"line":16,"column":24},"end":{"line":16,"column":25}},"loc":{"start":{"line":16,"column":38},"end":{"line":19,"column":5}},"line":16},"4":{"name":"(anonymous_4)","decl":{"start":{"line":23,"column":17},"end":{"line":23,"column":18}},"loc":{"start":{"line":23,"column":43},"end":{"line":30,"column":1}},"line":23},"5":{"name":"(anonymous_5)","decl":{"start":{"line":24,"column":21},"end":{"line":24,"column":22}},"loc":{"start":{"line":24,"column":42},"end":{"line":29,"column":3}},"line":24},"6":{"name":"(anonymous_6)","decl":{"start":{"line":25,"column":24},"end":{"line":25,"column":25}},"loc":{"start":{"line":25,"column":38},"end":{"line":28,"column":5}},"line":25},"7":{"name":"(anonymous_7)","decl":{"start":{"line":32,"column":17},"end":{"line":32,"column":18}},"loc":{"start":{"line":32,"column":43},"end":{"line":39,"column":1}},"line":32},"8":{"name":"(anonymous_8)","decl":{"start":{"line":33,"column":21},"end":{"line":33,"column":22}},"loc":{"start":{"line":33,"column":42},"end":{"line":38,"column":3}},"line":33},"9":{"name":"(anonymous_9)","decl":{"start":{"line":34,"column":24},"end":{"line":34,"column":25}},"loc":{"start":{"line":34,"column":39},"end":{"line":37,"column":5}},"line":34},"10":{"name":"(anonymous_10)","decl":{"start":{"line":45,"column":2},"end":{"line":45,"column":3}},"loc":{"start":{"line":45,"column":32},"end":{"line":146,"column":3}},"line":45},"11":{"name":"(anonymous_11)","decl":{"start":{"line":151,"column":2},"end":{"line":151,"column":3}},"loc":{"start":{"line":151,"column":34},"end":{"line":172,"column":3}},"line":151},"12":{"name":"(anonymous_12)","decl":{"start":{"line":177,"column":2},"end":{"line":177,"column":3}},"loc":{"start":{"line":177,"column":30},"end":{"line":248,"column":3}},"line":177},"13":{"name":"(anonymous_13)","decl":{"start":{"line":253,"column":2},"end":{"line":253,"column":3}},"loc":{"start":{"line":253,"column":32},"end":{"line":304,"column":3}},"line":253},"14":{"name":"(anonymous_14)","decl":{"start":{"line":309,"column":2},"end":{"line":309,"column":3}},"loc":{"start":{"line":309,"column":32},"end":{"line":335,"column":3}},"line":309},"15":{"name":"(anonymous_15)","decl":{"start":{"line":340,"column":2},"end":{"line":340,"column":3}},"loc":{"start":{"line":340,"column":35},"end":{"line":374,"column":3}},"line":340},"16":{"name":"(anonymous_16)","decl":{"start":{"line":379,"column":2},"end":{"line":379,"column":3}},"loc":{"start":{"line":379,"column":41},"end":{"line":414,"column":3}},"line":379}},"branchMap":{"0":{"loc":{"start":{"line":14,"column":27},"end":{"line":14,"column":38}},"type":"default-arg","locations":[{"start":{"line":14,"column":36},"end":{"line":14,"column":38}}],"line":14},"1":{"loc":{"start":{"line":17,"column":6},"end":{"line":18,"column":67}},"type":"if","locations":[{"start":{"line":17,"column":6},"end":{"line":18,"column":67}},{"start":{"line":18,"column":11},"end":{"line":18,"column":67}}],"line":17},"2":{"loc":{"start":{"line":23,"column":27},"end":{"line":23,"column":38}},"type":"default-arg","locations":[{"start":{"line":23,"column":36},"end":{"line":23,"column":38}}],"line":23},"3":{"loc":{"start":{"line":26,"column":6},"end":{"line":27,"column":24}},"type":"if","locations":[{"start":{"line":26,"column":6},"end":{"line":27,"column":24}},{"start":{"line":27,"column":11},"end":{"line":27,"column":24}}],"line":26},"4":{"loc":{"start":{"line":32,"column":27},"end":{"line":32,"column":38}},"type":"default-arg","locations":[{"start":{"line":32,"column":36},"end":{"line":32,"column":38}}],"line":32},"5":{"loc":{"start":{"line":35,"column":6},"end":{"line":36,"column":31}},"type":"if","locations":[{"start":{"line":35,"column":6},"end":{"line":36,"column":31}},{"start":{"line":36,"column":11},"end":{"line":36,"column":31}}],"line":35},"6":{"loc":{"start":{"line":36,"column":19},"end":{"line":36,"column":29}},"type":"binary-expr","locations":[{"start":{"line":36,"column":19},"end":{"line":36,"column":23}},{"start":{"line":36,"column":27},"end":{"line":36,"column":29}}],"line":36},"7":{"loc":{"start":{"line":55,"column":8},"end":{"line":55,"column":25}},"type":"default-arg","locations":[{"start":{"line":55,"column":24},"end":{"line":55,"column":25}}],"line":55},"8":{"loc":{"start":{"line":56,"column":8},"end":{"line":56,"column":23}},"type":"default-arg","locations":[{"start":{"line":56,"column":19},"end":{"line":56,"column":23}}],"line":56},"9":{"loc":{"start":{"line":57,"column":8},"end":{"line":57,"column":26}},"type":"default-arg","locations":[{"start":{"line":57,"column":21},"end":{"line":57,"column":26}}],"line":57},"10":{"loc":{"start":{"line":58,"column":8},"end":{"line":58,"column":31}},"type":"default-arg","locations":[{"start":{"line":58,"column":26},"end":{"line":58,"column":31}}],"line":58},"11":{"loc":{"start":{"line":59,"column":8},"end":{"line":59,"column":18}},"type":"default-arg","locations":[{"start":{"line":59,"column":16},"end":{"line":59,"column":18}}],"line":59},"12":{"loc":{"start":{"line":62,"column":6},"end":{"line":66,"column":7}},"type":"if","locations":[{"start":{"line":62,"column":6},"end":{"line":66,"column":7}},{"start":{},"end":{}}],"line":62},"13":{"loc":{"start":{"line":62,"column":10},"end":{"line":62,"column":71}},"type":"binary-expr","locations":[{"start":{"line":62,"column":10},"end":{"line":62,"column":17}},{"start":{"line":62,"column":21},"end":{"line":62,"column":31}},{"start":{"line":62,"column":35},"end":{"line":62,"column":40}},{"start":{"line":62,"column":44},"end":{"line":62,"column":49}},{"start":{"line":62,"column":53},"end":{"line":62,"column":61}},{"start":{"line":62,"column":65},"end":{"line":62,"column":71}}],"line":62},"14":{"loc":{"start":{"line":70,"column":6},"end":{"line":72,"column":7}},"type":"if","locations":[{"start":{"line":70,"column":6},"end":{"line":72,"column":7}},{"start":{},"end":{}}],"line":70},"15":{"loc":{"start":{"line":76,"column":6},"end":{"line":78,"column":7}},"type":"if","locations":[{"start":{"line":76,"column":6},"end":{"line":78,"column":7}},{"start":{},"end":{}}],"line":76},"16":{"loc":{"start":{"line":89,"column":22},"end":{"line":89,"column":40}},"type":"cond-expr","locations":[{"start":{"line":89,"column":35},"end":{"line":89,"column":36}},{"start":{"line":89,"column":39},"end":{"line":89,"column":40}}],"line":89},"17":{"loc":{"start":{"line":90,"column":27},"end":{"line":90,"column":50}},"type":"cond-expr","locations":[{"start":{"line":90,"column":45},"end":{"line":90,"column":46}},{"start":{"line":90,"column":49},"end":{"line":90,"column":50}}],"line":90},"18":{"loc":{"start":{"line":91,"column":19},"end":{"line":91,"column":35}},"type":"cond-expr","locations":[{"start":{"line":91,"column":30},"end":{"line":91,"column":31}},{"start":{"line":91,"column":34},"end":{"line":91,"column":35}}],"line":91},"19":{"loc":{"start":{"line":106,"column":6},"end":{"line":114,"column":7}},"type":"if","locations":[{"start":{"line":106,"column":6},"end":{"line":114,"column":7}},{"start":{},"end":{}}],"line":106},"20":{"loc":{"start":{"line":106,"column":10},"end":{"line":106,"column":78}},"type":"binary-expr","locations":[{"start":{"line":106,"column":10},"end":{"line":106,"column":28}},{"start":{"line":106,"column":32},"end":{"line":106,"column":54}},{"start":{"line":106,"column":58},"end":{"line":106,"column":78}}],"line":106},"21":{"loc":{"start":{"line":127,"column":58},"end":{"line":127,"column":74}},"type":"cond-expr","locations":[{"start":{"line":127,"column":69},"end":{"line":127,"column":70}},{"start":{"line":127,"column":73},"end":{"line":127,"column":74}}],"line":127},"22":{"loc":{"start":{"line":183,"column":6},"end":{"line":188,"column":7}},"type":"if","locations":[{"start":{"line":183,"column":6},"end":{"line":188,"column":7}},{"start":{},"end":{}}],"line":183},"23":{"loc":{"start":{"line":183,"column":10},"end":{"line":183,"column":45}},"type":"binary-expr","locations":[{"start":{"line":183,"column":10},"end":{"line":183,"column":17}},{"start":{"line":183,"column":21},"end":{"line":183,"column":31}},{"start":{"line":183,"column":35},"end":{"line":183,"column":45}}],"line":183},"24":{"loc":{"start":{"line":193,"column":17},"end":{"line":193,"column":29}},"type":"binary-expr","locations":[{"start":{"line":193,"column":17},"end":{"line":193,"column":23}},{"start":{"line":193,"column":27},"end":{"line":193,"column":29}}],"line":193},"25":{"loc":{"start":{"line":197,"column":6},"end":{"line":235,"column":7}},"type":"if","locations":[{"start":{"line":197,"column":6},"end":{"line":235,"column":7}},{"start":{},"end":{}}],"line":197},"26":{"loc":{"start":{"line":202,"column":25},"end":{"line":202,"column":51}},"type":"binary-expr","locations":[{"start":{"line":202,"column":25},"end":{"line":202,"column":46}},{"start":{"line":202,"column":50},"end":{"line":202,"column":51}}],"line":202},"27":{"loc":{"start":{"line":207,"column":8},"end":{"line":210,"column":9}},"type":"if","locations":[{"start":{"line":207,"column":8},"end":{"line":210,"column":9}},{"start":{},"end":{}}],"line":207},"28":{"loc":{"start":{"line":207,"column":12},"end":{"line":207,"column":51}},"type":"binary-expr","locations":[{"start":{"line":207,"column":12},"end":{"line":207,"column":27}},{"start":{"line":207,"column":31},"end":{"line":207,"column":51}}],"line":207},"29":{"loc":{"start":{"line":225,"column":19},"end":{"line":227,"column":83}},"type":"cond-expr","locations":[{"start":{"line":226,"column":14},"end":{"line":226,"column":87}},{"start":{"line":227,"column":14},"end":{"line":227,"column":83}}],"line":225},"30":{"loc":{"start":{"line":260,"column":6},"end":{"line":265,"column":7}},"type":"if","locations":[{"start":{"line":260,"column":6},"end":{"line":265,"column":7}},{"start":{},"end":{}}],"line":260},"31":{"loc":{"start":{"line":260,"column":10},"end":{"line":260,"column":51}},"type":"binary-expr","locations":[{"start":{"line":260,"column":10},"end":{"line":260,"column":16}},{"start":{"line":260,"column":20},"end":{"line":260,"column":51}}],"line":260},"32":{"loc":{"start":{"line":270,"column":6},"end":{"line":273,"column":7}},"type":"if","locations":[{"start":{"line":270,"column":6},"end":{"line":273,"column":7}},{"start":{},"end":{}}],"line":270},"33":{"loc":{"start":{"line":275,"column":6},"end":{"line":278,"column":7}},"type":"if","locations":[{"start":{"line":275,"column":6},"end":{"line":278,"column":7}},{"start":{},"end":{}}],"line":275},"34":{"loc":{"start":{"line":280,"column":6},"end":{"line":283,"column":7}},"type":"if","locations":[{"start":{"line":280,"column":6},"end":{"line":283,"column":7}},{"start":{},"end":{}}],"line":280},"35":{"loc":{"start":{"line":315,"column":20},"end":{"line":315,"column":72}},"type":"cond-expr","locations":[{"start":{"line":315,"column":29},"end":{"line":315,"column":67}},{"start":{"line":315,"column":70},"end":{"line":315,"column":72}}],"line":315},"36":{"loc":{"start":{"line":350,"column":6},"end":{"line":353,"column":7}},"type":"if","locations":[{"start":{"line":350,"column":6},"end":{"line":353,"column":7}},{"start":{},"end":{}}],"line":350},"37":{"loc":{"start":{"line":361,"column":26},"end":{"line":361,"column":52}},"type":"binary-expr","locations":[{"start":{"line":361,"column":26},"end":{"line":361,"column":47}},{"start":{"line":361,"column":51},"end":{"line":361,"column":52}}],"line":361},"38":{"loc":{"start":{"line":362,"column":26},"end":{"line":362,"column":52}},"type":"binary-expr","locations":[{"start":{"line":362,"column":26},"end":{"line":362,"column":47}},{"start":{"line":362,"column":51},"end":{"line":362,"column":52}}],"line":362},"39":{"loc":{"start":{"line":363,"column":26},"end":{"line":363,"column":49}},"type":"binary-expr","locations":[{"start":{"line":363,"column":26},"end":{"line":363,"column":44}},{"start":{"line":363,"column":48},"end":{"line":363,"column":49}}],"line":363},"40":{"loc":{"start":{"line":364,"column":25},"end":{"line":364,"column":49}},"type":"binary-expr","locations":[{"start":{"line":364,"column":25},"end":{"line":364,"column":44}},{"start":{"line":364,"column":48},"end":{"line":364,"column":49}}],"line":364},"41":{"loc":{"start":{"line":386,"column":6},"end":{"line":391,"column":7}},"type":"if","locations":[{"start":{"line":386,"column":6},"end":{"line":391,"column":7}},{"start":{},"end":{}}],"line":386}},"s":{"0":1,"1":1,"2":1,"3":1,"4":1,"5":30,"6":1,"7":12,"8":12,"9":12,"10":12,"11":0,"12":1,"13":0,"14":0,"15":0,"16":0,"17":0,"18":1,"19":0,"20":0,"21":0,"22":0,"23":0,"24":17,"25":17,"26":17,"27":17,"28":17,"29":0,"30":0,"31":0,"32":0,"33":0,"34":0,"35":0,"36":0,"37":0,"38":0,"39":0,"40":0,"41":0,"42":0,"43":0,"44":0,"45":0,"46":0,"47":0,"48":0,"49":0,"50":0,"51":0,"52":0,"53":0,"54":0,"55":0,"56":0,"57":0,"58":0,"59":0,"60":0,"61":0,"62":0,"63":0,"64":0,"65":0,"66":0,"67":0,"68":0,"69":0,"70":0,"71":0,"72":0,"73":0,"74":0,"75":0,"76":0,"77":0,"78":0,"79":0,"80":0,"81":0,"82":0,"83":0,"84":0,"85":0,"86":0,"87":6,"88":6,"89":6,"90":6,"91":6,"92":6,"93":1,"94":1,"95":5,"96":5,"97":5,"98":4,"99":4,"100":5,"101":1,"102":1,"103":5,"104":1,"105":1,"106":5,"107":5,"108":5,"109":0,"110":0,"111":0,"112":5,"113":5,"114":5,"115":7,"116":7,"117":7,"118":7,"119":7,"120":7,"121":0,"122":0,"123":0,"124":7,"125":7,"126":7,"127":0,"128":0,"129":0,"130":0,"131":0,"132":0,"133":0,"134":0,"135":0,"136":0,"137":0,"138":0,"139":0,"140":0,"141":0,"142":0,"143":0,"144":0,"145":0,"146":0,"147":0,"148":0,"149":0,"150":0,"151":0,"152":0,"153":0,"154":0,"155":0,"156":1},"f":{"0":30,"1":12,"2":12,"3":12,"4":0,"5":0,"6":0,"7":0,"8":0,"9":0,"10":17,"11":0,"12":0,"13":6,"14":7,"15":0,"16":0},"b":{"0":[0],"1":[12,0],"2":[0],"3":[0,0],"4":[0],"5":[0,0],"6":[0,0],"7":[17],"8":[17],"9":[17],"10":[17],"11":[15],"12":[17,0],"13":[17,0,0,0,0,0],"14":[0,0],"15":[0,0],"16":[0,0],"17":[0,0],"18":[0,0],"19":[0,0],"20":[0,0,0],"21":[0,0],"22":[0,0],"23":[0,0,0],"24":[0,0],"25":[0,0],"26":[0,0],"27":[0,0],"28":[0,0],"29":[0,0],"30":[1,5],"31":[6,5],"32":[4,1],"33":[1,4],"34":[1,4],"35":[3,4],"36":[0,0],"37":[0,0],"38":[0,0],"39":[0,0],"40":[0,0],"41":[0,0]},"_coverageSchema":"1a1c01bbd47fc00a2c39e90264f33305004495a9","hash":"c5b49fa3c25e471343518eeda6ab1b36d4838de0"}
,"/workspaces/vamos/backend/src/controllers/NotificationController.js": {"path":"/workspaces/vamos/backend/src/controllers/NotificationController.js","statementMap":{"0":{"start":{"line":11,"column":4},"end":{"line":29,"column":5}},"1":{"start":{"line":24,"column":6},"end":{"line":24,"column":71}},"2":{"start":{"line":25,"column":6},"end":{"line":25,"column":18}},"3":{"start":{"line":27,"column":6},"end":{"line":27,"column":58}},"4":{"start":{"line":28,"column":6},"end":{"line":28,"column":19}},"5":{"start":{"line":36,"column":4},"end":{"line":51,"column":5}},"6":{"start":{"line":46,"column":6},"end":{"line":46,"column":40}},"7":{"start":{"line":47,"column":6},"end":{"line":47,"column":18}},"8":{"start":{"line":49,"column":6},"end":{"line":49,"column":56}},"9":{"start":{"line":50,"column":6},"end":{"line":50,"column":19}},"10":{"start":{"line":58,"column":4},"end":{"line":72,"column":5}},"11":{"start":{"line":67,"column":6},"end":{"line":67,"column":70}},"12":{"start":{"line":68,"column":6},"end":{"line":68,"column":18}},"13":{"start":{"line":70,"column":6},"end":{"line":70,"column":56}},"14":{"start":{"line":71,"column":6},"end":{"line":71,"column":19}},"15":{"start":{"line":79,"column":4},"end":{"line":94,"column":5}},"16":{"start":{"line":89,"column":6},"end":{"line":89,"column":69}},"17":{"start":{"line":90,"column":6},"end":{"line":90,"column":18}},"18":{"start":{"line":92,"column":6},"end":{"line":92,"column":56}},"19":{"start":{"line":93,"column":6},"end":{"line":93,"column":19}},"20":{"start":{"line":101,"column":4},"end":{"line":108,"column":5}},"21":{"start":{"line":103,"column":6},"end":{"line":103,"column":71}},"22":{"start":{"line":104,"column":6},"end":{"line":104,"column":18}},"23":{"start":{"line":106,"column":6},"end":{"line":106,"column":52}},"24":{"start":{"line":107,"column":6},"end":{"line":107,"column":19}},"25":{"start":{"line":115,"column":4},"end":{"line":122,"column":5}},"26":{"start":{"line":117,"column":6},"end":{"line":117,"column":56}},"27":{"start":{"line":118,"column":6},"end":{"line":118,"column":18}},"28":{"start":{"line":120,"column":6},"end":{"line":120,"column":50}},"29":{"start":{"line":121,"column":6},"end":{"line":121,"column":19}},"30":{"start":{"line":129,"column":4},"end":{"line":136,"column":5}},"31":{"start":{"line":131,"column":6},"end":{"line":131,"column":82}},"32":{"start":{"line":132,"column":6},"end":{"line":132,"column":18}},"33":{"start":{"line":134,"column":6},"end":{"line":134,"column":64}},"34":{"start":{"line":135,"column":6},"end":{"line":135,"column":19}},"35":{"start":{"line":140,"column":0},"end":{"line":140,"column":46}}},"fnMap":{"0":{"name":"(anonymous_0)","decl":{"start":{"line":10,"column":2},"end":{"line":10,"column":3}},"loc":{"start":{"line":10,"column":43},"end":{"line":30,"column":3}},"line":10},"1":{"name":"(anonymous_1)","decl":{"start":{"line":35,"column":2},"end":{"line":35,"column":3}},"loc":{"start":{"line":35,"column":36},"end":{"line":52,"column":3}},"line":35},"2":{"name":"(anonymous_2)","decl":{"start":{"line":57,"column":2},"end":{"line":57,"column":3}},"loc":{"start":{"line":57,"column":30},"end":{"line":73,"column":3}},"line":57},"3":{"name":"(anonymous_3)","decl":{"start":{"line":78,"column":2},"end":{"line":78,"column":3}},"loc":{"start":{"line":78,"column":44},"end":{"line":95,"column":3}},"line":78},"4":{"name":"(anonymous_4)","decl":{"start":{"line":100,"column":2},"end":{"line":100,"column":3}},"loc":{"start":{"line":100,"column":38},"end":{"line":109,"column":3}},"line":100},"5":{"name":"(anonymous_5)","decl":{"start":{"line":114,"column":2},"end":{"line":114,"column":3}},"loc":{"start":{"line":114,"column":29},"end":{"line":123,"column":3}},"line":114},"6":{"name":"(anonymous_6)","decl":{"start":{"line":128,"column":2},"end":{"line":128,"column":3}},"loc":{"start":{"line":128,"column":46},"end":{"line":137,"column":3}},"line":128}},"branchMap":{},"s":{"0":0,"1":0,"2":0,"3":0,"4":0,"5":0,"6":0,"7":0,"8":0,"9":0,"10":0,"11":0,"12":0,"13":0,"14":0,"15":0,"16":0,"17":0,"18":0,"19":0,"20":0,"21":0,"22":0,"23":0,"24":0,"25":0,"26":0,"27":0,"28":0,"29":0,"30":0,"31":0,"32":0,"33":0,"34":0,"35":0},"f":{"0":0,"1":0,"2":0,"3":0,"4":0,"5":0,"6":0},"b":{}}
,"/workspaces/vamos/backend/src/controllers/NotificationsController.js": {"path":"/workspaces/vamos/backend/src/controllers/NotificationsController.js","statementMap":{"0":{"start":{"line":1,"column":16},"end":{"line":1,"column":35}},"1":{"start":{"line":2,"column":11},"end":{"line":2,"column":24}},"2":{"start":{"line":3,"column":13},"end":{"line":3,"column":28}},"3":{"start":{"line":5,"column":17},"end":{"line":5,"column":87}},"4":{"start":{"line":8,"column":14},"end":{"line":8,"column":36}},"5":{"start":{"line":9,"column":2},"end":{"line":9,"column":66}},"6":{"start":{"line":9,"column":27},"end":{"line":9,"column":66}},"7":{"start":{"line":10,"column":2},"end":{"line":10,"column":73}},"8":{"start":{"line":10,"column":32},"end":{"line":10,"column":73}},"9":{"start":{"line":14,"column":2},"end":{"line":14,"column":15}},"10":{"start":{"line":15,"column":2},"end":{"line":20,"column":3}},"11":{"start":{"line":16,"column":16},"end":{"line":16,"column":49}},"12":{"start":{"line":17,"column":4},"end":{"line":17,"column":35}},"13":{"start":{"line":19,"column":4},"end":{"line":19,"column":14}},"14":{"start":{"line":24,"column":2},"end":{"line":24,"column":15}},"15":{"start":{"line":25,"column":2},"end":{"line":25,"column":68}},"16":{"start":{"line":29,"column":20},"end":{"line":29,"column":92}},"17":{"start":{"line":30,"column":21},"end":{"line":30,"column":50}},"18":{"start":{"line":31,"column":2},"end":{"line":36,"column":3}},"19":{"start":{"line":33,"column":17},"end":{"line":33,"column":44}},"20":{"start":{"line":34,"column":4},"end":{"line":34,"column":85}},"21":{"start":{"line":35,"column":4},"end":{"line":35,"column":58}},"22":{"start":{"line":37,"column":2},"end":{"line":37,"column":80}},"23":{"start":{"line":38,"column":2},"end":{"line":38,"column":41}},"24":{"start":{"line":41,"column":32},"end":{"line":107,"column":1}},"25":{"start":{"line":43,"column":4},"end":{"line":56,"column":5}},"26":{"start":{"line":44,"column":18},"end":{"line":44,"column":26}},"27":{"start":{"line":45,"column":6},"end":{"line":45,"column":97}},"28":{"start":{"line":45,"column":33},"end":{"line":45,"column":97}},"29":{"start":{"line":46,"column":19},"end":{"line":46,"column":29}},"30":{"start":{"line":47,"column":21},"end":{"line":47,"column":64}},"31":{"start":{"line":47,"column":36},"end":{"line":47,"column":63}},"32":{"start":{"line":48,"column":6},"end":{"line":51,"column":7}},"33":{"start":{"line":49,"column":8},"end":{"line":49,"column":23}},"34":{"start":{"line":50,"column":8},"end":{"line":50,"column":23}},"35":{"start":{"line":52,"column":6},"end":{"line":52,"column":41}},"36":{"start":{"line":54,"column":6},"end":{"line":54,"column":42}},"37":{"start":{"line":55,"column":6},"end":{"line":55,"column":76}},"38":{"start":{"line":60,"column":4},"end":{"line":70,"column":5}},"39":{"start":{"line":61,"column":27},"end":{"line":61,"column":35}},"40":{"start":{"line":62,"column":6},"end":{"line":62,"column":83}},"41":{"start":{"line":62,"column":21},"end":{"line":62,"column":83}},"42":{"start":{"line":63,"column":19},"end":{"line":63,"column":29}},"43":{"start":{"line":64,"column":23},"end":{"line":64,"column":64}},"44":{"start":{"line":64,"column":40},"end":{"line":64,"column":63}},"45":{"start":{"line":65,"column":6},"end":{"line":65,"column":25}},"46":{"start":{"line":66,"column":6},"end":{"line":66,"column":41}},"47":{"start":{"line":68,"column":6},"end":{"line":68,"column":44}},"48":{"start":{"line":69,"column":6},"end":{"line":69,"column":77}},"49":{"start":{"line":74,"column":4},"end":{"line":105,"column":5}},"50":{"start":{"line":75,"column":20},"end":{"line":75,"column":33}},"51":{"start":{"line":76,"column":19},"end":{"line":76,"column":29}},"52":{"start":{"line":77,"column":6},"end":{"line":77,"column":98}},"53":{"start":{"line":77,"column":24},"end":{"line":77,"column":98}},"54":{"start":{"line":79,"column":22},"end":{"line":79,"column":118}},"55":{"start":{"line":81,"column":22},"end":{"line":81,"column":117}},"56":{"start":{"line":81,"column":63},"end":{"line":81,"column":115}},"57":{"start":{"line":81,"column":113},"end":{"line":81,"column":114}},"58":{"start":{"line":84,"column":24},"end":{"line":84,"column":26}},"59":{"start":{"line":85,"column":6},"end":{"line":97,"column":9}},"60":{"start":{"line":86,"column":8},"end":{"line":96,"column":9}},"61":{"start":{"line":86,"column":38},"end":{"line":86,"column":64}},"62":{"start":{"line":88,"column":22},"end":{"line":88,"column":35}},"63":{"start":{"line":90,"column":10},"end":{"line":95,"column":11}},"64":{"start":{"line":94,"column":12},"end":{"line":94,"column":38}},"65":{"start":{"line":99,"column":6},"end":{"line":99,"column":26}},"66":{"start":{"line":101,"column":6},"end":{"line":101,"column":154}},"67":{"start":{"line":101,"column":65},"end":{"line":101,"column":89}},"68":{"start":{"line":103,"column":6},"end":{"line":103,"column":41}},"69":{"start":{"line":104,"column":6},"end":{"line":104,"column":76}},"70":{"start":{"line":109,"column":0},"end":{"line":109,"column":41}}},"fnMap":{"0":{"name":"ensureFile","decl":{"start":{"line":7,"column":9},"end":{"line":7,"column":19}},"loc":{"start":{"line":7,"column":22},"end":{"line":11,"column":1}},"line":7},"1":{"name":"loadSubs","decl":{"start":{"line":13,"column":9},"end":{"line":13,"column":17}},"loc":{"start":{"line":13,"column":20},"end":{"line":21,"column":1}},"line":13},"2":{"name":"saveSubs","decl":{"start":{"line":23,"column":9},"end":{"line":23,"column":17}},"loc":{"start":{"line":23,"column":24},"end":{"line":26,"column":1}},"line":23},"3":{"name":"ensureVapid","decl":{"start":{"line":28,"column":9},"end":{"line":28,"column":20}},"loc":{"start":{"line":28,"column":23},"end":{"line":39,"column":1}},"line":28},"4":{"name":"(anonymous_4)","decl":{"start":{"line":42,"column":13},"end":{"line":42,"column":14}},"loc":{"start":{"line":42,"column":27},"end":{"line":57,"column":3}},"line":42},"5":{"name":"(anonymous_5)","decl":{"start":{"line":47,"column":31},"end":{"line":47,"column":32}},"loc":{"start":{"line":47,"column":36},"end":{"line":47,"column":63}},"line":47},"6":{"name":"(anonymous_6)","decl":{"start":{"line":59,"column":15},"end":{"line":59,"column":16}},"loc":{"start":{"line":59,"column":29},"end":{"line":71,"column":3}},"line":59},"7":{"name":"(anonymous_7)","decl":{"start":{"line":64,"column":35},"end":{"line":64,"column":36}},"loc":{"start":{"line":64,"column":40},"end":{"line":64,"column":63}},"line":64},"8":{"name":"(anonymous_8)","decl":{"start":{"line":73,"column":12},"end":{"line":73,"column":13}},"loc":{"start":{"line":73,"column":32},"end":{"line":106,"column":3}},"line":73},"9":{"name":"(anonymous_9)","decl":{"start":{"line":81,"column":56},"end":{"line":81,"column":57}},"loc":{"start":{"line":81,"column":63},"end":{"line":81,"column":115}},"line":81},"10":{"name":"(anonymous_10)","decl":{"start":{"line":81,"column":108},"end":{"line":81,"column":109}},"loc":{"start":{"line":81,"column":113},"end":{"line":81,"column":114}},"line":81},"11":{"name":"(anonymous_11)","decl":{"start":{"line":85,"column":22},"end":{"line":85,"column":23}},"loc":{"start":{"line":85,"column":34},"end":{"line":97,"column":7}},"line":85},"12":{"name":"(anonymous_12)","decl":{"start":{"line":101,"column":60},"end":{"line":101,"column":61}},"loc":{"start":{"line":101,"column":65},"end":{"line":101,"column":89}},"line":101}},"branchMap":{"0":{"loc":{"start":{"line":9,"column":2},"end":{"line":9,"column":66}},"type":"if","locations":[{"start":{"line":9,"column":2},"end":{"line":9,"column":66}},{"start":{},"end":{}}],"line":9},"1":{"loc":{"start":{"line":10,"column":2},"end":{"line":10,"column":73}},"type":"if","locations":[{"start":{"line":10,"column":2},"end":{"line":10,"column":73}},{"start":{},"end":{}}],"line":10},"2":{"loc":{"start":{"line":17,"column":22},"end":{"line":17,"column":33}},"type":"binary-expr","locations":[{"start":{"line":17,"column":22},"end":{"line":17,"column":25}},{"start":{"line":17,"column":29},"end":{"line":17,"column":33}}],"line":17},"3":{"loc":{"start":{"line":29,"column":20},"end":{"line":29,"column":92}},"type":"binary-expr","locations":[{"start":{"line":29,"column":20},"end":{"line":29,"column":60}},{"start":{"line":29,"column":64},"end":{"line":29,"column":92}}],"line":29},"4":{"loc":{"start":{"line":31,"column":2},"end":{"line":36,"column":3}},"type":"if","locations":[{"start":{"line":31,"column":2},"end":{"line":36,"column":3}},{"start":{},"end":{}}],"line":31},"5":{"loc":{"start":{"line":31,"column":6},"end":{"line":31,"column":31}},"type":"binary-expr","locations":[{"start":{"line":31,"column":6},"end":{"line":31,"column":16}},{"start":{"line":31,"column":20},"end":{"line":31,"column":31}}],"line":31},"6":{"loc":{"start":{"line":45,"column":6},"end":{"line":45,"column":97}},"type":"if","locations":[{"start":{"line":45,"column":6},"end":{"line":45,"column":97}},{"start":{},"end":{}}],"line":45},"7":{"loc":{"start":{"line":45,"column":10},"end":{"line":45,"column":31}},"type":"binary-expr","locations":[{"start":{"line":45,"column":10},"end":{"line":45,"column":14}},{"start":{"line":45,"column":18},"end":{"line":45,"column":31}}],"line":45},"8":{"loc":{"start":{"line":48,"column":6},"end":{"line":51,"column":7}},"type":"if","locations":[{"start":{"line":48,"column":6},"end":{"line":51,"column":7}},{"start":{},"end":{}}],"line":48},"9":{"loc":{"start":{"line":62,"column":6},"end":{"line":62,"column":83}},"type":"if","locations":[{"start":{"line":62,"column":6},"end":{"line":62,"column":83}},{"start":{},"end":{}}],"line":62},"10":{"loc":{"start":{"line":77,"column":6},"end":{"line":77,"column":98}},"type":"if","locations":[{"start":{"line":77,"column":6},"end":{"line":77,"column":98}},{"start":{},"end":{}}],"line":77},"11":{"loc":{"start":{"line":86,"column":8},"end":{"line":96,"column":9}},"type":"if","locations":[{"start":{"line":86,"column":8},"end":{"line":96,"column":9}},{"start":{"line":87,"column":13},"end":{"line":96,"column":9}}],"line":86},"12":{"loc":{"start":{"line":88,"column":22},"end":{"line":88,"column":35}},"type":"binary-expr","locations":[{"start":{"line":88,"column":22},"end":{"line":88,"column":30}},{"start":{"line":88,"column":34},"end":{"line":88,"column":35}}],"line":88},"13":{"loc":{"start":{"line":90,"column":10},"end":{"line":95,"column":11}},"type":"if","locations":[{"start":{"line":90,"column":10},"end":{"line":95,"column":11}},{"start":{"line":92,"column":17},"end":{"line":95,"column":11}}],"line":90},"14":{"loc":{"start":{"line":90,"column":14},"end":{"line":90,"column":89}},"type":"binary-expr","locations":[{"start":{"line":90,"column":14},"end":{"line":90,"column":17}},{"start":{"line":90,"column":21},"end":{"line":90,"column":35}},{"start":{"line":90,"column":40},"end":{"line":90,"column":62}},{"start":{"line":90,"column":66},"end":{"line":90,"column":88}}],"line":90}},"s":{"0":0,"1":0,"2":0,"3":0,"4":0,"5":0,"6":0,"7":0,"8":0,"9":0,"10":0,"11":0,"12":0,"13":0,"14":0,"15":0,"16":0,"17":0,"18":0,"19":0,"20":0,"21":0,"22":0,"23":0,"24":0,"25":0,"26":0,"27":0,"28":0,"29":0,"30":0,"31":0,"32":0,"33":0,"34":0,"35":0,"36":0,"37":0,"38":0,"39":0,"40":0,"41":0,"42":0,"43":0,"44":0,"45":0,"46":0,"47":0,"48":0,"49":0,"50":0,"51":0,"52":0,"53":0,"54":0,"55":0,"56":0,"57":0,"58":0,"59":0,"60":0,"61":0,"62":0,"63":0,"64":0,"65":0,"66":0,"67":0,"68":0,"69":0,"70":0},"f":{"0":0,"1":0,"2":0,"3":0,"4":0,"5":0,"6":0,"7":0,"8":0,"9":0,"10":0,"11":0,"12":0},"b":{"0":[0,0],"1":[0,0],"2":[0,0],"3":[0,0],"4":[0,0],"5":[0,0],"6":[0,0],"7":[0,0],"8":[0,0],"9":[0,0],"10":[0,0],"11":[0,0],"12":[0,0],"13":[0,0],"14":[0,0,0,0]}}
,"/workspaces/vamos/backend/src/controllers/PaymentController.js": {"path":"/workspaces/vamos/backend/src/controllers/PaymentController.js","statementMap":{"0":{"start":{"line":6,"column":16},"end":{"line":6,"column":44}},"1":{"start":{"line":7,"column":13},"end":{"line":7,"column":28}},"2":{"start":{"line":8,"column":15},"end":{"line":8,"column":32}},"3":{"start":{"line":9,"column":22},"end":{"line":9,"column":58}},"4":{"start":{"line":11,"column":16},"end":{"line":11,"column":69}},"5":{"start":{"line":13,"column":14},"end":{"line":13,"column":49}},"6":{"start":{"line":13,"column":20},"end":{"line":13,"column":49}},"7":{"start":{"line":14,"column":17},"end":{"line":21,"column":1}},"8":{"start":{"line":15,"column":2},"end":{"line":20,"column":5}},"9":{"start":{"line":16,"column":4},"end":{"line":19,"column":7}},"10":{"start":{"line":17,"column":6},"end":{"line":18,"column":67}},"11":{"start":{"line":17,"column":15},"end":{"line":17,"column":27}},"12":{"start":{"line":18,"column":11},"end":{"line":18,"column":67}},"13":{"start":{"line":23,"column":17},"end":{"line":30,"column":1}},"14":{"start":{"line":24,"column":2},"end":{"line":29,"column":5}},"15":{"start":{"line":25,"column":4},"end":{"line":28,"column":7}},"16":{"start":{"line":26,"column":6},"end":{"line":27,"column":24}},"17":{"start":{"line":26,"column":15},"end":{"line":26,"column":27}},"18":{"start":{"line":27,"column":11},"end":{"line":27,"column":24}},"19":{"start":{"line":32,"column":17},"end":{"line":39,"column":1}},"20":{"start":{"line":33,"column":2},"end":{"line":38,"column":5}},"21":{"start":{"line":34,"column":4},"end":{"line":37,"column":7}},"22":{"start":{"line":35,"column":6},"end":{"line":36,"column":31}},"23":{"start":{"line":35,"column":15},"end":{"line":35,"column":27}},"24":{"start":{"line":36,"column":11},"end":{"line":36,"column":31}},"25":{"start":{"line":46,"column":15},"end":{"line":46,"column":22}},"26":{"start":{"line":47,"column":4},"end":{"line":96,"column":5}},"27":{"start":{"line":48,"column":51},"end":{"line":48,"column":59}},"28":{"start":{"line":51,"column":6},"end":{"line":54,"column":7}},"29":{"start":{"line":52,"column":8},"end":{"line":52,"column":19}},"30":{"start":{"line":53,"column":8},"end":{"line":53,"column":81}},"31":{"start":{"line":57,"column":22},"end":{"line":57,"column":92}},"32":{"start":{"line":58,"column":6},"end":{"line":61,"column":7}},"33":{"start":{"line":59,"column":8},"end":{"line":59,"column":19}},"34":{"start":{"line":60,"column":8},"end":{"line":60,"column":77}},"35":{"start":{"line":64,"column":28},"end":{"line":64,"column":96}},"36":{"start":{"line":66,"column":6},"end":{"line":69,"column":7}},"37":{"start":{"line":67,"column":8},"end":{"line":67,"column":19}},"38":{"start":{"line":68,"column":8},"end":{"line":68,"column":109}},"39":{"start":{"line":72,"column":21},"end":{"line":76,"column":7}},"40":{"start":{"line":79,"column":6},"end":{"line":82,"column":8}},"41":{"start":{"line":84,"column":26},"end":{"line":84,"column":104}},"42":{"start":{"line":86,"column":6},"end":{"line":86,"column":17}},"43":{"start":{"line":87,"column":6},"end":{"line":91,"column":9}},"44":{"start":{"line":93,"column":6},"end":{"line":93,"column":59}},"45":{"start":{"line":94,"column":6},"end":{"line":94,"column":17}},"46":{"start":{"line":95,"column":6},"end":{"line":95,"column":53}},"47":{"start":{"line":103,"column":4},"end":{"line":117,"column":5}},"48":{"start":{"line":105,"column":6},"end":{"line":114,"column":8}},"49":{"start":{"line":116,"column":6},"end":{"line":116,"column":50}},"50":{"start":{"line":124,"column":15},"end":{"line":124,"column":22}},"51":{"start":{"line":125,"column":4},"end":{"line":144,"column":5}},"52":{"start":{"line":126,"column":25},"end":{"line":126,"column":35}},"53":{"start":{"line":128,"column":23},"end":{"line":136,"column":7}},"54":{"start":{"line":138,"column":6},"end":{"line":138,"column":17}},"55":{"start":{"line":139,"column":6},"end":{"line":139,"column":44}},"56":{"start":{"line":141,"column":6},"end":{"line":141,"column":70}},"57":{"start":{"line":142,"column":6},"end":{"line":142,"column":17}},"58":{"start":{"line":143,"column":6},"end":{"line":143,"column":53}},"59":{"start":{"line":151,"column":15},"end":{"line":151,"column":22}},"60":{"start":{"line":152,"column":4},"end":{"line":180,"column":5}},"61":{"start":{"line":153,"column":40},"end":{"line":153,"column":48}},"62":{"start":{"line":156,"column":26},"end":{"line":156,"column":104}},"63":{"start":{"line":157,"column":6},"end":{"line":160,"column":7}},"64":{"start":{"line":158,"column":8},"end":{"line":158,"column":19}},"65":{"start":{"line":159,"column":8},"end":{"line":159,"column":75}},"66":{"start":{"line":163,"column":6},"end":{"line":166,"column":8}},"67":{"start":{"line":168,"column":33},"end":{"line":168,"column":111}},"68":{"start":{"line":170,"column":6},"end":{"line":170,"column":17}},"69":{"start":{"line":171,"column":6},"end":{"line":175,"column":9}},"70":{"start":{"line":177,"column":6},"end":{"line":177,"column":59}},"71":{"start":{"line":178,"column":6},"end":{"line":178,"column":17}},"72":{"start":{"line":179,"column":6},"end":{"line":179,"column":53}},"73":{"start":{"line":184,"column":0},"end":{"line":184,"column":41}}},"fnMap":{"0":{"name":"(anonymous_0)","decl":{"start":{"line":13,"column":14},"end":{"line":13,"column":15}},"loc":{"start":{"line":13,"column":20},"end":{"line":13,"column":49}},"line":13},"1":{"name":"(anonymous_1)","decl":{"start":{"line":14,"column":17},"end":{"line":14,"column":18}},"loc":{"start":{"line":14,"column":43},"end":{"line":21,"column":1}},"line":14},"2":{"name":"(anonymous_2)","decl":{"start":{"line":15,"column":21},"end":{"line":15,"column":22}},"loc":{"start":{"line":15,"column":42},"end":{"line":20,"column":3}},"line":15},"3":{"name":"(anonymous_3)","decl":{"start":{"line":16,"column":24},"end":{"line":16,"column":25}},"loc":{"start":{"line":16,"column":38},"end":{"line":19,"column":5}},"line":16},"4":{"name":"(anonymous_4)","decl":{"start":{"line":23,"column":17},"end":{"line":23,"column":18}},"loc":{"start":{"line":23,"column":43},"end":{"line":30,"column":1}},"line":23},"5":{"name":"(anonymous_5)","decl":{"start":{"line":24,"column":21},"end":{"line":24,"column":22}},"loc":{"start":{"line":24,"column":42},"end":{"line":29,"column":3}},"line":24},"6":{"name":"(anonymous_6)","decl":{"start":{"line":25,"column":24},"end":{"line":25,"column":25}},"loc":{"start":{"line":25,"column":38},"end":{"line":28,"column":5}},"line":25},"7":{"name":"(anonymous_7)","decl":{"start":{"line":32,"column":17},"end":{"line":32,"column":18}},"loc":{"start":{"line":32,"column":43},"end":{"line":39,"column":1}},"line":32},"8":{"name":"(anonymous_8)","decl":{"start":{"line":33,"column":21},"end":{"line":33,"column":22}},"loc":{"start":{"line":33,"column":42},"end":{"line":38,"column":3}},"line":33},"9":{"name":"(anonymous_9)","decl":{"start":{"line":34,"column":24},"end":{"line":34,"column":25}},"loc":{"start":{"line":34,"column":39},"end":{"line":37,"column":5}},"line":34},"10":{"name":"(anonymous_10)","decl":{"start":{"line":45,"column":2},"end":{"line":45,"column":3}},"loc":{"start":{"line":45,"column":33},"end":{"line":97,"column":3}},"line":45},"11":{"name":"(anonymous_11)","decl":{"start":{"line":102,"column":2},"end":{"line":102,"column":3}},"loc":{"start":{"line":102,"column":34},"end":{"line":118,"column":3}},"line":102},"12":{"name":"(anonymous_12)","decl":{"start":{"line":123,"column":2},"end":{"line":123,"column":3}},"loc":{"start":{"line":123,"column":36},"end":{"line":145,"column":3}},"line":123},"13":{"name":"(anonymous_13)","decl":{"start":{"line":150,"column":2},"end":{"line":150,"column":3}},"loc":{"start":{"line":150,"column":32},"end":{"line":181,"column":3}},"line":150}},"branchMap":{"0":{"loc":{"start":{"line":14,"column":27},"end":{"line":14,"column":38}},"type":"default-arg","locations":[{"start":{"line":14,"column":36},"end":{"line":14,"column":38}}],"line":14},"1":{"loc":{"start":{"line":17,"column":6},"end":{"line":18,"column":67}},"type":"if","locations":[{"start":{"line":17,"column":6},"end":{"line":18,"column":67}},{"start":{"line":18,"column":11},"end":{"line":18,"column":67}}],"line":17},"2":{"loc":{"start":{"line":23,"column":27},"end":{"line":23,"column":38}},"type":"default-arg","locations":[{"start":{"line":23,"column":36},"end":{"line":23,"column":38}}],"line":23},"3":{"loc":{"start":{"line":26,"column":6},"end":{"line":27,"column":24}},"type":"if","locations":[{"start":{"line":26,"column":6},"end":{"line":27,"column":24}},{"start":{"line":27,"column":11},"end":{"line":27,"column":24}}],"line":26},"4":{"loc":{"start":{"line":32,"column":27},"end":{"line":32,"column":38}},"type":"default-arg","locations":[{"start":{"line":32,"column":36},"end":{"line":32,"column":38}}],"line":32},"5":{"loc":{"start":{"line":35,"column":6},"end":{"line":36,"column":31}},"type":"if","locations":[{"start":{"line":35,"column":6},"end":{"line":36,"column":31}},{"start":{"line":36,"column":11},"end":{"line":36,"column":31}}],"line":35},"6":{"loc":{"start":{"line":36,"column":19},"end":{"line":36,"column":29}},"type":"binary-expr","locations":[{"start":{"line":36,"column":19},"end":{"line":36,"column":23}},{"start":{"line":36,"column":27},"end":{"line":36,"column":29}}],"line":36},"7":{"loc":{"start":{"line":51,"column":6},"end":{"line":54,"column":7}},"type":"if","locations":[{"start":{"line":51,"column":6},"end":{"line":54,"column":7}},{"start":{},"end":{}}],"line":51},"8":{"loc":{"start":{"line":51,"column":10},"end":{"line":51,"colum
[...]
,"end":{"line":25,"column":25}},"9":{"start":{"line":27,"column":2},"end":{"line":30,"column":3}},"10":{"start":{"line":28,"column":19},"end":{"line":28,"column":39}},"11":{"start":{"line":29,"column":4},"end":{"line":29,"column":62}},"12":{"start":{"line":32,"column":2},"end":{"line":35,"column":3}},"13":{"start":{"line":33,"column":27},"end":{"line":33,"column":39}},"14":{"start":{"line":34,"column":4},"end":{"line":34,"column":37}},"15":{"start":{"line":37,"column":2},"end":{"line":39,"column":3}},"16":{"start":{"line":38,"column":4},"end":{"line":38,"column":65}},"17":{"start":{"line":41,"column":2},"end":{"line":41,"column":64}},"18":{"start":{"line":44,"column":0},"end":{"line":44,"column":24}}},"fnMap":{"0":{"name":"(anonymous_0)","decl":{"start":{"line":4,"column":24},"end":{"line":4,"column":25}},"loc":{"start":{"line":4,"column":66},"end":{"line":6,"column":1}},"line":4},"1":{"name":"(anonymous_1)","decl":{"start":{"line":23,"column":17},"end":{"line":23,"column":18}},"loc":{"start":{"line":23,"column":28},"end":{"line":42,"column":1}},"line":23}},"branchMap":{"0":{"loc":{"start":{"line":5,"column":36},"end":{"line":5,"column":52}},"type":"binary-expr","locations":[{"start":{"line":5,"column":36},"end":{"line":5,"column":41}},{"start":{"line":5,"column":45},"end":{"line":5,"column":52}}],"line":5},"1":{"loc":{"start":{"line":9,"column":9},"end":{"line":9,"column":40}},"type":"binary-expr","locations":[{"start":{"line":9,"column":9},"end":{"line":9,"column":30}},{"start":{"line":9,"column":34},"end":{"line":9,"column":40}}],"line":9},"2":{"loc":{"start":{"line":24,"column":2},"end":{"line":24,"column":27}},"type":"if","locations":[{"start":{"line":24,"column":2},"end":{"line":24,"column":27}},{"start":{},"end":{}}],"line":24},"3":{"loc":{"start":{"line":27,"column":2},"end":{"line":30,"column":3}},"type":"if","locations":[{"start":{"line":27,"column":2},"end":{"line":30,"column":3}},{"start":{},"end":{}}],"line":27},"4":{"loc":{"start":{"line":27,"column":6},"end":{"line":27,"column":65}},"type":"binary-expr","locations":[{"start":{"line":27,"column":6},"end":{"line":27,"column":43}},{"start":{"line":27,"column":47},"end":{"line":27,"column":65}}],"line":27},"5":{"loc":{"start":{"line":32,"column":2},"end":{"line":35,"column":3}},"type":"if","locations":[{"start":{"line":32,"column":2},"end":{"line":35,"column":3}},{"start":{},"end":{}}],"line":32},"6":{"loc":{"start":{"line":37,"column":2},"end":{"line":39,"column":3}},"type":"if","locations":[{"start":{"line":37,"column":2},"end":{"line":39,"column":3}},{"start":{},"end":{}}],"line":37},"7":{"loc":{"start":{"line":37,"column":6},"end":{"line":37,"column":66}},"type":"binary-expr","locations":[{"start":{"line":37,"column":6},"end":{"line":37,"column":41}},{"start":{"line":37,"column":45},"end":{"line":37,"column":66}}],"line":37},"8":{"loc":{"start":{"line":41,"column":9},"end":{"line":41,"column":63}},"type":"cond-expr","locations":[{"start":{"line":41,"column":24},"end":{"line":41,"column":59}},{"start":{"line":41,"column":62},"end":{"line":41,"column":63}}],"line":41}},"s":{"0":1,"1":1,"2":1,"3":0,"4":1,"5":1,"6":0,"7":0,"8":0,"9":0,"10":0,"11":0,"12":0,"13":0,"14":0,"15":0,"16":0,"17":0,"18":1},"f":{"0":0,"1":0},"b":{"0":[0,0],"1":[1,1],"2":[0,0],"3":[0,0],"4":[0,0],"5":[0,0],"6":[0,0],"7":[0,0],"8":[0,0]},"_coverageSchema":"1a1c01bbd47fc00a2c39e90264f33305004495a9","hash":"33ed18015a8d27194dd8ea72b8cb986abde36a7f"}
,"/workspaces/vamos/backend/src/utils/notifications.js": {"path":"/workspaces/vamos/backend/src/utils/notifications.js","statementMap":{"0":{"start":{"line":6,"column":31},"end":{"line":6,"column":79}},"1":{"start":{"line":7,"column":15},"end":{"line":7,"column":34}},"2":{"start":{"line":14,"column":4},"end":{"line":14,"column":69}},"3":{"start":{"line":21,"column":4},"end":{"line":21,"column":62}},"4":{"start":{"line":28,"column":4},"end":{"line":28,"column":68}},"5":{"start":{"line":30,"column":4},"end":{"line":30,"column":16}},"6":{"start":{"line":37,"column":4},"end":{"line":37,"column":56}},"7":{"start":{"line":44,"column":4},"end":{"line":44,"column":70}},"8":{"start":{"line":48,"column":0},"end":{"line":48,"column":37}}},"fnMap":{"0":{"name":"(anonymous_0)","decl":{"start":{"line":13,"column":2},"end":{"line":13,"column":3}},"loc":{"start":{"line":13,"column":52},"end":{"line":15,"column":3}},"line":13},"1":{"name":"(anonymous_1)","decl":{"start":{"line":20,"column":2},"end":{"line":20,"column":3}},"loc":{"start":{"line":20,"column":33},"end":{"line":22,"column":3}},"line":20},"2":{"name":"(anonymous_2)","decl":{"start":{"line":27,"column":2},"end":{"line":27,"column":3}},"loc":{"start":{"line":27,"column":34},"end":{"line":31,"column":3}},"line":27},"3":{"name":"(anonymous_3)","decl":{"start":{"line":36,"column":2},"end":{"line":36,"column":3}},"loc":{"start":{"line":36,"column":37},"end":{"line":38,"column":3}},"line":36},"4":{"name":"(anonymous_4)","decl":{"start":{"line":43,"column":2},"end":{"line":43,"column":3}},"loc":{"start":{"line":43,"column":39},"end":{"line":45,"column":3}},"line":43}},"branchMap":{},"s":{"0":0,"1":0,"2":0,"3":0,"4":0,"5":0,"6":0,"7":0,"8":0},"f":{"0":0,"1":0,"2":0,"3":0,"4":0},"b":{}}
,"/workspaces/vamos/backend/src/utils/priceCalculator.js": {"path":"/workspaces/vamos/backend/src/utils/priceCalculator.js","statementMap":{"0":{"start":{"line":13,"column":14},"end":{"line":13,"column":15}},"1":{"start":{"line":16,"column":25},"end":{"line":16,"column":52}},"2":{"start":{"line":17,"column":30},"end":{"line":17,"column":68}},"3":{"start":{"line":18,"column":24},"end":{"line":18,"column":51}},"4":{"start":{"line":21,"column":2},"end":{"line":25,"column":3}},"5":{"start":{"line":22,"column":4},"end":{"line":22,"column":27}},"6":{"start":{"line":24,"column":4},"end":{"line":24,"column":71}},"7":{"start":{"line":27,"column":2},"end":{"line":27,"column":52}},"8":{"start":{"line":30,"column":2},"end":{"line":35,"column":3}},"9":{"start":{"line":31,"column":4},"end":{"line":31,"column":72}},"10":{"start":{"line":32,"column":4},"end":{"line":32,"column":41}},"11":{"start":{"line":34,"column":4},"end":{"line":34,"column":36}},"12":{"start":{"line":38,"column":2},"end":{"line":44,"column":3}},"13":{"start":{"line":39,"column":31},"end":{"line":39,"column":65}},"14":{"start":{"line":40,"column":4},"end":{"line":40,"column":84}},"15":{"start":{"line":41,"column":4},"end":{"line":41,"column":31}},"16":{"start":{"line":43,"column":4},"end":{"line":43,"column":26}},"17":{"start":{"line":47,"column":2},"end":{"line":53,"column":3}},"18":{"start":{"line":48,"column":23},"end":{"line":48,"column":59}},"19":{"start":{"line":49,"column":4},"end":{"line":49,"column":85}},"20":{"start":{"line":50,"column":4},"end":{"line":50,"column":42}},"21":{"start":{"line":52,"column":4},"end":{"line":52,"column":37}},"22":{"start":{"line":56,"column":2},"end":{"line":58,"column":3}},"23":{"start":{"line":57,"column":4},"end":{"line":57,"column":55}},"24":{"start":{"line":60,"column":2},"end":{"line":60,"column":53}},"25":{"start":{"line":62,"column":2},"end":{"line":76,"column":4}},"26":{"start":{"line":84,"column":16},"end":{"line":89,"column":3}},"27":{"start":{"line":91,"column":2},"end":{"line":101,"column":3}},"28":{"start":{"line":92,"column":4},"end":{"line":92,"column":31}},"29":{"start":{"line":93,"column":4},"end":{"line":93,"column":30}},"30":{"start":{"line":94,"column":4},"end":{"line":94,"column":93}},"31":{"start":{"line":95,"column":9},"end":{"line":101,"column":3}},"32":{"start":{"line":96,"column":4},"end":{"line":96,"column":31}},"33":{"start":{"line":97,"column":4},"end":{"line":97,"column":62}},"34":{"start":{"line":99,"column":22},"end":{"line":99,"column":47}},"35":{"start":{"line":100,"column":4},"end":{"line":100,"column":104}},"36":{"start":{"line":103,"column":2},"end":{"line":103,"column":15}},"37":{"start":{"line":110,"column":15},"end":{"line":110,"column":54}},"38":{"start":{"line":112,"column":18},"end":{"line":116,"column":3}},"39":{"start":{"line":118,"column":2},"end":{"line":123,"column":3}},"40":{"start":{"line":119,"column":4},"end":{"line":122,"column":7}},"41":{"start":{"line":125,"column":2},"end":{"line":130,"column":3}},"42":{"start":{"line":126,"column":4},"end":{"line":129,"column":7}},"43":{"start":{"line":132,"column":2},"end":{"line":137,"column":3}},"44":{"start":{"line":133,"column":4},"end":{"line":136,"column":7}},"45":{"start":{"line":139,"column":2},"end":{"line":144,"column":3}},"46":{"start":{"line":140,"column":4},"end":{"line":143,"column":7}},"47":{"start":{"line":146,"column":2},"end":{"line":150,"column":5}},"48":{"start":{"line":152,"column":2},"end":{"line":152,"column":17}},"49":{"start":{"line":155,"column":0},"end":{"line":159,"column":2}}},"fnMap":{"0":{"name":"calculateBookingPrice","decl":{"start":{"line":12,"column":9},"end":{"line":12,"column":30}},"loc":{"start":{"line":12,"column":49},"end":{"line":77,"column":1}},"line":12},"1":{"name":"calculateLoyaltyBonus","decl":{"start":{"line":83,"column":9},"end":{"line":83,"column":30}},"loc":{"start":{"line":83,"column":37},"end":{"line":104,"column":1}},"line":83},"2":{"name":"generatePriceSummary","decl":{"start":{"line":109,"column":9},"end":{"line":109,"column":29}},"loc":{"start":{"line":109,"column":48},"end":{"line":153,"column":1}},"line":109}},"branchMap":{"0":{"loc":{"start":{"line":16,"column":25},"end":{"line":16,"column":52}},"type":"binary-expr","locations":[{"start":{"line":16,"column":25},"end":{"line":16,"column":43}},{"start":{"line":16,"column":47},"end":{"line":16,"column":52}}],"line":16},"1":{"loc":{"start":{"line":17,"column":30},"end":{"line":17,"column":68}},"type":"binary-expr","locations":[{"start":{"line":17,"column":30},"end":{"line":17,"column":59}},{"start":{"line":17,"column":63},"end":{"line":17,"column":68}}],"line":17},"2":{"loc":{"start":{"line":18,"column":24},"end":{"line":18,"column":51}},"type":"binary-expr","locations":[{"start":{"line":18,"column":24},"end":{"line":18,"column":46}},{"start":{"line":18,"column":50},"end":{"line":18,"column":51}}],"line":18},"3":{"loc":{"start":{"line":21,"column":2},"end":{"line":25,"column":3}},"type":"if","locations":[{"start":{"line":21,"column":2},"end":{"line":25,"column":3}},{"start":{"line":23,"column":9},"end":{"line":25,"column":3}}],"line":21},"4":{"loc":{"start":{"line":30,"column":2},"end":{"line":35,"column":3}},"type":"if","locations":[{"start":{"line":30,"column":2},"end":{"line":35,"column":3}},{"start":{"line":33,"column":9},"end":{"line":35,"column":3}}],"line":30},"5":{"loc":{"start":{"line":38,"column":2},"end":{"line":44,"column":3}},"type":"if","locations":[{"start":{"line":38,"column":2},"end":{"line":44,"column":3}},{"start":{"line":42,"column":9},"end":{"line":44,"column":3}}],"line":38},"6":{"loc":{"start":{"line":39,"column":31},"end":{"line":39,"column":65}},"type":"binary-expr","locations":[{"start":{"line":39,"column":31},"end":{"line":39,"column":59}},{"start":{"line":39,"column":63},"end":{"line":39,"column":65}}],"line":39},"7":{"loc":{"start":{"line":47,"column":2},"end":{"line":53,"column":3}},"type":"if","locations":[{"start":{"line":47,"column":2},"end":{"line":53,"column":3}},{"start":{"line":51,"column":9},"end":{"line":53,"column":3}}],"line":47},"8":{"loc":{"start":{"line":48,"column":23},"end":{"line":48,"column":59}},"type":"binary-expr","locations":[{"start":{"line":48,"column":23},"end":{"line":48,"column":51}},{"start":{"line":48,"column":55},"end":{"line":48,"column":59}}],"line":48},"9":{"loc":{"start":{"line":56,"column":2},"end":{"line":58,"column":3}},"type":"if","locations":[{"start":{"line":56,"column":2},"end":{"line":58,"column":3}},{"start":{},"end":{}}],"line":56},"10":{"loc":{"start":{"line":56,"column":6},"end":{"line":56,"column":56}},"type":"binary-expr","locations":[{"start":{"line":56,"column":6},"end":{"line":56,"column":27}},{"start":{"line":56,"column":31},"end":{"line":56,"column":56}}],"line":56},"11":{"loc":{"start":{"line":85,"column":20},"end":{"line":85,"column":46}},"type":"binary-expr","locations":[{"start":{"line":85,"column":20},"end":{"line":85,"column":41}},{"start":{"line":85,"column":45},"end":{"line":85,"column":46}}],"line":85},"12":{"loc":{"start":{"line":91,"column":2},"end":{"line":101,"column":3}},"type":"if","locations":[{"start":{"line":91,"column":2},"end":{"line":101,"column":3}},{"start":{"line":95,"column":9},"end":{"line":101,"column":3}}],"line":91},"13":{"loc":{"start":{"line":91,"column":6},"end":{"line":91,"column":56}},"type":"binary-expr","locations":[{"start":{"line":91,"column":6},"end":{"line":91,"column":32}},{"start":{"line":91,"column":36},"end":{"line":91,"column":56}}],"line":91},"14":{"loc":{"start":{"line":95,"column":9},"end":{"line":101,"column":3}},"type":"if","locations":[{"start":{"line":95,"column":9},"end":{"line":101,"column":3}},{"start":{"line":98,"column":9},"end":{"line":101,"column":3}}],"line":95},"15":{"loc":{"start":{"line":118,"column":2},"end":{"line":123,"column":3}},"type":"if","locations":[{"start":{"line":118,"column":2},"end":{"line":123,"column":3}},{"start":{},"end":{}}],"line":118},"16":{"loc":{"start":{"line":125,"column":2},"end":{"line":130,"column":3}},"type":"if","locations":[{"start":{"line":125,"column":2},"end":{"line":130,"column":3}},{"start":{},"end":{}}],"line":125},"17":{"loc":{"start":{"line":132,"column":2},"end":{"line":137,"column":3}},"type":"if","locations":[{"start":{"line":132,"column":2},"end":{"line":137,"column":3}},{"start":{},"end":{}}],"line":132},"18":{"loc":{"start":{"line":139,"column":2},"end":{"line":144,"column":3}},"type":"if","locations":[{"start":{"line":139,"column":2},"end":{"line":144,"column":3}},{"start":{},"end":{}}],"line":139}},"s":{"0":0,"1":0,"2":0,"3":0,"4":0,"5":0,"6":0,"7":0,"8":0,"9":0,"10":0,"11":0,"12":0,"13":0,"14":0,"15":0,"16":0,"17":0,"18":0,"19":0,"20":0,"21":0,"22":0,"23":0,"24":0,"25":0,"26":0,"27":0,"28":0,"29":0,"30":0,"31":0,"32":0,"33":0,"34":0,"35":0,"36":0,"37":0,"38":0,"39":0,"40":0,"41":0,"42":0,"43":0,"44":0,"45":0,"46":0,"47":0,"48":0,"49":1},"f":{"0":0,"1":0,"2":0},"b":{"0":[0,0],"1":[0,0],"2":[0,0],"3":[0,0],"4":[0,0],"5":[0,0],"6":[0,0],"7":[0,0],"8":[0,0],"9":[0,0],"10":[0,0],"11":[0,0],"12":[0,0],"13":[0,0],"14":[0,0],"15":[0,0],"16":[0,0],"17":[0,0],"18":[0,0]},"_coverageSchema":"1a1c01bbd47fc00a2c39e90264f33305004495a9","hash":"cfabc2bf1b988dfff61c1f66d1710e52dfdc289a"}
,"/workspaces/vamos/backend/src/utils/scheduler.js": {"path":"/workspaces/vamos/backend/src/utils/scheduler.js","statementMap":{"0":{"start":{"line":6,"column":13},"end":{"line":6,"column":33}},"1":{"start":{"line":7,"column":28},"end":{"line":7,"column":54}},"2":{"start":{"line":8,"column":26},"end":{"line":8,"column":66}},"3":{"start":{"line":9,"column":15},"end":{"line":9,"column":34}},"4":{"start":{"line":16,"column":4},"end":{"line":16,"column":46}},"5":{"start":{"line":19,"column":4},"end":{"line":22,"column":7}},"6":{"start":{"line":20,"column":6},"end":{"line":20,"column":60}},"7":{"start":{"line":21,"column":6},"end":{"line":21,"column":50}},"8":{"start":{"line":25,"column":4},"end":{"line":28,"column":7}},"9":{"start":{"line":26,"column":6},"end":{"line":26,"column":61}},"10":{"start":{"line":27,"column":6},"end":{"line":27,"column":41}},"11":{"start":{"line":31,"column":4},"end":{"line":34,"column":7}},"12":{"start":{"line":32,"column":6},"end":{"line":32,"column":54}},"13":{"start":{"line":33,"column":6},"end":{"line":33,"column":36}},"14":{"start":{"line":37,"column":4},"end":{"line":40,"column":7}},"15":{"start":{"line":38,"column":6},"end":{"line":38,"column":50}},"16":{"start":{"line":39,"column":6},"end":{"line":39,"column":34}},"17":{"start":{"line":43,"column":4},"end":{"line":46,"column":7}},"18":{"start":{"line":44,"column":6},"end":{"line":44,"column":55}},"19":{"start":{"line":45,"column":6},"end":{"line":45,"column":42}},"20":{"start":{"line":48,"column":4},"end":{"line":48,"column":54}},"21":{"start":{"line":55,"column":4},"end":{"line":64,"column":5}},"22":{"start":{"line":61,"column":6},"end":{"line":61,"column":43}},"23":{"start":{"line":63,"column":6},"end":{"line":63,"column":60}},"24":{"start":{"line":71,"column":4},"end":{"line":81,"column":5}},"25":{"start":{"line":78,"column":6},"end":{"line":78,"column":43}},"26":{"start":{"line":80,"column":6},"end":{"line":80,"column":55}},"27":{"start":{"line":88,"column":4},"end":{"line":94,"column":5}},"28":{"start":{"line":91,"column":6},"end":{"line":91,"column":48}},"29":{"start":{"line":93,"column":6},"end":{"line":93,"column":53}},"30":{"start":{"line":101,"column":4},"end":{"line":107,"column":5}},"31":{"start":{"line":104,"column":6},"end":{"line":104,"column":40}},"32":{"start":{"line":106,"column":6},"end":{"line":106,"column":61}},"33":{"start":{"line":114,"column":16},"end":{"line":114,"column":26}},"34":{"start":{"line":115,"column":26},"end":{"line":115,"column":55}},"35":{"start":{"line":116,"column":32},"end":{"line":116,"column":77}},"36":{"start":{"line":118,"column":4},"end":{"line":118,"column":63}},"37":{"start":{"line":125,"column":4},"end":{"line":125,"column":37}},"38":{"start":{"line":129,"column":0},"end":{"line":129,"column":27}}},"fnMap":{"0":{"name":"(anonymous_0)","decl":{"start":{"line":15,"column":2},"end":{"line":15,"column":3}},"loc":{"start":{"line":15,"column":16},"end":{"line":49,"column":3}},"line":15},"1":{"name":"(anonymous_1)","decl":{"start":{"line":19,"column":32},"end":{"line":19,"column":33}},"loc":{"start":{"line":19,"column":44},"end":{"line":22,"column":5}},"line":19},"2":{"name":"(anonymous_2)","decl":{"start":{"line":25,"column":31},"end":{"line":25,"column":32}},"loc":{"start":{"line":25,"column":43},"end":{"line":28,"column":5}},"line":25},"3":{"name":"(anonymous_3)","decl":{"start":{"line":31,"column":33},"end":{"line":31,"column":34}},"loc":{"start":{"line":31,"column":45},"end":{"line":34,"column":5}},"line":31},"4":{"name":"(anonymous_4)","decl":{"start":{"line":37,"column":31},"end":{"line":37,"column":32}},"loc":{"start":{"line":37,"column":43},"end":{"line":40,"column":5}},"line":37},"5":{"name":"(anonymous_5)","decl":{"start":{"line":43,"column":31},"end":{"line":43,"column":32}},"loc":{"start":{"line":43,"column":43},"end":{"line":46,"column":5}},"line":43},"6":{"name":"(anonymous_6)","decl":{"start":{"line":54,"column":2},"end":{"line":54,"column":3}},"loc":{"start":{"line":54,"column":39},"end":{"line":65,"column":3}},"line":54},"7":{"name":"(anonymous_7)","decl":{"start":{"line":70,"column":2},"end":{"line":70,"column":3}},"loc":{"start":{"line":70,"column":34},"end":{"line":82,"column":3}},"line":70},"8":{"name":"(anonymous_8)","decl":{"start":{"line":87,"column":2},"end":{"line":87,"column":3}},"loc":{"start":{"line":87,"column":32},"end":{"line":95,"column":3}},"line":87},"9":{"name":"(anonymous_9)","decl":{"start":{"line":100,"column":2},"end":{"line":100,"column":3}},"loc":{"start":{"line":100,"column":40},"end":{"line":108,"column":3}},"line":100},"10":{"name":"(anonymous_10)","decl":{"start":{"line":113,"column":2},"end":{"line":113,"column":3}},"loc":{"start":{"line":113,"column":33},"end":{"line":119,"column":3}},"line":113},"11":{"name":"(anonymous_11)","decl":{"start":{"line":124,"column":2},"end":{"line":124,"column":3}},"loc":{"start":{"line":124,"column":43},"end":{"line":126,"column":3}},"line":124}},"branchMap":{"0":{"loc":{"start":{"line":118,"column":11},"end":{"line":118,"column":62}},"type":"binary-expr","locations":[{"start":{"line":118,"column":11},"end":{"line":118,"column":35}},{"start":{"line":118,"column":39},"end":{"line":118,"column":62}}],"line":118}},"s":{"0":0,"1":0,"2":0,"3":0,"4":0,"5":0,"6":0,"7":0,"8":0,"9":0,"10":0,"11":0,"12":0,"13":0,"14":0,"15":0,"16":0,"17":0,"18":0,"19":0,"20":0,"21":0,"22":0,"23":0,"24":0,"25":0,"26":0,"27":0,"28":0,"29":0,"30":0,"31":0,"32":0,"33":0,"34":0,"35":0,"36":0,"37":0,"38":0},"f":{"0":0,"1":0,"2":0,"3":0,"4":0,"5":0,"6":0,"7":0,"8":0,"9":0,"10":0,"11":0},"b":{"0":[0,0]}}
}
