TN:
SF:src/controllers/AdminController.js
FN:11,(anonymous_0)
FN:12,(anonymous_1)
FN:13,(anonymous_2)
FN:14,(anonymous_3)
FN:21,(anonymous_4)
FN:22,(anonymous_5)
FN:23,(anonymous_6)
FN:34,(anonymous_7)
FN:102,(anonymous_8)
FN:144,(anonymous_9)
FN:200,(anonymous_10)
FN:224,(anonymous_11)
FN:252,(anonymous_12)
FN:287,(anonymous_13)
FNF:14
FNH:0
FNDA:0,(anonymous_0)
FNDA:0,(anonymous_1)
FNDA:0,(anonymous_2)
FNDA:0,(anonymous_3)
FNDA:0,(anonymous_4)
FNDA:0,(anonymous_5)
FNDA:0,(anonymous_6)
FNDA:0,(anonymous_7)
FNDA:0,(anonymous_8)
FNDA:0,(anonymous_9)
FNDA:0,(anonymous_10)
FNDA:0,(anonymous_11)
FNDA:0,(anonymous_12)
FNDA:0,(anonymous_13)
DA:6,1
DA:7,1
DA:9,1
DA:11,1
DA:12,1
DA:13,0
DA:14,0
DA:15,0
DA:16,0
DA:21,1
DA:22,0
DA:23,0
DA:24,0
DA:25,0
DA:35,0
DA:36,0
DA:37,0
DA:40,0
DA:49,0
DA:52,0
DA:60,0
DA:63,0
DA:77,0
DA:80,0
DA:88,0
DA:90,0
DA:91,0
DA:93,0
DA:94,0
DA:95,0
DA:103,0
DA:104,0
DA:105,0
DA:108,0
DA:109,0
DA:110,0
DA:111,0
DA:112,0
DA:113,0
DA:115,0
DA:116,0
DA:119,0
DA:131,0
DA:132,0
DA:133,0
DA:135,0
DA:136,0
DA:137,0
DA:145,0
DA:146,0
DA:147,0
DA:149,0
DA:167,0
DA:169,0
DA:170,0
DA:171,0
DA:174,0
DA:175,0
DA:176,0
DA:179,0
DA:180,0
DA:181,0
DA:184,0
DA:185,0
DA:187,0
DA:188,0
DA:189,0
DA:191,0
DA:192,0
DA:193,0
DA:201,0
DA:202,0
DA:203,0
DA:212,0
DA:213,0
DA:215,0
DA:216,0
DA:217,0
DA:225,0
DA:226,0
DA:227,0
DA:240,0
DA:241,0
DA:243,0
DA:244,0
DA:245,0
DA:253,0
DA:254,0
DA:255,0
DA:275,0
DA:276,0
DA:278,0
DA:279,0
DA:280,0
DA:288,0
DA:289,0
DA:290,0
DA:292,0
DA:308,0
DA:309,0
DA:310,0
DA:311,0
DA:314,0
DA:316,0
DA:317,0
DA:318,0
DA:320,0
DA:321,0
DA:322,0
DA:327,1
LF:110
LH:7
BRDA:12,0,0,0
BRDA:15,1,0,0
BRDA:15,1,1,0
BRDA:21,2,0,0
BRDA:24,3,0,0
BRDA:24,3,1,0
BRDA:25,4,0,0
BRDA:25,4,1,0
BRDA:105,5,0,0
BRDA:108,6,0,0
BRDA:108,6,1,0
BRDA:111,7,0,0
BRDA:111,7,1,0
BRDA:147,8,0,0
BRDA:147,9,0,0
BRDA:169,10,0,0
BRDA:169,10,1,0
BRDA:174,11,0,0
BRDA:174,11,1,0
BRDA:179,12,0,0
BRDA:179,12,1,0
BRDA:309,13,0,0
BRDA:309,13,1,0
BRF:23
BRH:0
end_of_record
TN:
SF:src/controllers/AuthController.js
FN:23,(anonymous_0)
FN:169,(anonymous_1)
FN:250,(anonymous_2)
FN:265,(anonymous_3)
FN:266,(anonymous_4)
FN:276,(anonymous_5)
FN:277,(anonymous_6)
FN:313,(anonymous_7)
FN:325,(anonymous_8)
FNF:9
FNH:0
FNDA:0,(anonymous_0)
FNDA:0,(anonymous_1)
FNDA:0,(anonymous_2)
FNDA:0,(anonymous_3)
FNDA:0,(anonymous_4)
FNDA:0,(anonymous_5)
FNDA:0,(anonymous_6)
FNDA:0,(anonymous_7)
FNDA:0,(anonymous_8)
DA:5,0
DA:6,0
DA:7,0
DA:8,0
DA:11,0
DA:12,0
DA:14,0
DA:15,0
DA:16,0
DA:24,0
DA:46,0
DA:49,0
DA:50,0
DA:56,0
DA:57,0
DA:58,0
DA:64,0
DA:65,0
DA:66,0
DA:72,0
DA:73,0
DA:79,0
DA:84,0
DA:85,0
DA:91,0
DA:94,0
DA:95,0
DA:96,0
DA:101,0
DA:102,0
DA:109,0
DA:122,0
DA:125,0
DA:136,0
DA:142,0
DA:159,0
DA:160,0
DA:170,0
DA:171,0
DA:173,0
DA:174,0
DA:180,0
DA:185,0
DA:186,0
DA:191,0
DA:192,0
DA:198,0
DA:199,0
DA:200,0
DA:206,0
DA:217,0
DA:223,0
DA:240,0
DA:241,0
DA:251,0
DA:252,0
DA:253,0
DA:256,0
DA:264,0
DA:265,0
DA:266,0
DA:269,0
DA:270,0
DA:275,0
DA:276,0
DA:277,0
DA:279,0
DA:285,0
DA:287,0
DA:303,0
DA:304,0
DA:316,0
DA:326,0
DA:327,0
DA:329,0
DA:330,0
DA:335,0
DA:340,0
DA:342,0
DA:343,0
DA:348,0
DA:359,0
DA:365,0
DA:366,0
DA:373,0
LF:85
LH:0
BRDA:11,0,0,0
BRDA:11,0,1,0
BRDA:12,1,0,0
BRDA:12,1,1,0
BRDA:14,2,0,0
BRDA:14,2,1,0
BRDA:14,3,0,0
BRDA:14,3,1,0
BRDA:14,3,2,0
BRDA:31,4,0,0
BRDA:49,5,0,0
BRDA:49,5,1,0
BRDA:49,6,0,0
BRDA:49,6,1,0
BRDA:49,6,2,0
BRDA:49,6,3,0
BRDA:57,7,0,0
BRDA:57,7,1,0
BRDA:65,8,0,0
BRDA:65,8,1,0
BRDA:72,9,0,0
BRDA:72,9,1,0
BRDA:72,10,0,0
BRDA:72,10,1,0
BRDA:84,11,0,0
BRDA:84,11,1,0
BRDA:94,12,0,0
BRDA:94,12,1,0
BRDA:95,13,0,0
BRDA:95,13,1,0
BRDA:95,14,0,0
BRDA:95,14,1,0
BRDA:101,15,0,0
BRDA:101,15,1,0
BRDA:101,16,0,0
BRDA:101,16,1,0
BRDA:173,17,0,0
BRDA:173,17,1,0
BRDA:173,18,0,0
BRDA:173,18,1,0
BRDA:185,19,0,0
BRDA:185,19,1,0
BRDA:191,20,0,0
BRDA:191,20,1,0
BRDA:199,21,0,0
BRDA:199,21,1,0
BRDA:269,22,0,0
BRDA:269,22,1,0
BRDA:329,23,0,0
BRDA:329,23,1,0
BRDA:342,24,0,0
BRDA:342,24,1,0
BRF:52
BRH:0
end_of_record
TN:
SF:src/controllers/BookingController.js
FN:13,(anonymous_0)
FN:14,(anonymous_1)
FN:15,(anonymous_2)
FN:16,(anonymous_3)
FN:23,(anonymous_4)
FN:24,(anonymous_5)
FN:25,(anonymous_6)
FN:32,(anonymous_7)
FN:33,(anonymous_8)
FN:34,(anonymous_9)
FN:45,(anonymous_10)
FN:151,(anonymous_11)
FN:177,(anonymous_12)
FN:253,(anonymous_13)
FN:309,(anonymous_14)
FN:340,(anonymous_15)
FN:379,(anonymous_16)
FNF:17
FNH:7
FNDA:30,(anonymous_0)
FNDA:12,(anonymous_1)
FNDA:12,(anonymous_2)
FNDA:12,(anonymous_3)
FNDA:0,(anonymous_4)
FNDA:0,(anonymous_5)
FNDA:0,(anonymous_6)
FNDA:0,(anonymous_7)
FNDA:0,(anonymous_8)
FNDA:0,(anonymous_9)
FNDA:17,(anonymous_10)
FNDA:0,(anonymous_11)
FNDA:0,(anonymous_12)
FNDA:6,(anonymous_13)
FNDA:7,(anonymous_14)
FNDA:0,(anonymous_15)
FNDA:0,(anonymous_16)
DA:6,1
DA:7,1
DA:8,1
DA:10,1
DA:13,30
DA:14,1
DA:15,12
DA:16,12
DA:17,12
DA:18,0
DA:23,1
DA:24,0
DA:25,0
DA:26,0
DA:27,0
DA:32,1
DA:33,0
DA:34,0
DA:35,0
DA:36,0
DA:46,17
DA:47,17
DA:60,17
DA:62,17
DA:63,17
DA:69,0
DA:70,0
DA:71,0
DA:75,0
DA:76,0
DA:77,0
DA:81,0
DA:97,0
DA:99,0
DA:100,0
DA:101,0
DA:102,0
DA:103,0
DA:106,0
DA:107,0
DA:110,0
DA:117,0
DA:130,0
DA:131,0
DA:133,0
DA:134,0
DA:142,0
DA:143,0
DA:144,0
DA:152,0
DA:153,0
DA:154,0
DA:156,0
DA:165,0
DA:166,0
DA:168,0
DA:169,0
DA:170,0
DA:178,0
DA:179,0
DA:180,0
DA:181,0
DA:183,0
DA:184,0
DA:185,0
DA:191,0
DA:197,0
DA:198,0
DA:199,0
DA:202,0
DA:203,0
DA:204,0
DA:207,0
DA:208,0
DA:209,0
DA:213,0
DA:222,0
DA:223,0
DA:237,0
DA:238,0
DA:244,0
DA:245,0
DA:246,0
DA:254,6
DA:255,6
DA:256,6
DA:257,6
DA:259,6
DA:260,6
DA:261,1
DA:262,1
DA:267,5
DA:268,5
DA:270,5
DA:271,4
DA:272,4
DA:275,5
DA:276,1
DA:277,1
DA:280,5
DA:281,1
DA:282,1
DA:285,5
DA:286,5
DA:288,5
DA:290,0
DA:292,0
DA:293,0
DA:300,5
DA:301,5
DA:302,5
DA:310,7
DA:311,7
DA:312,7
DA:313,7
DA:315,7
DA:316,7
DA:321,0
DA:323,0
DA:324,0
DA:331,7
DA:332,7
DA:333,7
DA:341,0
DA:342,0
DA:343,0
DA:345,0
DA:350,0
DA:351,0
DA:352,0
DA:355,0
DA:357,0
DA:358,0
DA:370,0
DA:371,0
DA:372,0
DA:380,0
DA:381,0
DA:382,0
DA:383,0
DA:385,0
DA:386,0
DA:387,0
DA:388,0
DA:393,0
DA:399,0
DA:400,0
DA:402,0
DA:403,0
DA:410,0
DA:411,0
DA:412,0
DA:417,1
LF:153
LH:51
BRDA:14,0,0,0
BRDA:17,1,0,12
BRDA:17,1,1,0
BRDA:23,2,0,0
BRDA:26,3,0,0
BRDA:26,3,1,0
BRDA:32,4,0,0
BRDA:35,5,0,0
BRDA:35,5,1,0
BRDA:36,6,0,0
BRDA:36,6,1,0
BRDA:55,7,0,17
BRDA:56,8,0,17
BRDA:57,9,0,17
BRDA:58,10,0,17
BRDA:59,11,0,15
BRDA:62,12,0,17
BRDA:62,12,1,0
BRDA:62,13,0,17
BRDA:62,13,1,0
BRDA:62,13,2,0
BRDA:62,13,3,0
BRDA:62,13,4,0
BRDA:62,13,5,0
BRDA:70,14,0,0
BRDA:70,14,1,0
BRDA:76,15,0,0
BRDA:76,15,1,0
BRDA:89,16,0,0
BRDA:89,16,1,0
BRDA:90,17,0,0
BRDA:90,17,1,0
BRDA:91,18,0,0
BRDA:91,18,1,0
BRDA:106,19,0,0
BRDA:106,19,1,0
BRDA:106,20,0,0
BRDA:106,20,1,0
BRDA:106,20,2,0
BRDA:127,21,0,0
BRDA:127,21,1,0
BRDA:183,22,0,0
BRDA:183,22,1,0
BRDA:183,23,0,0
BRDA:183,23,1,0
BRDA:183,23,2,0
BRDA:193,24,0,0
BRDA:193,24,1,0
BRDA:197,25,0,0
BRDA:197,25,1,0
BRDA:202,26,0,0
BRDA:202,26,1,0
BRDA:207,27,0,0
BRDA:207,27,1,0
BRDA:207,28,0,0
BRDA:207,28,1,0
BRDA:225,29,0,0
BRDA:225,29,1,0
BRDA:260,30,0,1
BRDA:260,30,1,5
BRDA:260,31,0,6
BRDA:260,31,1,5
BRDA:270,32,0,4
BRDA:270,32,1,1
BRDA:275,33,0,1
BRDA:275,33,1,4
BRDA:280,34,0,1
BRDA:280,34,1,4
BRDA:315,35,0,3
BRDA:315,35,1,4
BRDA:350,36,0,0
BRDA:350,36,1,0
BRDA:361,37,0,0
BRDA:361,37,1,0
BRDA:362,38,0,0
BRDA:362,38,1,0
BRDA:363,39,0,0
BRDA:363,39,1,0
BRDA:364,40,0,0
BRDA:364,40,1,0
BRDA:386,41,0,0
BRDA:386,41,1,0
BRF:82
BRH:20
end_of_record
TN:
SF:src/controllers/NotificationController.js
FN:10,(anonymous_0)
FN:35,(anonymous_1)
FN:57,(anonymous_2)
FN:78,(anonymous_3)
FN:100,(anonymous_4)
FN:114,(anonymous_5)
FN:128,(anonymous_6)
FNF:7
FNH:0
FNDA:0,(anonymous_0)
FNDA:0,(anonymous_1)
FNDA:0,(anonymous_2)
FNDA:0,(anonymous_3)
FNDA:0,(anonymous_4)
FNDA:0,(anonymous_5)
FNDA:0,(anonymous_6)
DA:11,0
DA:24,0
DA:25,0
DA:27,0
DA:28,0
DA:36,0
DA:46,0
DA:47,0
DA:49,0
DA:50,0
DA:58,0
DA:67,0
DA:68,0
DA:70,0
DA:71,0
DA:79,0
DA:89,0
DA:90,0
DA:92,0
DA:93,0
DA:101,0
DA:103,0
DA:104,0
DA:106,0
DA:107,0
DA:115,0
DA:117,0
DA:118,0
DA:120,0
DA:121,0
DA:129,0
DA:131,0
DA:132,0
DA:134,0
DA:135,0
DA:140,0
LF:36
LH:0
BRF:0
BRH:0
end_of_record
TN:
SF:src/controllers/NotificationsController.js
FN:7,ensureFile
FN:13,loadSubs
FN:23,saveSubs
FN:28,ensureVapid
FN:42,(anonymous_4)
FN:47,(anonymous_5)
FN:59,(anonymous_6)
FN:64,(anonymous_7)
FN:73,(anonymous_8)
FN:81,(anonymous_9)
FN:81,(anonymous_10)
FN:85,(anonymous_11)
FN:101,(anonymous_12)
FNF:13
FNH:0
FNDA:0,ensureFile
FNDA:0,loadSubs
FNDA:0,saveSubs
FNDA:0,ensureVapid
FNDA:0,(anonymous_4)
FNDA:0,(anonymous_5)
FNDA:0,(anonymous_6)
FNDA:0,(anonymous_7)
FNDA:0,(anonymous_8)
FNDA:0,(anonymous_9)
FNDA:0,(anonymous_10)
FNDA:0,(anonymous_11)
FNDA:0,(anonymous_12)
DA:1,0
DA:2,0
DA:3,0
DA:5,0
DA:8,0
DA:9,0
DA:10,0
DA:14,0
DA:15,0
DA:16,0
DA:17,0
DA:19,0
DA:24,0
DA:25,0
DA:29,0
DA:30,0
DA:31,0
DA:33,0
DA:34,0
DA:35,0
DA:37,0
DA:38,0
DA:41,0
DA:43,0
DA:44,0
DA:45,0
DA:46,0
DA:47,0
DA:48,0
DA:49,0
DA:50,0
DA:52,0
DA:54,0
DA:55,0
DA:60,0
DA:61,0
DA:62,0
DA:63,0
DA:64,0
DA:65,0
DA:66,0
DA:68,0
DA:69,0
DA:74,0
DA:75,0
DA:76,0
DA:77,0
DA:79,0
DA:81,0
DA:84,0
DA:85,0
DA:86,0
DA:88,0
DA:90,0
DA:94,0
DA:99,0
DA:101,0
DA:103,0
DA:104,0
DA:109,0
LF:60
LH:0
BRDA:9,0,0,0
BRDA:9,0,1,0
BRDA:10,1,0,0
BRDA:10,1,1,0
BRDA:17,2,0,0
BRDA:17,2,1,0
BRDA:29,3,0,0
BRDA:29,3,1,0
BRDA:31,4,0,0
BRDA:31,4,1,0
BRDA:31,5,0,0
BRDA:31,5,1,0
BRDA:45,6,0,0
BRDA:45,6,1,0
BRDA:45,7,0,0
BRDA:45,7,1,0
BRDA:48,8,0,0
BRDA:48,8,1,0
BRDA:62,9,0,0
BRDA:62,9,1,0
BRDA:77,10,0,0
BRDA:77,10,1,0
BRDA:86,11,0,0
BRDA:86,11,1,0
BRDA:88,12,0,0
BRDA:88,12,1,0
BRDA:90,13,0,0
BRDA:90,13,1,0
BRDA:90,14,0,0
BRDA:90,14,1,0
BRDA:90,14,2,0
BRDA:90,14,3,0
BRF:32
BRH:0
end_of_record
TN:
SF:src/controllers/PaymentController.js
FN:13,(anonymous_0)
FN:14,(anonymous_1)
FN:15,(anonymous_2)
FN:16,(anonymous_3)
FN:23,(anonymous_4)
FN:24,(anonymous_5)
FN:25,(anonymous_6)
FN:32,(anonymous_7)
FN:33,(anonymous_8)
FN:34,(anonymous_9)
FN:45,(anonymous_10)
FN:102,(anonymous_11)
FN:123,(anonymous_12)
FN:150,(anonymous_13)
FNF:14
FNH:5
FNDA:8,(anonymous_0)
FNDA:0,(anonymous_1)
FNDA:0,(anonymous_2)
FNDA:0,(anonymous_3)
FNDA:0,(anonymous_4)
FNDA:0,(anonymous_5)
FNDA:0,(anonymous_6)
FNDA:8,(anonymous_7)
FNDA:8,(anonymous_8)
FNDA:8,(anonymous_9)
FNDA:0,(anonymous_10)
FNDA:0,(anonymous_11)
FNDA:8,(anonymous_12)
FNDA:0,(anonymous_13)
DA:6,1
DA:7,1
DA:8,1
DA:9,1
DA:11,1
DA:13,8
DA:14,1
DA:15,0
DA:16,0
DA:17,0
DA:18,0
DA:23,1
DA:24,0
DA:25,0
DA:26,0
DA:27,0
DA:32,1
DA:33,8
DA:34,8
DA:35,8
DA:36,0
DA:46,0
DA:47,0
DA:48,0
DA:51,0
DA:52,0
DA:53,0
DA:57,0
DA:58,0
DA:59,0
DA:60,0
DA:64,0
DA:66,0
DA:67,0
DA:68,0
DA:72,0
DA:79,0
DA:84,0
DA:86,0
DA:87,0
DA:93,0
DA:94,0
DA:95,0
DA:103,0
DA:105,0
DA:116,0
DA:124,8
DA:125,8
DA:126,8
DA:128,8
DA:138,0
DA:139,0
DA:141,8
DA:142,8
DA:143,8
DA:151,0
DA:152,0
DA:153,0
DA:156,0
DA:157,0
DA:158,0
DA:159,0
DA:163,0
DA:168,0
DA:170,0
DA:171,0
DA:177,0
DA:178,0
DA:179,0
DA:184,1
LF:70
LH:20
BRDA:14,0,0,0
BRDA:17,1,0,0
BRDA:17,1,1,0
BRDA:23,2,0,0
BRDA:26,3,0,0
BRDA:26,3,1,0
BRDA:32,4,0,0
BRDA:35,5,0,8
BRDA:35,5,1,0
BRDA:36,6,0,0
BRDA:36,6,1,0
BRDA:51,7,0,0
BRDA:51,7,1,0
BRDA:51,8,0,0
BRDA:51,8,1,0
BRDA:51,8,2,0
BRDA:58,9,0,0
BRDA:58,9,1,0
BRDA:66,10,0,0
BRDA:66,10,1,0
BRDA:68,11,0,0
BRDA:68,11,1,0
BRDA:157,12,0,0
BRDA:157,12,1,0
BRDA:165,13,0,0
BRDA:165,13,1,0
BRF:26
BRH:1
end_of_record
TN:
SF:src/controllers/PhotosController.js
FN:14,(anonymous_0)
FN:61,(anonymous_1)
FN:81,(anonymous_2)
FN:82,(anonymous_3)
FN:95,(anonymous_4)
FN:137,(anonymous_5)
FNF:6
FNH:0
FNDA:0,(anonymous_0)
FNDA:0,(anonymous_1)
FNDA:0,(anonymous_2)
FNDA:0,(anonymous_3)
FNDA:0,(anonymous_4)
FNDA:0,(anonymous_5)
DA:6,0
DA:7,0
DA:8,0
DA:15,0
DA:16,0
DA:17,0
DA:18,0
DA:20,0
DA:21,0
DA:24,0
DA:26,0
DA:28,0
DA:29,0
DA:32,0
DA:38,0
DA:39,0
DA:47,0
DA:53,0
DA:54,0
DA:62,0
DA:63,0
DA:65,0
DA:77,0
DA:80,0
DA:81,0
DA:82,0
DA:85,0
DA:87,0
DA:88,0
DA:96,0
DA:97,0
DA:99,0
DA:122,0
DA:124,0
DA:129,0
DA:130,0
DA:138,0
DA:139,0
DA:140,0
DA:143,0
DA:150,0
DA:152,0
DA:153,0
DA:156,0
DA:157,0
DA:158,0
DA:162,0
DA:166,0
DA:168,0
DA:174,0
DA:175,0
DA:180,0
LF:52
LH:0
BRDA:18,0,0,0
BRDA:18,0,1,0
BRDA:20,1,0,0
BRDA:20,1,1,0
BRDA:97,2,0,0
BRDA:97,3,0,0
BRDA:152,4,0,0
BRDA:152,4,1,0
BRDA:157,5,0,0
BRDA:157,5,1,0
BRDA:157,6,0,0
BRDA:157,6,1,0
BRF:12
BRH:0
end_of_record
TN:
SF:src/controllers/ProfileController.js
FN:14,(anonymous_0)
FN:46,(anonymous_1)
FN:76,(anonymous_2)
FN:102,(anonymous_3)
FN:124,(anonymous_4)
FN:150,(anonymous_5)
FN:174,(anonymous_6)
FNF:7
FNH:0
FNDA:0,(anonymous_0)
FNDA:0,(anonymous_1)
FNDA:0,(anonymous_2)
FNDA:0,(anonymous_3)
FNDA:0,(anonymous_4)
FNDA:0,(anonymous_5)
FNDA:0,(anonymous_6)
DA:6,0
DA:7,0
DA:8,0
DA:15,0
DA:16,0
DA:17,0
DA:20,0
DA:21,0
DA:22,0
DA:25,0
DA:32,0
DA:38,0
DA:39,0
DA:47,0
DA:48,0
DA:49,0
DA:50,0
DA:53,0
DA:55,0
DA:62,0
DA:68,0
DA:69,0
DA:77,0
DA:78,0
DA:79,0
DA:80,0
DA:83,0
DA:85,0
DA:86,0
DA:89,0
DA:94,0
DA:95,0
DA:103,0
DA:104,0
DA:105,0
DA:106,0
DA:109,0
DA:111,0
DA:116,0
DA:117,0
DA:125,0
DA:126,0
DA:129,0
DA:131,0
DA:134,0
DA:137,0
DA:142,0
DA:143,0
DA:151,0
DA:152,0
DA:153,0
DA:156,0
DA:158,0
DA:160,0
DA:166,0
DA:167,0
DA:175,0
DA:176,0
DA:177,0
DA:180,0
DA:182,0
DA:187,0
DA:188,0
DA:193,0
LF:64
LH:0
BRDA:16,0,0,0
BRDA:16,0,1,0
BRDA:20,1,0,0
BRDA:20,1,1,0
BRDA:21,2,0,0
BRDA:21,2,1,0
BRDA:39,3,0,0
BRDA:39,3,1,0
BRDA:49,4,0,0
BRDA:49,4,1,0
BRDA:69,5,0,0
BRDA:69,5,1,0
BRDA:78,6,0,0
BRDA:78,6,1,0
BRDA:79,7,0,0
BRDA:79,7,1,0
BRDA:85,8,0,0
BRDA:85,8,1,0
BRDA:85,9,0,0
BRDA:85,9,1,0
BRDA:95,10,0,0
BRDA:95,10,1,0
BRDA:105,11,0,0
BRDA:105,11,1,0
BRDA:117,12,0,0
BRDA:117,12,1,0
BRDA:129,13,0,0
BRDA:129,13,1,0
BRDA:143,14,0,0
BRDA:143,14,1,0
BRDA:152,15,0,0
BRDA:152,15,1,0
BRDA:167,16,0,0
BRDA:167,16,1,0
BRDA:176,17,0,0
BRDA:176,17,1,0
BRDA:188,18,0,0
BRDA:188,18,1,0
BRF:38
BRH:0
end_of_record
TN:
SF:src/controllers/PublicReviewsController.js
FN:12,(anonymous_0)
FN:68,(anonymous_1)
FN:126,(anonymous_2)
FN:177,(anonymous_3)
FN:215,(anonymous_4)
FNF:5
FNH:0
FNDA:0,(anonymous_0)
FNDA:0,(anonymous_1)
FNDA:0,(anonymous_2)
FNDA:0,(anonymous_3)
FNDA:0,(anonymous_4)
DA:6,0
DA:13,0
DA:14,0
DA:16,0
DA:38,0
DA:48,0
DA:53,0
DA:60,0
DA:61,0
DA:69,0
DA:70,0
DA:85,0
DA:88,0
DA:89,0
DA:91,0
DA:118,0
DA:119,0
DA:127,0
DA:128,0
DA:130,0
DA:148,0
DA:158,0
DA:163,0
DA:169,0
DA:170,0
DA:178,0
DA:179,0
DA:180,0
DA:181,0
DA:184,0
DA:185,0
DA:188,0
DA:195,0
DA:197,0
DA:198,0
DA:201,0
DA:207,0
DA:208,0
DA:216,0
DA:217,0
DA:219,0
DA:236,0
DA:237,0
DA:239,0
DA:240,0
DA:241,0
DA:242,0
DA:245,0
DA:246,0
DA:247,0
DA:248,0
DA:251,0
DA:252,0
DA:253,0
DA:254,0
DA:257,0
DA:258,0
DA:260,0
DA:262,0
DA:267,0
DA:268,0
DA:273,0
LF:62
LH:0
BRDA:14,0,0,0
BRDA:14,1,0,0
BRDA:14,2,0,0
BRDA:184,3,0,0
BRDA:184,3,1,0
BRDA:197,4,0,0
BRDA:197,4,1,0
BRDA:217,5,0,0
BRDA:217,6,0,0
BRDA:239,7,0,0
BRDA:239,7,1,0
BRDA:245,8,0,0
BRDA:245,8,1,0
BRDA:251,9,0,0
BRDA:251,9,1,0
BRF:15
BRH:0
end_of_record
TN:
SF:src/controllers/ReviewController.js
FN:11,(anonymous_0)
FN:12,(anonymous_1)
FN:13,(anonymous_2)
FN:14,(anonymous_3)
FN:21,(anonymous_4)
FN:22,(anonymous_5)
FN:23,(anonymous_6)
FN:30,(anonymous_7)
FN:31,(anonymous_8)
FN:32,(anonymous_9)
FN:43,(anonymous_10)
FN:80,(anonymous_11)
FN:128,(anonymous_12)
FN:151,(anonymous_13)
FN:167,(anonymous_14)
FNF:15
FNH:13
FNDA:50,(anonymous_0)
FNDA:22,(anonymous_1)
FNDA:22,(anonymous_2)
FNDA:22,(anonymous_3)
FNDA:6,(anonymous_4)
FNDA:6,(anonymous_5)
FNDA:6,(anonymous_6)
FNDA:20,(anonymous_7)
FNDA:20,(anonymous_8)
FNDA:20,(anonymous_9)
FNDA:24,(anonymous_10)
FNDA:20,(anonymous_11)
FNDA:6,(anonymous_12)
FNDA:0,(anonymous_13)
FNDA:0,(anonymous_14)
DA:6,1
DA:7,1
DA:9,1
DA:11,50
DA:12,1
DA:13,22
DA:14,22
DA:15,22
DA:16,0
DA:21,1
DA:22,6
DA:23,6
DA:24,6
DA:25,0
DA:30,1
DA:31,20
DA:32,20
DA:33,20
DA:34,0
DA:44,24
DA:45,24
DA:46,24
DA:49,24
DA:50,2
DA:51,2
DA:55,22
DA:61,0
DA:62,0
DA:64,0
DA:65,0
DA:71,22
DA:72,22
DA:73,22
DA:81,20
DA:82,20
DA:83,20
DA:84,20
DA:86,20
DA:87,20
DA:88,1
DA:89,19
DA:90,1
DA:93,20
DA:104,0
DA:108,0
DA:109,0
DA:119,20
DA:120,20
DA:121,20
DA:129,6
DA:130,6
DA:132,6
DA:137,0
DA:143,0
DA:151,0
DA:152,0
DA:155,0
DA:156,0
DA:158,6
DA:159,6
DA:160,6
DA:168,0
DA:169,0
DA:170,0
DA:171,0
DA:173,0
DA:178,0
DA:180,0
DA:181,0
DA:183,0
DA:184,0
DA:185,0
DA:190,1
LF:73
LH:46
BRDA:12,0,0,0
BRDA:15,1,0,22
BRDA:15,1,1,0
BRDA:21,2,0,6
BRDA:24,3,0,6
BRDA:24,3,1,0
BRDA:30,4,0,0
BRDA:33,5,0,20
BRDA:33,5,1,0
BRDA:34,6,0,0
BRDA:34,6,1,0
BRDA:49,7,0,2
BRDA:49,7,1,22
BRDA:49,8,0,24
BRDA:49,8,1,24
BRDA:49,8,2,24
BRDA:49,8,3,23
BRDA:58,9,0,22
BRDA:58,9,1,2
BRDA:83,10,0,12
BRDA:83,11,0,12
BRDA:83,12,0,17
BRDA:87,13,0,1
BRDA:87,13,1,19
BRDA:89,14,0,1
BRDA:89,14,1,18
BRDA:144,15,0,0
BRDA:144,15,1,0
BRF:28
BRH:19
end_of_record
TN:
SF:src/controllers/StaffController.js
FN:12,(anonymous_0)
FN:111,(anonymous_1)
FN:173,(anonymous_2)
FN:202,(anonymous_3)
FN:235,(anonymous_4)
FN:263,(anonymous_5)
FNF:6
FNH:0
FNDA:0,(anonymous_0)
FNDA:0,(anonymous_1)
FNDA:0,(anonymous_2)
FNDA:0,(anonymous_3)
FNDA:0,(anonymous_4)
FNDA:0,(anonymous_5)
DA:6,0
DA:13,0
DA:14,0
DA:15,0
DA:17,0
DA:20,0
DA:29,0
DA:30,0
DA:33,0
DA:43,0
DA:44,0
DA:47,0
DA:68,0
DA:69,0
DA:72,0
DA:89,0
DA:90,0
DA:93,0
DA:98,0
DA:99,0
DA:101,0
DA:103,0
DA:104,0
DA:112,0
DA:113,0
DA:114,0
DA:116,0
DA:118,0
DA:138,0
DA:139,0
DA:141,0
DA:142,0
DA:143,0
DA:144,0
DA:147,0
DA:148,0
DA:149,0
DA:150,0
DA:153,0
DA:154,0
DA:155,0
DA:156,0
DA:159,0
DA:160,0
DA:162,0
DA:163,0
DA:165,0
DA:166,0
DA:174,0
DA:175,0
DA:176,0
DA:178,0
DA:191,0
DA:192,0
DA:194,0
DA:195,0
DA:203,0
DA:204,0
DA:205,0
DA:208,0
DA:211,0
DA:213,0
DA:214,0
DA:217,0
DA:224,0
DA:225,0
DA:227,0
DA:228,0
DA:236,0
DA:237,0
DA:238,0
DA:240,0
DA:247,0
DA:249,0
DA:250,0
DA:253,0
DA:255,0
DA:256,0
DA:264,0
DA:265,0
DA:266,0
DA:267,0
DA:269,0
DA:282,0
DA:283,0
DA:285,0
DA:286,0
DA:287,0
DA:288,0
DA:291,0
DA:292,0
DA:293,0
DA:294,0
DA:297,0
DA:298,0
DA:300,0
DA:301,0
DA:306,0
LF:98
LH:0
BRDA:14,0,0,0
BRDA:14,0,1,0
BRDA:15,1,0,0
BRDA:15,1,1,0
BRDA:113,2,0,0
BRDA:113,2,1,0
BRDA:114,3,0,0
BRDA:114,4,0,0
BRDA:116,5,0,0
BRDA:116,5,1,0
BRDA:141,6,0,0
BRDA:141,6,1,0
BRDA:147,7,0,0
BRDA:147,7,1,0
BRDA:153,8,0,0
BRDA:153,8,1,0
BRDA:175,9,0,0
BRDA:175,9,1,0
BRDA:176,10,0,0
BRDA:176,10,1,0
BRDA:213,11,0,0
BRDA:213,11,1,0
BRDA:213,12,0,0
BRDA:213,12,1,0
BRDA:249,13,0,0
BRDA:249,13,1,0
BRDA:265,14,0,0
BRDA:265,14,1,0
BRDA:266,15,0,0
BRDA:266,15,1,0
BRDA:285,16,0,0
BRDA:285,16,1,0
BRDA:291,17,0,0
BRDA:291,17,1,0
BRF:34
BRH:0
end_of_record
TN:
SF:src/db/factory.js
FN:13,initializeDB
FN:40,getDB
FN:50,closeDB
FNF:3
FNH:3
FNDA:4,initializeDB
FNDA:1,getDB
FNDA:1,closeDB
DA:6,1
DA:8,1
DA:14,4
DA:15,4
DA:17,4
DA:18,0
DA:19,0
DA:20,0
DA:21,0
DA:22,0
DA:23,0
DA:25,0
DA:26,0
DA:27,0
DA:28,0
DA:31,4
DA:32,4
DA:33,4
DA:41,1
DA:42,0
DA:44,1
DA:51,1
DA:52,0
DA:54,1
DA:57,1
LF:25
LH:13
BRDA:17,0,0,0
BRDA:17,0,1,4
BRDA:17,1,0,4
BRDA:17,1,1,4
BRDA:17,1,2,0
BRDA:41,2,0,0
BRDA:41,2,1,1
BRDA:51,3,0,0
BRDA:51,3,1,1
BRF:9
BRH:5
end_of_record
TN:
SF:src/db/postgres.js
FN:14,initializePool
FN:33,(anonymous_1)
FN:48,query
FN:64,queryOne
FN:72,execute
FN:91,getPool
FN:105,closePool
FN:116,healthCheck
FNF:8
FNH:0
FNDA:0,initializePool
FNDA:0,(anonymous_1)
FNDA:0,query
FNDA:0,queryOne
FNDA:0,execute
FNDA:0,getPool
FNDA:0,closePool
FNDA:0,healthCheck
DA:6,0
DA:7,0
DA:9,0
DA:15,0
DA:17,0
DA:19,0
DA:20,0
DA:21,0
DA:24,0
DA:25,0
DA:33,0
DA:34,0
DA:37,0
DA:38,0
DA:40,0
DA:41,0
DA:49,0
DA:50,0
DA:51,0
DA:52,0
DA:54,0
DA:55,0
DA:57,0
DA:65,0
DA:66,0
DA:73,0
DA:74,0
DA:75,0
DA:76,0
DA:81,0
DA:82,0
DA:84,0
DA:92,0
DA:93,0
DA:94,0
DA:95,0
DA:97,0
DA:99,0
DA:106,0
DA:107,0
DA:108,0
DA:109,0
DA:117,0
DA:118,0
DA:119,0
DA:121,0
DA:125,0
LF:47
LH:0
BRDA:15,0,0,0
BRDA:15,0,1,0
BRDA:17,1,0,0
BRDA:17,1,1,0
BRDA:19,2,0,0
BRDA:19,2,1,0
BRDA:27,3,0,0
BRDA:27,3,1,0
BRDA:48,4,0,0
BRDA:64,5,0,0
BRDA:66,6,0,0
BRDA:66,6,1,0
BRDA:72,7,0,0
BRDA:92,8,0,0
BRDA:92,8,1,0
BRDA:94,9,0,0
BRDA:94,9,1,0
BRDA:106,10,0,0
BRDA:106,10,1,0
BRF:19
BRH:0
end_of_record
TN:
SF:src/db/runMigrations.js
FN:7,runMigrations
FN:17,(anonymous_1)
FN:18,(anonymous_2)
FN:47,(anonymous_3)
FNF:4
FNH:0
FNDA:0,runMigrations
FNDA:0,(anonymous_1)
FNDA:0,(anonymous_2)
FNDA:0,(anonymous_3)
DA:1,0
DA:2,0
DA:3,0
DA:5,0
DA:8,0
DA:9,0
DA:11,0
DA:12,0
DA:15,0
DA:17,0
DA:18,0
DA:20,0
DA:21,0
DA:22,0
DA:25,0
DA:26,0
DA:31,0
DA:32,0
DA:33,0
DA:34,0
DA:36,0
DA:38,0
DA:39,0
DA:43,0
DA:46,0
DA:47,0
DA:48,0
DA:49,0
LF:28
LH:0
BRDA:18,0,0,0
BRDA:18,0,1,0
BRDA:25,1,0,0
BRDA:25,1,1,0
BRDA:46,2,0,0
BRDA:46,2,1,0
BRF:6
BRH:0
end_of_record
TN:
SF:src/db/seed.js
FN:4,runSeed
FN:70,(anonymous_1)
FNF:2
FNH:0
FNDA:0,runSeed
FNDA:0,(anonymous_1)
DA:1,0
DA:2,0
DA:5,0
DA:6,0
DA:9,0
DA:10,0
DA:21,0
DA:22,0
DA:33,0
DA:34,0
DA:45,0
DA:53,0
DA:61,0
DA:62,0
DA:63,0
DA:64,0
DA:66,0
DA:70,0
DA:72,0
LF:19
LH:0
BRDA:70,0,0,0
BRDA:70,0,1,0
BRF:2
BRH:0
end_of_record
TN:
SF:src/db/sqlite.js
FN:7,ensureDir
FN:12,promisifyDb
FN:14,(anonymous_2)
FN:15,(anonymous_3)
FN:16,(anonymous_4)
FN:22,(anonymous_5)
FN:23,(anonymous_6)
FN:24,(anonymous_7)
FN:30,(anonymous_8)
FN:31,(anonymous_9)
FN:32,(anonymous_10)
FN:38,(anonymous_11)
FN:39,(anonymous_12)
FN:40,(anonymous_13)
FN:46,(anonymous_14)
FN:47,(anonymous_15)
FN:48,(anonymous_16)
FN:54,getDb
FNF:18
FNH:0
FNDA:0,ensureDir
FNDA:0,promisifyDb
FNDA:0,(anonymous_2)
FNDA:0,(anonymous_3)
FNDA:0,(anonymous_4)
FNDA:0,(anonymous_5)
FNDA:0,(anonymous_6)
FNDA:0,(anonymous_7)
FNDA:0,(anonymous_8)
FNDA:0,(anonymous_9)
FNDA:0,(anonymous_10)
FNDA:0,(anonymous_11)
FNDA:0,(anonymous_12)
FNDA:0,(anonymous_13)
FNDA:0,(anonymous_14)
FNDA:0,(anonymous_15)
FNDA:0,(anonymous_16)
FNDA:0,getDb
DA:1,0
DA:2,0
DA:3,0
DA:5,0
DA:8,0
DA:9,0
DA:13,0
DA:15,0
DA:16,0
DA:17,0
DA:18,0
DA:23,0
DA:24,0
DA:25,0
DA:26,0
DA:31,0
DA:32,0
DA:33,0
DA:34,0
DA:39,0
DA:40,0
DA:41,0
DA:42,0
DA:47,0
DA:48,0
DA:55,0
DA:56,0
DA:57,0
DA:60,0
DA:63,0
LF:30
LH:0
BRDA:9,0,0,0
BRDA:9,0,1,0
BRDA:17,1,0,0
BRDA:17,1,1,0
BRDA:25,2,0,0
BRDA:25,2,1,0
BRDA:33,3,0,0
BRDA:33,3,1,0
BRDA:41,4,0,0
BRDA:41,4,1,0
BRDA:48,5,0,0
BRDA:48,5,1,0
BRF:12
BRH:0
end_of_record
TN:
SF:src/middleware/auth.js
FN:20,(anonymous_0)
FN:29,(anonymous_1)
FN:37,(anonymous_2)
FN:64,(anonymous_3)
FN:65,(anonymous_4)
FNF:5
FNH:0
FNDA:0,(anonymous_0)
FNDA:0,(anonymous_1)
FNDA:0,(anonymous_2)
FNDA:0,(anonymous_3)
FNDA:0,(anonymous_4)
DA:6,0
DA:7,0
DA:10,0
DA:11,0
DA:14,0
DA:15,0
DA:16,0
DA:20,0
DA:21,0
DA:29,0
DA:30,0
DA:37,0
DA:38,0
DA:39,0
DA:41,0
DA:42,0
DA:45,0
DA:47,0
DA:51,0
DA:52,0
DA:54,0
DA:55,0
DA:57,0
DA:64,0
DA:65,0
DA:66,0
DA:67,0
DA:69,0
DA:73,0
LF:29
LH:0
BRDA:10,0,0,0
BRDA:10,0,1,0
BRDA:11,1,0,0
BRDA:11,1,1,0
BRDA:14,2,0,0
BRDA:14,2,1,0
BRDA:14,3,0,0
BRDA:14,3,1,0
BRDA:14,3,2,0
BRDA:20,4,0,0
BRDA:39,5,0,0
BRDA:39,5,1,0
BRDA:41,6,0,0
BRDA:41,6,1,0
BRDA:54,7,0,0
BRDA:54,7,1,0
BRDA:66,8,0,0
BRDA:66,8,1,0
BRDA:66,9,0,0
BRDA:66,9,1,0
BRF:20
BRH:0
end_of_record
TN:
SF:src/middleware/cacheMiddleware.js
FN:16,(anonymous_0)
FN:17,(anonymous_1)
FN:42,(anonymous_2)
FN:44,(anonymous_3)
FN:58,(anonymous_4)
FN:59,(anonymous_5)
FN:63,(anonymous_6)
FN:66,(anonymous_7)
FN:67,(anonymous_8)
FN:83,(anonymous_9)
FN:100,(anonymous_10)
FN:118,(anonymous_11)
FN:120,(anonymous_12)
FNF:13
FNH:0
FNDA:0,(anonymous_0)
FNDA:0,(anonymous_1)
FNDA:0,(anonymous_2)
FNDA:0,(anonymous_3)
FNDA:0,(anonymous_4)
FNDA:0,(anonymous_5)
FNDA:0,(anonymous_6)
FNDA:0,(anonymous_7)
FNDA:0,(anonymous_8)
FNDA:0,(anonymous_9)
FNDA:0,(anonymous_10)
FNDA:0,(anonymous_11)
FNDA:0,(anonymous_12)
DA:10,0
DA:11,0
DA:16,0
DA:17,0
DA:19,0
DA:20,0
DA:24,0
DA:26,0
DA:28,0
DA:30,0
DA:31,0
DA:32,0
DA:35,0
DA:40,0
DA:42,0
DA:44,0
DA:45,0
DA:48,0
DA:51,0
DA:58,0
DA:59,0
DA:61,0
DA:63,0
DA:65,0
DA:66,0
DA:67,0
DA:68,0
DA:73,0
DA:76,0
DA:83,0
DA:84,0
DA:86,0
DA:87,0
DA:88,0
DA:89,0
DA:91,0
DA:94,0
DA:100,0
DA:101,0
DA:102,0
DA:105,0
DA:107,0
DA:108,0
DA:109,0
DA:110,0
DA:113,0
DA:116,0
DA:118,0
DA:120,0
DA:121,0
DA:124,0
DA:127,0
DA:130,0
LF:53
LH:0
BRDA:16,0,0,0
BRDA:19,1,0,0
BRDA:19,1,1,0
BRDA:24,2,0,0
BRDA:24,2,1,0
BRDA:30,3,0,0
BRDA:30,3,1,0
BRDA:58,4,0,0
BRDA:65,5,0,0
BRDA:65,5,1,0
BRDA:65,6,0,0
BRDA:65,6,1,0
BRDA:84,7,0,0
BRDA:84,7,1,0
BRDA:88,8,0,0
BRDA:88,8,1,0
BRDA:101,9,0,0
BRDA:101,9,1,0
BRDA:109,10,0,0
BRDA:109,10,1,0
BRF:20
BRH:0
end_of_record
TN:
SF:src/middleware/csrf.js
FN:10,initCsrf
FN:14,(anonymous_1)
FN:16,(anonymous_2)
FNF:3
FNH:0
FNDA:0,initCsrf
FNDA:0,(anonymous_1)
FNDA:0,(anonymous_2)
DA:5,0
DA:6,0
DA:8,0
DA:11,0
DA:14,0
DA:15,0
DA:16,0
DA:17,0
DA:18,0
DA:19,0
DA:24,0
DA:29,0
DA:30,0
DA:33,0
DA:37,0
LF:15
LH:0
BRDA:15,0,0,0
BRDA:15,0,1,0
BRDA:17,1,0,0
BRDA:17,1,1,0
BRDA:29,2,0,0
BRDA:29,2,1,0
BRF:6
BRH:0
end_of_record
TN:
SF:src/middleware/validation.js
FN:7,(anonymous_0)
FN:13,(anonymous_1)
FN:19,(anonymous_2)
FN:24,(anonymous_3)
FN:57,(anonymous_4)
FN:73,(anonymous_5)
FN:97,(anonymous_6)
FNF:7
FNH:4
FNDA:5,(anonymous_0)
FNDA:4,(anonymous_1)
FNDA:4,(anonymous_2)
FNDA:0,(anonymous_3)
FNDA:0,(anonymous_4)
FNDA:0,(anonymous_5)
FNDA:3,(anonymous_6)
DA:7,1
DA:8,5
DA:9,5
DA:13,1
DA:14,4
DA:15,4
DA:19,1
DA:20,4
DA:21,4
DA:24,1
DA:25,0
DA:27,0
DA:29,0
DA:30,0
DA:31,0
DA:34,0
DA:35,0
DA:36,0
DA:38,0
DA:39,0
DA:43,0
DA:44,0
DA:45,0
DA:46,0
DA:50,0
DA:51,0
DA:54,0
DA:57,1
DA:58,0
DA:60,0
DA:62,0
DA:63,0
DA:64,0
DA:66,0
DA:67,0
DA:70,0
DA:73,1
DA:74,0
DA:76,0
DA:78,0
DA:79,0
DA:80,0
DA:82,0
DA:83,0
DA:86,0
DA:89,1
DA:98,3
DA:99,3
DA:100,1
LF:49
LH:16
BRDA:29,0,0,0
BRDA:29,0,1,0
BRDA:30,1,0,0
BRDA:30,1,1,0
BRDA:30,2,0,0
BRDA:30,2,1,0
BRDA:31,3,0,0
BRDA:31,3,1,0
BRDA:34,4,0,0
BRDA:34,4,1,0
BRDA:34,5,0,0
BRDA:34,5,1,0
BRDA:35,6,0,0
BRDA:35,6,1,0
BRDA:35,7,0,0
BRDA:35,7,1,0
BRDA:36,8,0,0
BRDA:36,8,1,0
BRDA:36,9,0,0
BRDA:36,9,1,0
BRDA:38,10,0,0
BRDA:38,10,1,0
BRDA:38,11,0,0
BRDA:38,11,1,0
BRDA:43,12,0,0
BRDA:43,12,1,0
BRDA:45,13,0,0
BRDA:45,13,1,0
BRDA:50,14,0,0
BRDA:50,14,1,0
BRDA:62,15,0,0
BRDA:62,15,1,0
BRDA:63,16,0,0
BRDA:63,16,1,0
BRDA:63,17,0,0
BRDA:63,17,1,0
BRDA:64,18,0,0
BRDA:64,18,1,0
BRDA:66,19,0,0
BRDA:66,19,1,0
BRDA:78,20,0,0
BRDA:78,20,1,0
BRDA:79,21,0,0
BRDA:79,21,1,0
BRDA:79,22,0,0
BRDA:79,22,1,0
BRDA:79,22,2,0
BRDA:80,23,0,0
BRDA:80,23,1,0
BRDA:80,24,0,0
BRDA:80,24,1,0
BRDA:82,25,0,0
BRDA:82,25,1,0
BRDA:98,26,0,0
BRDA:98,26,1,3
BRDA:98,27,0,3
BRDA:98,27,1,3
BRDA:99,28,0,2
BRDA:99,28,1,1
BRF:59
BRH:5
end_of_record
TN:
SF:src/models/Booking.js
FN:7,(anonymous_0)
FNF:1
FNH:0
FNDA:0,(anonymous_0)
DA:8,0
DA:9,0
DA:10,0
DA:11,0
DA:12,0
DA:13,0
DA:14,0
DA:15,0
DA:16,0
DA:17,0
DA:18,0
DA:19,0
DA:20,0
DA:21,0
DA:22,0
DA:23,0
DA:27,0
LF:17
LH:0
BRDA:8,0,0,0
BRDA:8,0,1,0
BRDA:19,1,0,0
BRDA:19,1,1,0
BRDA:20,2,0,0
BRDA:20,2,1,0
BRDA:22,3,0,0
BRDA:22,3,1,0
BRDA:23,4,0,0
BRDA:23,4,1,0
BRF:10
BRH:0
end_of_record
TN:
SF:src/models/Invoice.js
FN:7,(anonymous_0)
FNF:1
FNH:0
FNDA:0,(anonymous_0)
DA:8,0
DA:9,0
DA:10,0
DA:11,0
DA:12,0
DA:13,0
DA:14,0
DA:15,0
DA:16,0
DA:17,0
DA:18,0
DA:19,0
DA:20,0
DA:21,0
DA:25,0
LF:15
LH:0
BRDA:8,0,0,0
BRDA:8,0,1,0
BRDA:12,1,0,0
BRDA:12,1,1,0
BRDA:13,2,0,0
BRDA:13,2,1,0
BRDA:15,3,0,0
BRDA:15,3,1,0
BRDA:20,4,0,0
BRDA:20,4,1,0
BRDA:21,5,0,0
BRDA:21,5,1,0
BRF:12
BRH:0
end_of_record
TN:
SF:src/models/Service.js
FN:7,(anonymous_0)
FNF:1
FNH:0
FNDA:0,(anonymous_0)
DA:8,0
DA:9,0
DA:10,0
DA:11,0
DA:12,0
DA:13,0
DA:14,0
DA:15,0
DA:16,0
DA:17,0
DA:21,0
LF:11
LH:0
BRDA:8,0,0,0
BRDA:8,0,1,0
BRDA:16,1,0,0
BRDA:16,1,1,0
BRDA:17,2,0,0
BRDA:17,2,1,0
BRF:6
BRH:0
end_of_record
TN:
SF:src/models/User.js
FN:9,(anonymous_0)
FN:25,(anonymous_1)
FN:33,(anonymous_2)
FN:37,(anonymous_3)
FNF:4
FNH:0
FNDA:0,(anonymous_0)
FNDA:0,(anonymous_1)
FNDA:0,(anonymous_2)
FNDA:0,(anonymous_3)
DA:6,0
DA:10,0
DA:11,0
DA:12,0
DA:13,0
DA:15,0
DA:16,0
DA:17,0
DA:18,0
DA:19,0
DA:20,0
DA:21,0
DA:26,0
DA:27,0
DA:29,0
DA:34,0
DA:38,0
DA:39,0
DA:43,0
LF:19
LH:0
BRDA:10,0,0,0
BRDA:10,0,1,0
BRDA:18,1,0,0
BRDA:18,1,1,0
BRDA:20,2,0,0
BRDA:20,2,1,0
BRDA:21,3,0,0
BRDA:21,3,1,0
BRDA:26,4,0,0
BRDA:26,4,1,0
BRF:10
BRH:0
end_of_record
TN:
SF:src/routes/admin.js
FN:15,(anonymous_0)
FN:52,(anonymous_1)
FN:72,(anonymous_2)
FN:98,(anonymous_3)
FN:107,(anonymous_4)
FN:119,(anonymous_5)
FN:128,(anonymous_6)
FN:140,(anonymous_7)
FN:155,(anonymous_8)
FNF:9
FNH:0
FNDA:0,(anonymous_0)
FNDA:0,(anonymous_1)
FNDA:0,(anonymous_2)
FNDA:0,(anonymous_3)
FNDA:0,(anonymous_4)
FNDA:0,(anonymous_5)
FNDA:0,(anonymous_6)
FNDA:0,(anonymous_7)
FNDA:0,(anonymous_8)
DA:6,0
DA:7,0
DA:8,0
DA:10,0
DA:15,0
DA:16,0
DA:17,0
DA:18,0
DA:20,0
DA:23,0
DA:25,0
DA:26,0
DA:28,0
DA:31,0
DA:33,0
DA:42,0
DA:44,0
DA:45,0
DA:52,0
DA:53,0
DA:54,0
DA:62,0
DA:64,0
DA:65,0
DA:72,0
DA:73,0
DA:74,0
DA:75,0
DA:77,0
DA:78,0
DA:81,0
DA:87,0
DA:88,0
DA:90,0
DA:91,0
DA:98,0
DA:99,0
DA:101,0
DA:103,0
DA:107,0
DA:108,0
DA:110,0
DA:112,0
DA:119,0
DA:120,0
DA:122,0
DA:124,0
DA:128,0
DA:129,0
DA:131,0
DA:133,0
DA:140,0
DA:141,0
DA:142,0
DA:149,0
DA:151,0
DA:155,0
DA:156,0
DA:157,0
DA:164,0
DA:166,0
DA:170,0
LF:62
LH:0
BRDA:18,0,0,0
BRDA:18,0,1,0
BRDA:23,1,0,0
BRDA:23,1,1,0
BRDA:26,2,0,0
BRDA:26,2,1,0
BRDA:31,3,0,0
BRDA:31,3,1,0
BRDA:62,4,0,0
BRDA:62,4,1,0
BRDA:62,5,0,0
BRDA:62,5,1,0
BRDA:77,6,0,0
BRDA:77,6,1,0
BRF:14
BRH:0
end_of_record
TN:
SF:src/routes/api.js
FN:17,(anonymous_0)
FN:20,(anonymous_1)
FN:44,(anonymous_2)
FN:48,(anonymous_3)
FN:52,(anonymous_4)
FN:56,(anonymous_5)
FN:61,(anonymous_6)
FN:65,(anonymous_7)
FN:70,(anonymous_8)
FN:72,(anonymous_9)
FN:76,(anonymous_10)
FN:80,(anonymous_11)
FN:84,(anonymous_12)
FN:89,(anonymous_13)
FN:93,(anonymous_14)
FN:97,(anonymous_15)
FN:102,(anonymous_16)
FN:106,(anonymous_17)
FN:110,(anonymous_18)
FN:114,(anonymous_19)
FN:119,(anonymous_20)
FN:123,(anonymous_21)
FN:127,(anonymous_22)
FN:131,(anonymous_23)
FN:135,(anonymous_24)
FN:139,(anonymous_25)
FN:143,(anonymous_26)
FN:148,(anonymous_27)
FN:152,(anonymous_28)
FN:156,(anonymous_29)
FN:160,(anonymous_30)
FN:164,(anonymous_31)
FN:168,(anonymous_32)
FN:172,(anonymous_33)
FN:177,(anonymous_34)
FN:181,(anonymous_35)
FN:185,(anonymous_36)
FN:189,(anonymous_37)
FN:194,(anonymous_38)
FN:198,(anonymous_39)
FN:202,(anonymous_40)
FN:206,(anonymous_41)
FN:211,(anonymous_42)
FN:215,(anonymous_43)
FN:219,(anonymous_44)
FN:223,(anonymous_45)
FN:231,(anonymous_46)
FN:235,(anonymous_47)
FN:240,(anonymous_48)
FN:245,(anonymous_49)
FN:249,(anonymous_50)
FN:254,(anonymous_51)
FN:258,(anonymous_52)
FN:262,(anonymous_53)
FNF:54
FNH:0
FNDA:0,(anonymous_0)
FNDA:0,(anonymous_1)
FNDA:0,(anonymous_2)
FNDA:0,(anonymous_3)
FNDA:0,(anonymous_4)
FNDA:0,(anonymous_5)
FNDA:0,(anonymous_6)
FNDA:0,(anonymous_7)
FNDA:0,(anonymous_8)
FNDA:0,(anonymous_9)
FNDA:0,(anonymous_10)
FNDA:0,(anonymous_11)
FNDA:0,(anonymous_12)
FNDA:0,(anonymous_13)
FNDA:0,(anonymous_14)
FNDA:0,(anonymous_15)
FNDA:0,(anonymous_16)
FNDA:0,(anonymous_17)
FNDA:0,(anonymous_18)
FNDA:0,(anonymous_19)
FNDA:0,(anonymous_20)
FNDA:0,(anonymous_21)
FNDA:0,(anonymous_22)
FNDA:0,(anonymous_23)
FNDA:0,(anonymous_24)
FNDA:0,(anonymous_25)
FNDA:0,(anonymous_26)
FNDA:0,(anonymous_27)
FNDA:0,(anonymous_28)
FNDA:0,(anonymous_29)
FNDA:0,(anonymous_30)
FNDA:0,(anonymous_31)
FNDA:0,(anonymous_32)
FNDA:0,(anonymous_33)
FNDA:0,(anonymous_34)
FNDA:0,(anonymous_35)
FNDA:0,(anonymous_36)
FNDA:0,(anonymous_37)
FNDA:0,(anonymous_38)
FNDA:0,(anonymous_39)
FNDA:0,(anonymous_40)
FNDA:0,(anonymous_41)
FNDA:0,(anonymous_42)
FNDA:0,(anonymous_43)
FNDA:0,(anonymous_44)
FNDA:0,(anonymous_45)
FNDA:0,(anonymous_46)
FNDA:0,(anonymous_47)
FNDA:0,(anonymous_48)
FNDA:0,(anonymous_49)
FNDA:0,(anonymous_50)
FNDA:0,(anonymous_51)
FNDA:0,(anonymous_52)
FNDA:0,(anonymous_53)
DA:6,0
DA:7,0
DA:8,0
DA:9,0
DA:12,0
DA:13,0
DA:14,0
DA:16,0
DA:18,0
DA:21,0
DA:22,0
DA:25,0
DA:28,0
DA:29,0
DA:30,0
DA:31,0
DA:32,0
DA:33,0
DA:34,0
DA:35,0
DA:36,0
DA:39,0
DA:40,0
DA:44,0
DA:45,0
DA:48,0
DA:49,0
DA:52,0
DA:53,0
DA:56,0
DA:58,0
DA:61,0
DA:62,0
DA:65,0
DA:66,0
DA:70,0
DA:71,0
DA:72,0
DA:73,0
DA:76,0
DA:77,0
DA:80,0
DA:81,0
DA:84,0
DA:85,0
DA:89,0
DA:90,0
DA:93,0
DA:94,0
DA:97,0
DA:98,0
DA:102,0
DA:103,0
DA:106,0
DA:107,0
DA:110,0
DA:111,0
DA:114,0
DA:115,0
DA:119,0
DA:120,0
DA:123,0
DA:124,0
DA:127,0
DA:128,0
DA:131,0
DA:132,0
DA:135,0
DA:136,0
DA:139,0
DA:140,0
DA:143,0
DA:144,0
DA:148,0
DA:149,0
DA:152,0
DA:153,0
DA:156,0
DA:157,0
DA:160,0
DA:161,0
DA:164,0
DA:165,0
DA:168,0
DA:169,0
DA:172,0
DA:173,0
DA:177,0
DA:178,0
DA:181,0
DA:182,0
DA:185,0
DA:186,0
DA:189,0
DA:190,0
DA:194,0
DA:195,0
DA:198,0
DA:199,0
DA:202,0
DA:203,0
DA:206,0
DA:207,0
DA:211,0
DA:212,0
DA:215,0
DA:216,0
DA:219,0
DA:220,0
DA:223,0
DA:224,0
DA:228,0
DA:231,0
DA:232,0
DA:235,0
DA:236,0
DA:237,0
DA:240,0
DA:241,0
DA:245,0
DA:246,0
DA:249,0
DA:250,0
DA:254,0
DA:255,0
DA:258,0
DA:259,0
DA:262,0
DA:263,0
DA:266,0
LF:130
LH:0
BRDA:14,0,0,0
BRDA:14,0,1,0
BRDA:71,1,0,0
BRDA:71,1,1,0
BRDA:72,2,0,0
BRDA:72,2,1,0
BRF:6
BRH:0
end_of_record
TN:
SF:src/routes/profile.js
FN:18,(anonymous_0)
FN:34,(anonymous_1)
FN:42,(anonymous_2)
FN:51,(anonymous_3)
FN:61,(anonymous_4)
FN:69,(anonymous_5)
FN:79,(anonymous_6)
FN:87,(anonymous_7)
FN:95,(anonymous_8)
FN:100,(anonymous_9)
FNF:10
FNH:0
FNDA:0,(anonymous_0)
FNDA:0,(anonymous_1)
FNDA:0,(anonymous_2)
FNDA:0,(anonymous_3)
FNDA:0,(anonymous_4)
FNDA:0,(anonymous_5)
FNDA:0,(anonymous_6)
FNDA:0,(anonymous_7)
FNDA:0,(anonymous_8)
FNDA:0,(anonymous_9)
DA:6,0
DA:7,0
DA:8,0
DA:9,0
DA:10,0
DA:11,0
DA:14,0
DA:15,0
DA:19,0
DA:20,0
DA:21,0
DA:23,0
DA:34,0
DA:35,0
DA:42,0
DA:43,0
DA:44,0
DA:51,0
DA:52,0
DA:61,0
DA:62,0
DA:69,0
DA:70,0
DA:79,0
DA:80,0
DA:87,0
DA:88,0
DA:95,0
DA:96,0
DA:100,0
DA:101,0
DA:102,0
DA:103,0
DA:105,0
DA:106,0
DA:107,0
DA:109,0
DA:112,0
LF:38
LH:0
BRDA:20,0,0,0
BRDA:20,0,1,0
BRDA:101,1,0,0
BRDA:101,1,1,0
BRDA:105,2,0,0
BRDA:105,2,1,0
BRF:6
BRH:0
end_of_record
TN:
SF:src/routes/webhooks.js
FN:12,(anonymous_0)
FN:37,(anonymous_1)
FN:56,(anonymous_2)
FNF:3
FNH:0
FNDA:0,(anonymous_0)
FNDA:0,(anonymous_1)
FNDA:0,(anonymous_2)
DA:6,0
DA:7,0
DA:12,0
DA:13,0
DA:28,0
DA:30,0
DA:37,0
DA:38,0
DA:47,0
DA:49,0
DA:56,0
DA:57,0
DA:59,0
DA:61,0
DA:65,0
LF:15
LH:0
BRF:0
BRH:0
end_of_record
TN:
SF:src/services/AutomationService.js
FN:12,(anonymous_0)
FN:42,(anonymous_1)
FN:56,(anonymous_2)
FN:71,(anonymous_3)
FN:85,(anonymous_4)
FN:103,(anonymous_5)
FN:121,(anonymous_6)
FN:141,(anonymous_7)
FNF:8
FNH:0
FNDA:0,(anonymous_0)
FNDA:0,(anonymous_1)
FNDA:0,(anonymous_2)
FNDA:0,(anonymous_3)
FNDA:0,(anonymous_4)
FNDA:0,(anonymous_5)
FNDA:0,(anonymous_6)
FNDA:0,(anonymous_7)
DA:6,1
DA:13,0
DA:14,0
DA:17,0
DA:20,0
DA:23,0
DA:26,0
DA:29,0
DA:31,0
DA:32,0
DA:34,0
DA:35,0
DA:43,0
DA:46,0
DA:47,0
DA:49,0
DA:57,0
DA:61,0
DA:62,0
DA:64,0
DA:72,0
DA:75,0
DA:76,0
DA:78,0
DA:86,0
DA:93,0
DA:94,0
DA:96,0
DA:104,0
DA:111,0
DA:112,0
DA:114,0
DA:122,0
DA:123,0
DA:131,0
DA:133,0
DA:134,0
DA:142,0
DA:143,0
DA:145,0
DA:149,0
DA:154,0
DA:159,0
DA:166,0
DA:168,0
DA:169,0
DA:174,1
LF:47
LH:2
BRDA:145,0,0,0
BRDA:145,0,1,0
BRDA:145,0,2,0
BRDA:145,0,3,0
BRF:4
BRH:0
end_of_record
TN:
SF:src/services/AvatarService.js
FN:24,(anonymous_0)
FN:49,(anonymous_1)
FN:53,(anonymous_2)
FN:78,(anonymous_3)
FN:79,(anonymous_4)
FN:83,(anonymous_5)
FN:98,(anonymous_6)
FN:112,(anonymous_7)
FN:116,(anonymous_8)
FN:136,(anonymous_9)
FN:139,(anonymous_10)
FN:149,(anonymous_11)
FN:171,(anonymous_12)
FN:172,(anonymous_13)
FN:184,(anonymous_14)
FNF:15
FNH:0
FNDA:0,(anonymous_0)
FNDA:0,(anonymous_1)
FNDA:0,(anonymous_2)
FNDA:0,(anonymous_3)
FNDA:0,(anonymous_4)
FNDA:0,(anonymous_5)
FNDA:0,(anonymous_6)
FNDA:0,(anonymous_7)
FNDA:0,(anonymous_8)
FNDA:0,(anonymous_9)
FNDA:0,(anonymous_10)
FNDA:0,(anonymous_11)
FNDA:0,(anonymous_12)
FNDA:0,(anonymous_13)
FNDA:0,(anonymous_14)
DA:6,0
DA:7,0
DA:8,0
DA:9,0
DA:11,0
DA:12,0
DA:13,0
DA:16,0
DA:17,0
DA:25,0
DA:27,0
DA:28,0
DA:32,0
DA:33,0
DA:37,0
DA:38,0
DA:39,0
DA:40,0
DA:41,0
DA:42,0
DA:45,0
DA:46,0
DA:49,0
DA:50,0
DA:54,0
DA:55,0
DA:56,0
DA:58,0
DA:59,0
DA:70,0
DA:71,0
DA:79,0
DA:80,0
DA:84,0
DA:85,0
DA:86,0
DA:88,0
DA:99,0
DA:101,0
DA:102,0
DA:104,0
DA:105,0
DA:106,0
DA:107,0
DA:112,0
DA:113,0
DA:117,0
DA:118,0
DA:119,0
DA:121,0
DA:122,0
DA:128,0
DA:129,0
DA:137,0
DA:139,0
DA:140,0
DA:150,0
DA:151,0
DA:152,0
DA:154,0
DA:155,0
DA:172,0
DA:173,0
DA:185,0
DA:186,0
DA:187,0
DA:189,0
DA:190,0
DA:191,0
DA:193,0
DA:196,0
DA:204,0
LF:72
LH:0
BRDA:16,0,0,0
BRDA:16,0,1,0
BRDA:27,1,0,0
BRDA:27,1,1,0
BRDA:32,2,0,0
BRDA:32,2,1,0
BRDA:39,3,0,0
BRDA:39,3,1,0
BRDA:54,4,0,0
BRDA:54,4,1,0
BRDA:84,5,0,0
BRDA:84,5,1,0
BRDA:88,6,0,0
BRDA:88,6,1,0
BRDA:102,7,0,0
BRDA:102,7,1,0
BRDA:105,8,0,0
BRDA:105,8,1,0
BRDA:117,9,0,0
BRDA:117,9,1,0
BRDA:148,10,0,0
BRDA:148,10,1,0
BRDA:150,11,0,0
BRDA:150,11,1,0
BRDA:185,12,0,0
BRDA:185,12,1,0
BRDA:189,13,0,0
BRDA:189,13,1,0
BRDA:189,14,0,0
BRDA:189,14,1,0
BRDA:196,15,0,0
BRDA:196,15,1,0
BRF:32
BRH:0
end_of_record
TN:
SF:src/services/BookingService.js
FN:12,(anonymous_0)
FN:71,(anonymous_1)
FN:74,(anonymous_2)
FN:87,(anonymous_3)
FN:99,(anonymous_4)
FN:114,(anonymous_5)
FN:124,(anonymous_6)
FN:139,(anonymous_7)
FN:153,(anonymous_8)
FN:157,(anonymous_9)
FN:188,(anonymous_10)
FN:203,(anonymous_11)
FN:232,(anonymous_12)
FNF:13
FNH:4
FNDA:0,(anonymous_0)
FNDA:0,(anonymous_1)
FNDA:0,(anonymous_2)
FNDA:2,(anonymous_3)
FNDA:1,(anonymous_4)
FNDA:0,(anonymous_5)
FNDA:2,(anonymous_6)
FNDA:0,(anonymous_7)
FNDA:1,(anonymous_8)
FNDA:0,(anonymous_9)
FNDA:0,(anonymous_10)
FNDA:0,(anonymous_11)
FNDA:0,(anonymous_12)
DA:6,1
DA:13,0
DA:15,0
DA:18,0
DA:23,0
DA:24,0
DA:28,0
DA:31,0
DA:45,0
DA:46,0
DA:65,0
DA:67,0
DA:72,0
DA:73,0
DA:74,0
DA:88,2
DA:100,1
DA:101,1
DA:102,1
DA:103,0
DA:105,1
DA:106,0
DA:108,1
DA:117,0
DA:118,0
DA:125,2
DA:126,1
DA:127,0
DA:128,0
DA:131,0
DA:132,0
DA:147,0
DA:154,1
DA:157,1
DA:158,0
DA:162,0
DA:163,0
DA:167,0
DA:168,0
DA:169,0
DA:170,0
DA:174,0
DA:175,0
DA:176,0
DA:177,0
DA:178,0
DA:179,0
DA:182,0
DA:189,0
DA:194,0
DA:196,0
DA:204,0
DA:223,0
DA:225,0
DA:233,0
DA:239,0
DA:241,0
DA:246,1
LF:58
LH:12
BRDA:23,0,0,0
BRDA:23,0,1,0
BRDA:37,1,0,0
BRDA:37,1,1,0
BRDA:38,2,0,0
BRDA:38,2,1,0
BRDA:39,3,0,0
BRDA:39,3,1,0
BRDA:52,4,0,0
BRDA:52,4,1,0
BRDA:55,5,0,0
BRDA:55,5,1,0
BRDA:56,6,0,0
BRDA:56,6,1,0
BRDA:57,7,0,0
BRDA:57,7,1,0
BRDA:76,8,0,0
BRDA:76,8,1,0
BRDA:77,9,0,0
BRDA:77,9,1,0
BRDA:78,10,0,0
BRDA:78,10,1,0
BRDA:79,11,0,0
BRDA:79,11,1,0
BRDA:80,12,0,0
BRDA:80,12,1,0
BRDA:99,13,0,0
BRDA:99,14,0,1
BRDA:100,15,0,1
BRDA:100,15,1,1
BRDA:101,16,0,0
BRDA:101,16,1,1
BRDA:102,17,0,0
BRDA:102,17,1,1
BRDA:103,18,0,0
BRDA:103,18,1,0
BRDA:105,19,0,0
BRDA:105,19,1,1
BRDA:106,20,0,0
BRDA:106,20,1,0
BRDA:117,21,0,0
BRDA:117,21,1,0
BRDA:125,22,0,1
BRDA:125,22,1,1
BRDA:126,23,0,1
BRDA:126,23,1,0
BRDA:127,24,0,0
BRDA:127,24,1,0
BRDA:127,25,0,0
BRDA:127,25,1,0
BRDA:128,26,0,0
BRDA:128,26,1,0
BRDA:131,27,0,0
BRDA:131,27,1,0
BRDA:162,28,0,0
BRDA:162,28,1,0
BRDA:167,29,0,0
BRDA:167,29,1,0
BRDA:169,30,0,0
BRDA:169,30,1,0
BRDA:174,31,0,0
BRDA:174,31,1,0
BRDA:176,32,0,0
BRDA:176,32,1,0
BRDA:178,33,0,0
BRDA:178,33,1,0
BRF:66
BRH:9
end_of_record
TN:
SF:src/services/ChatService.js
FN:11,(anonymous_0)
FN:16,(anonymous_1)
FN:17,(anonymous_2)
FN:21,(anonymous_3)
FN:39,(anonymous_4)
FN:64,(anonymous_5)
FN:100,(anonymous_6)
FN:105,(anonymous_7)
FNF:8
FNH:0
FNDA:0,(anonymous_0)
FNDA:0,(anonymous_1)
FNDA:0,(anonymous_2)
FNDA:0,(anonymous_3)
FNDA:0,(anonymous_4)
FNDA:0,(anonymous_5)
FNDA:0,(anonymous_6)
FNDA:0,(anonymous_7)
DA:6,1
DA:7,1
DA:8,1
DA:12,0
DA:13,0
DA:17,0
DA:18,0
DA:21,0
DA:22,0
DA:23,0
DA:25,0
DA:26,0
DA:29,0
DA:30,0
DA:36,0
DA:39,0
DA:47,0
DA:52,0
DA:56,0
DA:64,0
DA:65,0
DA:66,0
DA:68,0
DA:70,0
DA:76,0
DA:81,0
DA:84,0
DA:92,0
DA:94,0
DA:95,0
DA:100,0
DA:101,0
DA:105,0
DA:106,0
DA:107,0
DA:108,0
DA:110,0
DA:119,1
LF:38
LH:4
BRDA:59,0,0,0
BRDA:59,0,1,0
BRDA:112,1,0,0
BRDA:112,1,1,0
BRF:4
BRH:0
end_of_record
TN:
SF:src/services/CompanyService.js
FN:13,(anonymous_0)
FN:14,(anonymous_1)
FN:15,(anonymous_2)
FN:29,(anonymous_3)
FN:54,(anonymous_4)
FN:106,(anonymous_5)
FN:121,(anonymous_6)
FN:122,(anonymous_7)
FN:133,(anonymous_8)
FN:148,(anonymous_9)
FN:149,(anonymous_10)
FN:167,(anonymous_11)
FNF:12
FNH:2
FNDA:0,(anonymous_0)
FNDA:0,(anonymous_1)
FNDA:0,(anonymous_2)
FNDA:1,(anonymous_3)
FNDA:1,(anonymous_4)
FNDA:0,(anonymous_5)
FNDA:0,(anonymous_6)
FNDA:0,(anonymous_7)
FNDA:0,(anonymous_8)
FNDA:0,(anonymous_9)
FNDA:0,(anonymous_10)
FNDA:0,(anonymous_11)
DA:6,1
DA:7,1
DA:14,0
DA:15,0
DA:16,0
DA:17,0
DA:18,0
DA:20,0
DA:52,1
DA:54,1
DA:55,1
DA:82,1
DA:106,1
DA:107,0
DA:108,0
DA:109,0
DA:111,0
DA:112,0
DA:122,0
DA:123,0
DA:134,0
DA:135,0
DA:136,0
DA:138,0
DA:149,0
DA:150,0
DA:168,0
DA:169,0
DA:170,0
DA:172,0
DA:180,1
LF:31
LH:8
BRDA:16,0,0,0
BRDA:16,0,1,0
BRDA:20,1,0,0
BRDA:20,1,1,0
BRDA:107,2,0,0
BRDA:107,2,1,0
BRDA:134,3,0,0
BRDA:134,3,1,0
BRDA:138,4,0,0
BRDA:138,4,1,0
BRDA:168,5,0,0
BRDA:168,5,1,0
BRDA:172,6,0,0
BRDA:172,6,1,0
BRF:14
BRH:0
end_of_record
TN:
SF:src/services/EmailService.js
FN:9,(anonymous_0)
FN:23,(anonymous_1)
FN:104,(anonymous_2)
FN:160,(anonymous_3)
FN:212,(anonymous_4)
FNF:5
FNH:2
FNDA:1,(anonymous_0)
FNDA:1,(anonymous_1)
FNDA:0,(anonymous_2)
FNDA:0,(anonymous_3)
FNDA:0,(anonymous_4)
DA:6,1
DA:11,1
DA:24,1
DA:25,1
DA:92,0
DA:93,0
DA:94,0
DA:96,1
DA:97,1
DA:105,0
DA:106,0
DA:148,0
DA:149,0
DA:150,0
DA:152,0
DA:153,0
DA:161,0
DA:162,0
DA:200,0
DA:201,0
DA:202,0
DA:204,0
DA:205,0
DA:213,0
DA:214,0
DA:251,0
DA:252,0
DA:253,0
DA:255,0
DA:256,0
DA:261,1
LF:31
LH:7
BRDA:14,0,0,1
BRDA:14,0,1,1
BRDA:15,1,0,1
BRDA:15,1,1,1
BRDA:26,2,0,1
BRDA:26,2,1,1
BRDA:79,3,0,0
BRDA:79,3,1,0
BRDA:107,4,0,0
BRDA:107,4,1,0
BRDA:163,5,0,0
BRDA:163,5,1,0
BRDA:186,6,0,0
BRDA:186,6,1,0
BRDA:215,7,0,0
BRDA:215,7,1,0
BRDA:241,8,0,0
BRDA:241,8,1,0
BRF:18
BRH:6
end_of_record
TN:
SF:src/services/MonitoringService.js
FN:18,(anonymous_0)
FN:27,(anonymous_1)
FN:67,(anonymous_2)
FN:73,(anonymous_3)
FN:92,(anonymous_4)
FN:111,(anonymous_5)
FN:130,(anonymous_6)
FN:156,(anonymous_7)
FN:174,(anonymous_8)
FN:187,(anonymous_9)
FN:200,(anonymous_10)
FN:213,(anonymous_11)
FN:226,(anonymous_12)
FN:237,(anonymous_13)
FNF:14
FNH:2
FNDA:1,(anonymous_0)
FNDA:0,(anonymous_1)
FNDA:0,(anonymous_2)
FNDA:0,(anonymous_3)
FNDA:0,(anonymous_4)
FNDA:3,(anonymous_5)
FNDA:0,(anonymous_6)
FNDA:0,(anonymous_7)
FNDA:0,(anonymous_8)
FNDA:0,(anonymous_9)
FNDA:0,(anonymous_10)
FNDA:0,(anonymous_11)
FNDA:0,(anonymous_12)
FNDA:0,(anonymous_13)
DA:13,1
DA:14,1
DA:15,1
DA:19,1
DA:20,1
DA:21,1
DA:28,0
DA:30,0
DA:31,0
DA:45,0
DA:46,0
DA:48,0
DA:52,0
DA:53,0
DA:56,0
DA:57,0
DA:59,0
DA:60,0
DA:68,0
DA:69,0
DA:73,0
DA:74,0
DA:76,0
DA:77,0
DA:79,0
DA:93,0
DA:94,0
DA:96,0
DA:102,0
DA:104,0
DA:112,3
DA:113,3
DA:114,0
DA:117,3
DA:121,3
DA:123,3
DA:131,0
DA:133,0
DA:134,0
DA:139,0
DA:140,0
DA:141,0
DA:142,0
DA:144,0
DA:145,0
DA:146,0
DA:149,0
DA:157,0
DA:158,0
DA:160,0
DA:167,0
DA:175,0
DA:181,0
DA:188,0
DA:194,0
DA:201,0
DA:207,0
DA:214,0
DA:220,0
DA:227,0
DA:238,0
DA:239,0
DA:240,0
DA:241,0
DA:244,0
DA:246,0
DA:251,1
DA:253,1
LF:68
LH:13
BRDA:30,0,0,0
BRDA:30,0,1,0
BRDA:33,1,0,0
BRDA:33,1,1,0
BRDA:34,2,0,0
BRDA:34,2,1,0
BRDA:52,3,0,0
BRDA:52,3,1,0
BRDA:68,4,0,0
BRDA:68,4,1,0
BRDA:76,5,0,0
BRDA:76,5,1,0
BRDA:77,6,0,0
BRDA:77,6,1,0
BRDA:82,7,0,0
BRDA:82,7,1,0
BRDA:83,8,0,0
BRDA:83,8,1,0
BRDA:92,9,0,0
BRDA:94,10,0,0
BRDA:94,10,1,0
BRDA:111,11,0,3
BRDA:113,12,0,0
BRDA:113,12,1,3
BRDA:130,13,0,0
BRDA:133,14,0,0
BRDA:133,14,1,0
BRDA:156,15,0,0
BRDA:156,16,0,0
BRDA:158,17,0,0
BRDA:158,17,1,0
BRDA:174,18,0,0
BRDA:187,19,0,0
BRDA:200,20,0,0
BRDA:213,21,0,0
BRDA:228,22,0,0
BRDA:228,22,1,0
BRDA:229,23,0,0
BRDA:229,23,1,0
BRDA:239,24,0,0
BRDA:239,24,1,0
BRF:41
BRH:2
end_of_record
TN:
SF:src/services/PricingService.js
FN:10,(anonymous_0)
FN:14,(anonymous_1)
FN:46,(anonymous_2)
FN:53,(anonymous_3)
FN:66,(anonymous_4)
FN:79,(anonymous_5)
FN:91,(anonymous_6)
FN:115,(anonymous_7)
FN:122,(anonymous_8)
FNF:9
FNH:8
FNDA:4,(anonymous_0)
FNDA:4,(anonymous_1)
FNDA:4,(anonymous_2)
FNDA:9,(anonymous_3)
FNDA:7,(anonymous_4)
FNDA:6,(anonymous_5)
FNDA:4,(anonymous_6)
FNDA:6,(anonymous_7)
FNDA:0,(anonymous_8)
DA:11,4
DA:14,4
DA:15,4
DA:19,4
DA:20,3
DA:24,4
DA:27,4
DA:30,4
DA:33,4
DA:34,4
DA:37,4
DA:38,4
DA:40,4
DA:47,4
DA:54,9
DA:60,9
DA:67,7
DA:73,7
DA:80,6
DA:85,6
DA:92,4
DA:95,4
DA:96,0
DA:100,4
DA:101,0
DA:105,4
DA:106,0
DA:109,4
DA:116,6
DA:123,0
DA:133,1
LF:31
LH:27
BRDA:19,0,0,3
BRDA:19,0,1,1
BRDA:60,1,0,9
BRDA:60,1,1,1
BRDA:73,2,0,7
BRDA:73,2,1,0
BRDA:85,3,0,6
BRDA:85,3,1,6
BRDA:95,4,0,0
BRDA:95,4,1,4
BRDA:100,5,0,0
BRDA:100,5,1,4
BRDA:105,6,0,0
BRDA:105,6,1,4
BRF:14
BRH:10
end_of_record
TN:
SF:src/services/RedisService.js
FN:18,(anonymous_0)
FN:27,(anonymous_1)
FN:36,(anonymous_2)
FN:48,(anonymous_3)
FN:53,(anonymous_4)
FN:58,(anonymous_5)
FN:77,(anonymous_6)
FN:92,(anonymous_7)
FN:110,(anonymous_8)
FN:132,(anonymous_9)
FN:148,(anonymous_10)
FN:167,(anonymous_11)
FN:183,(anonymous_12)
FN:205,(anonymous_13)
FN:219,(anonymous_14)
FN:237,(anonymous_15)
FN:250,(anonymous_16)
FN:263,(anonymous_17)
FN:276,(anonymous_18)
FN:295,(anonymous_19)
FNF:20
FNH:4
FNDA:1,(anonymous_0)
FNDA:0,(anonymous_1)
FNDA:0,(anonymous_2)
FNDA:0,(anonymous_3)
FNDA:0,(anonymous_4)
FNDA:0,(anonymous_5)
FNDA:0,(anonymous_6)
FNDA:2,(anonymous_7)
FNDA:2,(anonymous_8)
FNDA:1,(anonymous_9)
FNDA:0,(anonymous_10)
FNDA:0,(anonymous_11)
FNDA:0,(anonymous_12)
FNDA:0,(anonymous_13)
FNDA:0,(anonymous_14)
FNDA:0,(anonymous_15)
FNDA:0,(anonymous_16)
FNDA:0,(anonymous_17)
FNDA:0,(anonymous_18)
FNDA:0,(anonymous_19)
DA:14,1
DA:15,1
DA:19,1
DA:20,1
DA:21,1
DA:28,0
DA:29,0
DA:31,0
DA:33,0
DA:37,0
DA:38,0
DA:39,0
DA:41,0
DA:48,0
DA:49,0
DA:50,0
DA:53,0
DA:54,0
DA:55,0
DA:58,0
DA:59,0
DA:62,0
DA:65,0
DA:66,0
DA:69,0
DA:70,0
DA:78,0
DA:79,0
DA:80,0
DA:81,0
DA:82,0
DA:85,0
DA:93,2
DA:94,2
DA:96,0
DA:97,0
DA:99,0
DA:100,0
DA:102,2
DA:103,2
DA:111,2
DA:112,2
DA:114,0
DA:116,0
DA:117,0
DA:118,0
DA:121,0
DA:122,0
DA:124,2
DA:125,2
DA:133,1
DA:134,1
DA:136,0
DA:137,0
DA:138,0
DA:140,1
DA:141,1
DA:149,0
DA:150,0
DA:152,0
DA:153,0
DA:154,0
DA:155,0
DA:157,0
DA:159,0
DA:160,0
DA:168,0
DA:169,0
DA:171,0
DA:172,0
DA:173,0
DA:175,0
DA:176,0
DA:184,0
DA:185,0
DA:187,0
DA:188,0
DA:190,0
DA:191,0
DA:194,0
DA:195,0
DA:197,0
DA:198,0
DA:206,0
DA:207,0
DA:209,0
DA:211,0
DA:212,0
DA:220,0
DA:221,0
DA:223,0
DA:224,0
DA:229,0
DA:230,0
DA:238,0
DA:239,0
DA:240,0
DA:242,0
DA:243,0
DA:251,0
DA:252,0
DA:253,0
DA:255,0
DA:256,0
DA:264,0
DA:265,0
DA:266,0
DA:268,0
DA:269,0
DA:277,0
DA:278,0
DA:279,0
DA:281,0
DA:282,0
DA:285,0
DA:287,0
DA:288,0
DA:296,0
DA:297,0
DA:299,0
DA:300,0
DA:302,0
DA:308,1
DA:310,1
LF:124
LH:19
BRDA:29,0,0,0
BRDA:29,0,1,0
BRDA:31,1,0,0
BRDA:31,1,1,0
BRDA:37,2,0,0
BRDA:37,2,1,0
BRDA:79,3,0,0
BRDA:79,3,1,0
BRDA:92,4,0,1
BRDA:94,5,0,2
BRDA:94,5,1,0
BRDA:112,6,0,2
BRDA:112,6,1,0
BRDA:116,7,0,0
BRDA:116,7,1,0
BRDA:134,8,0,1
BRDA:134,8,1,0
BRDA:150,9,0,0
BRDA:150,9,1,0
BRDA:153,10,0,0
BRDA:153,10,1,0
BRDA:169,11,0,0
BRDA:169,11,1,0
BRDA:183,12,0,0
BRDA:183,13,0,0
BRDA:185,14,0,0
BRDA:185,14,1,0
BRDA:190,15,0,0
BRDA:190,15,1,0
BRDA:205,16,0,0
BRDA:207,17,0,0
BRDA:207,17,1,0
BRDA:221,18,0,0
BRDA:221,18,1,0
BRDA:237,19,0,0
BRDA:276,20,0,0
BRDA:276,21,0,0
BRDA:281,22,0,0
BRDA:281,22,1,0
BRDA:297,23,0,0
BRDA:297,23,1,0
BRF:41
BRH:4
end_of_record
TN:
SF:src/services/RoutingService.js
FN:10,(anonymous_0)
FN:23,(anonymous_1)
FN:29,(anonymous_2)
FN:38,(anonymous_3)
FN:55,(anonymous_4)
FN:59,(anonymous_5)
FN:80,(anonymous_6)
FN:90,(anonymous_7)
FNF:8
FNH:4
FNDA:3,(anonymous_0)
FNDA:3,(anonymous_1)
FNDA:2,(anonymous_2)
FNDA:2,(anonymous_3)
FNDA:0,(anonymous_4)
FNDA:0,(anonymous_5)
FNDA:0,(anonymous_6)
FNDA:0,(anonymous_7)
DA:11,3
DA:13,3
DA:14,3
DA:16,0
DA:29,3
DA:31,2
DA:39,2
DA:46,2
DA:48,0
DA:56,0
DA:57,0
DA:59,0
DA:60,0
DA:61,0
DA:63,0
DA:74,0
DA:81,0
DA:82,0
DA:83,0
DA:84,0
DA:91,0
DA:97,0
DA:99,0
DA:104,1
LF:24
LH:8
BRDA:80,0,0,0
BRF:1
BRH:0
end_of_record
TN:
SF:src/services/SMSService.js
FN:9,(anonymous_0)
FN:20,(anonymous_1)
FN:39,(anonymous_2)
FN:58,(anonymous_3)
FN:77,(anonymous_4)
FN:96,(anonymous_5)
FNF:6
FNH:1
FNDA:1,(anonymous_0)
FNDA:0,(anonymous_1)
FNDA:0,(anonymous_2)
FNDA:0,(anonymous_3)
FNDA:0,(anonymous_4)
FNDA:0,(anonymous_5)
DA:6,1
DA:10,1
DA:11,1
DA:12,1
DA:14,1
DA:21,0
DA:22,0
DA:28,0
DA:29,0
DA:31,0
DA:32,0
DA:40,0
DA:41,0
DA:47,0
DA:48,0
DA:50,0
DA:51,0
DA:59,0
DA:60,0
DA:66,0
DA:67,0
DA:69,0
DA:70,0
DA:78,0
DA:79,0
DA:85,0
DA:86,0
DA:88,0
DA:89,0
DA:97,0
DA:98,0
DA:104,0
DA:105,0
DA:107,0
DA:108,0
DA:113,1
LF:36
LH:6
BRDA:12,0,0,1
BRDA:12,0,1,1
BRF:2
BRH:2
end_of_record
TN:
SF:src/services/StripeService.js
FN:10,processPayment
FN:49,refundPayment
FN:55,constructEvent
FNF:3
FNH:0
FNDA:0,processPayment
FNDA:0,refundPayment
FNDA:0,constructEvent
DA:1,0
DA:2,0
DA:4,0
DA:5,0
DA:8,0
DA:11,0
DA:12,0
DA:13,0
DA:22,0
DA:23,0
DA:24,0
DA:35,0
DA:44,0
DA:45,0
DA:50,0
DA:51,0
DA:52,0
DA:56,0
DA:57,0
DA:60,0
LF:20
LH:0
BRDA:4,0,0,0
BRDA:4,0,1,0
BRDA:8,1,0,0
BRDA:8,1,1,0
BRDA:10,2,0,0
BRDA:11,3,0,0
BRDA:11,3,1,0
BRDA:30,4,0,0
BRDA:30,4,1,0
BRDA:40,5,0,0
BRDA:40,5,1,0
BRDA:50,6,0,0
BRDA:50,6,1,0
BRDA:56,7,0,0
BRDA:56,7,1,0
BRF:15
BRH:0
end_of_record
TN:
SF:src/utils/emailTemplates.js
FN:9,(anonymous_0)
FN:16,(anonymous_1)
FN:26,(anonymous_2)
FN:41,(anonymous_3)
FN:55,(anonymous_4)
FN:71,(anonymous_5)
FNF:6
FNH:0
FNDA:0,(anonymous_0)
FNDA:0,(anonymous_1)
FNDA:0,(anonymous_2)
FNDA:0,(anonymous_3)
FNDA:0,(anonymous_4)
FNDA:0,(anonymous_5)
DA:6,0
DA:9,0
DA:16,0
DA:26,0
DA:41,0
DA:55,0
DA:71,0
DA:81,0
LF:8
LH:0
BRF:0
BRH:0
end_of_record
TN:
SF:src/utils/health.js
FN:15,(anonymous_0)
FN:21,checkDatabase
FN:22,(anonymous_2)
FN:33,(anonymous_3)
FN:39,(anonymous_4)
FN:44,(anonymous_5)
FN:46,(anonymous_6)
FNF:7
FNH:3
FNDA:6,(anonymous_0)
FNDA:4,checkDatabase
FNDA:4,(anonymous_2)
FNDA:0,(anonymous_3)
FNDA:0,(anonymous_4)
FNDA:0,(anonymous_5)
FNDA:0,(anonymous_6)
DA:1,2
DA:2,2
DA:3,2
DA:4,2
DA:7,2
DA:15,6
DA:16,2
DA:18,1
DA:22,4
DA:23,4
DA:24,4
DA:25,4
DA:26,4
DA:27,4
DA:29,0
DA:30,0
DA:31,0
DA:33,0
DA:34,0
DA:35,0
DA:36,0
DA:39,0
DA:40,0
DA:41,0
DA:44,0
DA:45,0
DA:46,0
DA:47,0
DA:48,0
DA:49,0
DA:55,0
DA:56,0
DA:57,0
DA:62,2
LF:34
LH:15
BRDA:16,0,0,1
BRDA:16,0,1,1
BRDA:25,1,0,4
BRDA:25,1,1,0
BRDA:34,2,0,0
BRDA:34,2,1,0
BRDA:40,3,0,0
BRDA:40,3,1,0
BRDA:45,4,0,0
BRDA:45,4,1,0
BRDA:45,5,0,0
BRDA:45,5,1,0
BRDA:47,6,0,0
BRDA:47,6,1,0
BRDA:47,7,0,0
BRDA:47,7,1,0
BRF:16
BRH:3
end_of_record
TN:
SF:src/utils/logger.js
FN:4,(anonymous_0)
FN:23,(anonymous_1)
FNF:2
FNH:0
FNDA:0,(anonymous_0)
FNDA:0,(anonymous_1)
DA:1,1
DA:2,1
DA:4,1
DA:5,0
DA:8,1
DA:23,1
DA:24,0
DA:25,0
DA:27,0
DA:28,0
DA:29,0
DA:32,0
DA:33,0
DA:34,0
DA:37,0
DA:38,0
DA:41,0
DA:44,1
LF:18
LH:6
BRDA:5,0,0,0
BRDA:5,0,1,0
BRDA:9,1,0,1
BRDA:9,1,1,1
BRDA:24,2,0,0
BRDA:24,2,1,0
BRDA:27,3,0,0
BRDA:27,3,1,0
BRDA:27,4,0,0
BRDA:27,4,1,0
BRDA:32,5,0,0
BRDA:32,5,1,0
BRDA:37,6,0,0
BRDA:37,6,1,0
BRDA:37,7,0,0
BRDA:37,7,1,0
BRDA:41,8,0,0
BRDA:41,8,1,0
BRF:18
BRH:2
end_of_record
TN:
SF:src/utils/notifications.js
FN:13,(anonymous_0)
FN:20,(anonymous_1)
FN:27,(anonymous_2)
FN:36,(anonymous_3)
FN:43,(anonymous_4)
FNF:5
FNH:0
FNDA:0,(anonymous_0)
FNDA:0,(anonymous_1)
FNDA:0,(anonymous_2)
FNDA:0,(anonymous_3)
FNDA:0,(anonymous_4)
DA:6,0
DA:7,0
DA:14,0
DA:21,0
DA:28,0
DA:30,0
DA:37,0
DA:44,0
DA:48,0
LF:9
LH:0
BRF:0
BRH:0
end_of_record
TN:
SF:src/utils/priceCalculator.js
FN:12,calculateBookingPrice
FN:83,calculateLoyaltyBonus
FN:109,generatePriceSummary
FNF:3
FNH:0
FNDA:0,calculateBookingPrice
FNDA:0,calculateLoyaltyBonus
FNDA:0,generatePriceSummary
DA:13,0
DA:16,0
DA:17,0
DA:18,0
DA:21,0
DA:22,0
DA:24,0
DA:27,0
DA:30,0
DA:31,0
DA:32,0
DA:34,0
DA:38,0
DA:39,0
DA:40,0
DA:41,0
DA:43,0
DA:47,0
DA:48,0
DA:49,0
DA:50,0
DA:52,0
DA:56,0
DA:57,0
DA:60,0
DA:62,0
DA:84,0
DA:91,0
DA:92,0
DA:93,0
DA:94,0
DA:95,0
DA:96,0
DA:97,0
DA:99,0
DA:100,0
DA:103,0
DA:110,0
DA:112,0
DA:118,0
DA:119,0
DA:125,0
DA:126,0
DA:132,0
DA:133,0
DA:139,0
DA:140,0
DA:146,0
DA:152,0
DA:155,1
LF:50
LH:1
BRDA:16,0,0,0
BRDA:16,0,1,0
BRDA:17,1,0,0
BRDA:17,1,1,0
BRDA:18,2,0,0
BRDA:18,2,1,0
BRDA:21,3,0,0
BRDA:21,3,1,0
BRDA:30,4,0,0
BRDA:30,4,1,0
BRDA:38,5,0,0
BRDA:38,5,1,0
BRDA:39,6,0,0
BRDA:39,6,1,0
BRDA:47,7,0,0
BRDA:47,7,1,0
BRDA:48,8,0,0
BRDA:48,8,1,0
BRDA:56,9,0,0
BRDA:56,9,1,0
BRDA:56,10,0,0
BRDA:56,10,1,0
BRDA:85,11,0,0
BRDA:85,11,1,0
BRDA:91,12,0,0
BRDA:91,12,1,0
BRDA:91,13,0,0
BRDA:91,13,1,0
BRDA:95,14,0,0
BRDA:95,14,1,0
BRDA:118,15,0,0
BRDA:118,15,1,0
BRDA:125,16,0,0
BRDA:125,16,1,0
BRDA:132,17,0,0
BRDA:132,17,1,0
BRDA:139,18,0,0
BRDA:139,18,1,0
BRF:38
BRH:0
end_of_record
TN:
SF:src/utils/scheduler.js
FN:15,(anonymous_0)
FN:19,(anonymous_1)
FN:25,(anonymous_2)
FN:31,(anonymous_3)
FN:37,(anonymous_4)
FN:43,(anonymous_5)
FN:54,(anonymous_6)
FN:70,(anonymous_7)
FN:87,(anonymous_8)
FN:100,(anonymous_9)
FN:113,(anonymous_10)
FN:124,(anonymous_11)
FNF:12
FNH:0
FNDA:0,(anonymous_0)
FNDA:0,(anonymous_1)
FNDA:0,(anonymous_2)
FNDA:0,(anonymous_3)
FNDA:0,(anonymous_4)
FNDA:0,(anonymous_5)
FNDA:0,(anonymous_6)
FNDA:0,(anonymous_7)
FNDA:0,(anonymous_8)
FNDA:0,(anonymous_9)
FNDA:0,(anonymous_10)
FNDA:0,(anonymous_11)
DA:6,0
DA:7,0
DA:8,0
DA:9,0
DA:16,0
DA:19,0
DA:20,0
DA:21,0
DA:25,0
DA:26,0
DA:27,0
DA:31,0
DA:32,0
DA:33,0
DA:37,0
DA:38,0
DA:39,0
DA:43,0
DA:44,0
DA:45,0
DA:48,0
DA:55,0
DA:61,0
DA:63,0
DA:71,0
DA:78,0
DA:80,0
DA:88,0
DA:91,0
DA:93,0
DA:101,0
DA:104,0
DA:106,0
DA:114,0
DA:115,0
DA:116,0
DA:118,0
DA:125,0
DA:129,0
LF:39
LH:0
BRDA:118,0,0,0
BRDA:118,0,1,0
BRF:2
BRH:0
end_of_record
